2022-10-07 09:16:36.3210|0|DEBUG|Program|init main 
2022-10-07 09:16:36.4632|3|DEBUG|Microsoft.AspNetCore.Mvc.Razor.Compilation.DefaultViewCompiler|Initializing Razor view compiler with compiled view: '/Pages/Error.cshtml'. 
2022-10-07 09:16:36.4848|12|DEBUG|Microsoft.AspNetCore.Mvc.ModelBinding.ModelBinderFactory|Registered model binder providers, in the following order: Microsoft.AspNetCore.Mvc.Versioning.ApiVersionModelBinderProvider, Microsoft.AspNetCore.Mvc.ModelBinding.Binders.BinderTypeModelBinderProvider, Microsoft.AspNetCore.Mvc.ModelBinding.Binders.ServicesModelBinderProvider, Microsoft.AspNetCore.Mvc.ModelBinding.Binders.BodyModelBinderProvider, Microsoft.AspNetCore.Mvc.ModelBinding.Binders.HeaderModelBinderProvider, Microsoft.AspNetCore.Mvc.ModelBinding.Binders.FloatingPointTypeModelBinderProvider, Microsoft.AspNetCore.Mvc.ModelBinding.Binders.EnumTypeModelBinderProvider, Microsoft.AspNetCore.Mvc.ModelBinding.Binders.DateTimeModelBinderProvider, Microsoft.AspNetCore.Mvc.ModelBinding.Binders.SimpleTypeModelBinderProvider, Microsoft.AspNetCore.Mvc.ModelBinding.Binders.CancellationTokenModelBinderProvider, Microsoft.AspNetCore.Mvc.ModelBinding.Binders.ByteArrayModelBinderProvider, Microsoft.AspNetCore.Mvc.ModelBinding.Binders.FormFileModelBinderProvider, Microsoft.AspNetCore.Mvc.ModelBinding.Binders.FormCollectionModelBinderProvider, Microsoft.AspNetCore.Mvc.ModelBinding.Binders.KeyValuePairModelBinderProvider, Microsoft.AspNetCore.Mvc.ModelBinding.Binders.DictionaryModelBinderProvider, Microsoft.AspNetCore.Mvc.ModelBinding.Binders.ArrayModelBinderProvider, Microsoft.AspNetCore.Mvc.ModelBinding.Binders.CollectionModelBinderProvider, Microsoft.AspNetCore.Mvc.ModelBinding.Binders.ComplexObjectModelBinderProvider 
2022-10-07 09:16:36.4911|62|INFO|Microsoft.AspNetCore.DataProtection.KeyManagement.XmlKeyManager|User profile is available. Using '/home/bthomas/.aspnet/DataProtection-Keys' as key repository; keys will not be encrypted at rest. 
2022-10-07 09:16:36.5471|1|DEBUG|Microsoft.Extensions.Hosting.Internal.Host|Hosting starting 
2022-10-07 09:16:36.5471|37|DEBUG|Microsoft.AspNetCore.DataProtection.Repositories.FileSystemXmlRepository|Reading data from file '/home/bthomas/.aspnet/DataProtection-Keys/key-cf0c6397-c129-4f0d-baed-7cbbba02e4b2.xml'. 
2022-10-07 09:16:36.5509|37|DEBUG|Microsoft.AspNetCore.DataProtection.Repositories.FileSystemXmlRepository|Reading data from file '/home/bthomas/.aspnet/DataProtection-Keys/key-ba3159b0-7ca5-4d50-ba23-19f7d90d9aaa.xml'. 
2022-10-07 09:16:36.5509|37|DEBUG|Microsoft.AspNetCore.DataProtection.Repositories.FileSystemXmlRepository|Reading data from file '/home/bthomas/.aspnet/DataProtection-Keys/key-62c1834c-86f7-419a-abf4-c7af249ae278.xml'. 
2022-10-07 09:16:36.5509|37|DEBUG|Microsoft.AspNetCore.DataProtection.Repositories.FileSystemXmlRepository|Reading data from file '/home/bthomas/.aspnet/DataProtection-Keys/key-04b24c34-adeb-46fb-8794-a461c7c2c36d.xml'. 
2022-10-07 09:16:36.5509|37|DEBUG|Microsoft.AspNetCore.DataProtection.Repositories.FileSystemXmlRepository|Reading data from file '/home/bthomas/.aspnet/DataProtection-Keys/key-e9d0ea64-fe22-4a99-80bf-f8d745526a7d.xml'. 
2022-10-07 09:16:36.5509|37|DEBUG|Microsoft.AspNetCore.DataProtection.Repositories.FileSystemXmlRepository|Reading data from file '/home/bthomas/.aspnet/DataProtection-Keys/key-952f204c-ebf6-4528-a097-d33ece63c52e.xml'. 
2022-10-07 09:16:36.5509|37|DEBUG|Microsoft.AspNetCore.DataProtection.Repositories.FileSystemXmlRepository|Reading data from file '/home/bthomas/.aspnet/DataProtection-Keys/key-4695af4c-6350-4172-b2a3-5928763ff7cb.xml'. 
2022-10-07 09:16:36.5509|37|DEBUG|Microsoft.AspNetCore.DataProtection.Repositories.FileSystemXmlRepository|Reading data from file '/home/bthomas/.aspnet/DataProtection-Keys/key-af4fca88-cc4d-41ac-8af9-7fb8b9d679ab.xml'. 
2022-10-07 09:16:36.5509|37|DEBUG|Microsoft.AspNetCore.DataProtection.Repositories.FileSystemXmlRepository|Reading data from file '/home/bthomas/.aspnet/DataProtection-Keys/key-bfe6dcf0-0f89-471c-9ad2-bc56b2504eb6.xml'. 
2022-10-07 09:16:36.5509|18|DEBUG|Microsoft.AspNetCore.DataProtection.KeyManagement.XmlKeyManager|Found key {cf0c6397-c129-4f0d-baed-7cbbba02e4b2}. 
2022-10-07 09:16:36.5561|18|DEBUG|Microsoft.AspNetCore.DataProtection.KeyManagement.XmlKeyManager|Found key {ba3159b0-7ca5-4d50-ba23-19f7d90d9aaa}. 
2022-10-07 09:16:36.5561|18|DEBUG|Microsoft.AspNetCore.DataProtection.KeyManagement.XmlKeyManager|Found key {62c1834c-86f7-419a-abf4-c7af249ae278}. 
2022-10-07 09:16:36.5561|18|DEBUG|Microsoft.AspNetCore.DataProtection.KeyManagement.XmlKeyManager|Found key {04b24c34-adeb-46fb-8794-a461c7c2c36d}. 
2022-10-07 09:16:36.5561|18|DEBUG|Microsoft.AspNetCore.DataProtection.KeyManagement.XmlKeyManager|Found key {e9d0ea64-fe22-4a99-80bf-f8d745526a7d}. 
2022-10-07 09:16:36.5561|18|DEBUG|Microsoft.AspNetCore.DataProtection.KeyManagement.XmlKeyManager|Found key {952f204c-ebf6-4528-a097-d33ece63c52e}. 
2022-10-07 09:16:36.5561|18|DEBUG|Microsoft.AspNetCore.DataProtection.KeyManagement.XmlKeyManager|Found key {4695af4c-6350-4172-b2a3-5928763ff7cb}. 
2022-10-07 09:16:36.5561|18|DEBUG|Microsoft.AspNetCore.DataProtection.KeyManagement.XmlKeyManager|Found key {af4fca88-cc4d-41ac-8af9-7fb8b9d679ab}. 
2022-10-07 09:16:36.5561|18|DEBUG|Microsoft.AspNetCore.DataProtection.KeyManagement.XmlKeyManager|Found key {bfe6dcf0-0f89-471c-9ad2-bc56b2504eb6}. 
2022-10-07 09:16:36.5604|13|DEBUG|Microsoft.AspNetCore.DataProtection.KeyManagement.DefaultKeyResolver|Considering key {af4fca88-cc4d-41ac-8af9-7fb8b9d679ab} with expiration date 2022-10-07 21:41:56Z as default key. 
2022-10-07 09:16:36.5604|0|DEBUG|Microsoft.AspNetCore.DataProtection.TypeForwardingActivator|Forwarded activator type request from Microsoft.AspNetCore.DataProtection.AuthenticatedEncryption.ConfigurationModel.AuthenticatedEncryptorDescriptorDeserializer, Microsoft.AspNetCore.DataProtection, Version=6.0.0.0, Culture=neutral, PublicKeyToken=adb9793829ddae60 to Microsoft.AspNetCore.DataProtection.AuthenticatedEncryption.ConfigurationModel.AuthenticatedEncryptorDescriptorDeserializer, Microsoft.AspNetCore.DataProtection, Culture=neutral, PublicKeyToken=adb9793829ddae60 
2022-10-07 09:16:36.5633|11|DEBUG|Microsoft.AspNetCore.DataProtection.AuthenticatedEncryption.ManagedAuthenticatedEncryptorFactory|Using managed symmetric algorithm 'System.Security.Cryptography.Aes'. 
2022-10-07 09:16:36.5633|10|DEBUG|Microsoft.AspNetCore.DataProtection.AuthenticatedEncryption.ManagedAuthenticatedEncryptorFactory|Using managed keyed hash algorithm 'System.Security.Cryptography.HMACSHA256'. 
2022-10-07 09:16:36.5685|2|DEBUG|Microsoft.AspNetCore.DataProtection.KeyManagement.KeyRingProvider|Using key {af4fca88-cc4d-41ac-8af9-7fb8b9d679ab} as the default key. 
2022-10-07 09:16:36.5685|65|DEBUG|Microsoft.AspNetCore.DataProtection.Internal.DataProtectionHostedService|Key ring with default key {af4fca88-cc4d-41ac-8af9-7fb8b9d679ab} was loaded during application startup. 
2022-10-07 09:16:36.6196|0|DEBUG|Microsoft.AspNetCore.Server.Kestrel.Core.KestrelServer|Using development certificate: CN=localhost (Thumbprint: 4C10E7CE8CE935963A0D9F602B88FCAA41ADFE10) 
2022-10-07 09:16:36.6682|14|INFO|Microsoft.Hosting.Lifetime|Now listening on: https://localhost:7127 
2022-10-07 09:16:36.6682|14|INFO|Microsoft.Hosting.Lifetime|Now listening on: http://localhost:5246 
2022-10-07 09:16:36.6682|13|DEBUG|Microsoft.AspNetCore.Hosting.Diagnostics|Loaded hosting startup assembly ReaAccountingSys.Server 
2022-10-07 09:16:36.6682|13|DEBUG|Microsoft.AspNetCore.Hosting.Diagnostics|Loaded hosting startup assembly Microsoft.AspNetCore.Watch.BrowserRefresh 
2022-10-07 09:16:36.6682|0|INFO|Microsoft.Hosting.Lifetime|Application started. Press Ctrl+C to shut down. 
2022-10-07 09:16:36.6682|0|INFO|Microsoft.Hosting.Lifetime|Hosting environment: Development 
2022-10-07 09:16:36.6682|0|INFO|Microsoft.Hosting.Lifetime|Content root path: /home/bthomas/Projects/NetCore/ReaAccountingSystem/src/ReaAccountingSys/Server/ 
2022-10-07 09:16:36.6682|2|DEBUG|Microsoft.Extensions.Hosting.Internal.Host|Hosting started 
2022-10-07 09:16:36.9507|39|DEBUG|Microsoft.AspNetCore.Server.Kestrel.Connections|Connection id "0HML8DQ5QN0BM" accepted. 
2022-10-07 09:16:36.9512|1|DEBUG|Microsoft.AspNetCore.Server.Kestrel.Connections|Connection id "0HML8DQ5QN0BM" started. 
2022-10-07 09:16:36.9717|6|DEBUG|Microsoft.AspNetCore.Server.Kestrel.Transport.Sockets|Connection id "0HML8DQ5QN0BM" received FIN. 
2022-10-07 09:16:36.9717|39|DEBUG|Microsoft.AspNetCore.Server.Kestrel.Connections|Connection id "0HML8DQ5QN0BN" accepted. 
2022-10-07 09:16:36.9717|1|DEBUG|Microsoft.AspNetCore.Server.Kestrel.Connections|Connection id "0HML8DQ5QN0BN" started. 
2022-10-07 09:16:36.9807|3|DEBUG|Microsoft.AspNetCore.Server.Kestrel.Https.Internal.HttpsConnectionMiddleware|Connection 0HML8DQ5QN0BN established using the following protocol: Tls13 
2022-10-07 09:16:36.9807|1|DEBUG|Microsoft.AspNetCore.Server.Kestrel.Https.Internal.HttpsConnectionMiddleware|Failed to authenticate HTTPS connection. System.Security.Authentication.AuthenticationException: Authentication failed, see inner exception.
 ---> Interop+OpenSsl+SslException: SSL Handshake failed with OpenSSL error - SSL_ERROR_SSL.
 ---> Interop+Crypto+OpenSslCryptographicException: error:14094416:SSL routines:ssl3_read_bytes:sslv3 alert certificate unknown
   --- End of inner exception stack trace ---
   at Interop.OpenSsl.DoSslHandshake(SafeSslHandle context, ReadOnlySpan`1 input, Byte[]& sendBuf, Int32& sendCount)
   at System.Net.Security.SslStreamPal.HandshakeInternal(SafeFreeCredentials credential, SafeDeleteSslContext& context, ReadOnlySpan`1 inputBuffer, Byte[]& outputBuffer, SslAuthenticationOptions sslAuthenticationOptions)
   --- End of inner exception stack trace ---
   at System.Net.Security.SslStream.ForceAuthenticationAsync[TIOAdapter](TIOAdapter adapter, Boolean receiveFirst, Byte[] reAuthenticationData, Boolean isApm)
   at Microsoft.AspNetCore.Server.Kestrel.Https.Internal.HttpsConnectionMiddleware.OnConnectionAsync(ConnectionContext context)
2022-10-07 09:16:36.9909|2|DEBUG|Microsoft.AspNetCore.Server.Kestrel.Connections|Connection id "0HML8DQ5QN0BM" stopped. 
2022-10-07 09:16:36.9909|7|DEBUG|Microsoft.AspNetCore.Server.Kestrel.Transport.Sockets|Connection id "0HML8DQ5QN0BM" sending FIN because: "The Socket transport's send loop completed gracefully." 
2022-10-07 09:16:37.0199|1|INFO|Microsoft.AspNetCore.Hosting.Diagnostics|Request starting HTTP/2 GET https://localhost:7127/ - - 
2022-10-07 09:16:37.0250|0|DEBUG|Microsoft.AspNetCore.HostFiltering.HostFilteringMiddleware|Wildcard detected, all requests with hosts will be allowed. 
2022-10-07 09:16:37.0355|3|DEBUG|Microsoft.AspNetCore.StaticFiles.StaticFileMiddleware|The request path  does not match the path filter 
2022-10-07 09:16:37.0355|4|DEBUG|Microsoft.AspNetCore.StaticFiles.StaticFileMiddleware|The request path / does not match a supported file type 
2022-10-07 09:16:37.0534|1001|DEBUG|Microsoft.AspNetCore.Routing.Matching.DfaMatcher|1 candidate(s) found for the request path '/' 
2022-10-07 09:16:37.0550|1005|DEBUG|Microsoft.AspNetCore.Routing.Matching.DfaMatcher|Endpoint 'Fallback {*path:nonfile}' with route pattern '{*path:nonfile}' is valid for the request path '/' 
2022-10-07 09:16:37.0550|1|DEBUG|Microsoft.AspNetCore.Routing.EndpointRoutingMiddleware|Request matched endpoint 'Fallback {*path:nonfile}' 
2022-10-07 09:16:37.0550|0|INFO|Microsoft.AspNetCore.Routing.EndpointMiddleware|Executing endpoint 'Fallback {*path:nonfile}' 
2022-10-07 09:16:37.0550|1|DEBUG|Microsoft.AspNetCore.Watch.BrowserRefresh.BrowserRefreshMiddleware|Response markup is scheduled to include browser refresh script injection. 
2022-10-07 09:16:37.0714|2|INFO|Microsoft.AspNetCore.StaticFiles.StaticFileMiddleware|Sending file. Request path: '/index.html'. Physical path: '/home/bthomas/Projects/NetCore/ReaAccountingSystem/src/ReaAccountingSys/Client/wwwroot/index.html' 
2022-10-07 09:16:37.0714|1|INFO|Microsoft.AspNetCore.Routing.EndpointMiddleware|Executed endpoint 'Fallback {*path:nonfile}' 
2022-10-07 09:16:37.0714|2|DEBUG|Microsoft.AspNetCore.Watch.BrowserRefresh.BrowserRefreshMiddleware|Response markup was updated to include browser refresh script injection. 
2022-10-07 09:16:37.0756|2|INFO|Microsoft.AspNetCore.Hosting.Diagnostics|Request finished HTTP/2 GET https://localhost:7127/ - - - 200 - text/html 56.5183ms 
2022-10-07 09:16:37.1042|1|INFO|Microsoft.AspNetCore.Hosting.Diagnostics|Request starting HTTP/2 GET https://localhost:7127/_content/Fluxor.Blazor.Web/scripts/index.js - - 
2022-10-07 09:16:37.1042|1|INFO|Microsoft.AspNetCore.Hosting.Diagnostics|Request starting HTTP/2 GET https://localhost:7127/_content/Blazorise.Snackbar/blazorise.snackbar.css - - 
2022-10-07 09:16:37.1042|1|INFO|Microsoft.AspNetCore.Hosting.Diagnostics|Request starting HTTP/2 GET https://localhost:7127/_framework/blazor.webassembly.js - - 
2022-10-07 09:16:37.1042|1|INFO|Microsoft.AspNetCore.Hosting.Diagnostics|Request starting HTTP/2 GET https://localhost:7127/css/app.css - - 
2022-10-07 09:16:37.1042|1|INFO|Microsoft.AspNetCore.Hosting.Diagnostics|Request starting HTTP/2 GET https://localhost:7127/_content/Blazorise/blazorise.css - - 
2022-10-07 09:16:37.1042|3|DEBUG|Microsoft.AspNetCore.StaticFiles.StaticFileMiddleware|The request path  does not match the path filter 
2022-10-07 09:16:37.1042|1|INFO|Microsoft.AspNetCore.Hosting.Diagnostics|Request starting HTTP/2 GET https://localhost:7127/_content/Blazorise.Bootstrap5/blazorise.bootstrap5.css - - 
2022-10-07 09:16:37.1042|3|DEBUG|Microsoft.AspNetCore.StaticFiles.StaticFileMiddleware|The request path  does not match the path filter 
2022-10-07 09:16:37.1042|3|DEBUG|Microsoft.AspNetCore.StaticFiles.StaticFileMiddleware|The request path  does not match the path filter 
2022-10-07 09:16:37.1042|3|DEBUG|Microsoft.AspNetCore.StaticFiles.StaticFileMiddleware|The request path  does not match the path filter 
2022-10-07 09:16:37.1042|3|DEBUG|Microsoft.AspNetCore.StaticFiles.StaticFileMiddleware|The request path  does not match the path filter 
2022-10-07 09:16:37.1042|5|DEBUG|Microsoft.AspNetCore.StaticFiles.StaticFileMiddleware|The request path /_content/Fluxor.Blazor.Web/scripts/index.js does not match an existing file 
2022-10-07 09:16:37.1042|3|DEBUG|Microsoft.AspNetCore.StaticFiles.StaticFileMiddleware|The request path  does not match the path filter 
2022-10-07 09:16:37.1042|1|INFO|Microsoft.AspNetCore.Hosting.Diagnostics|Request starting HTTP/2 GET https://localhost:7127/_framework/aspnetcore-browser-refresh.js - - 
2022-10-07 09:16:37.1042|2|INFO|Microsoft.AspNetCore.StaticFiles.StaticFileMiddleware|Sending file. Request path: '/css/app.css'. Physical path: '/home/bthomas/Projects/NetCore/ReaAccountingSystem/src/ReaAccountingSys/Client/wwwroot/css/app.css' 
2022-10-07 09:16:37.1042|1001|DEBUG|Microsoft.AspNetCore.Routing.Matching.DfaMatcher|1 candidate(s) found for the request path '/_content/Fluxor.Blazor.Web/scripts/index.js' 
2022-10-07 09:16:37.1042|2|INFO|Microsoft.AspNetCore.Hosting.Diagnostics|Request finished HTTP/2 GET https://localhost:7127/css/app.css - - - 200 2813 text/css 1.6440ms 
2022-10-07 09:16:37.1074|2|INFO|Microsoft.AspNetCore.StaticFiles.StaticFileMiddleware|Sending file. Request path: '/_content/Blazorise.Snackbar/blazorise.snackbar.css'. Physical path: '/home/bthomas/.nuget/packages/blazorise.snackbar/1.0.6/staticwebassets/blazorise.snackbar.css' 
2022-10-07 09:16:37.1074|2|INFO|Microsoft.AspNetCore.Hosting.Diagnostics|Request finished HTTP/2 GET https://localhost:7127/_content/Blazorise.Snackbar/blazorise.snackbar.css - - - 200 7789 text/css 3.2060ms 
2022-10-07 09:16:37.1074|2|INFO|Microsoft.AspNetCore.Hosting.Diagnostics|Request finished HTTP/2 GET https://localhost:7127/_framework/aspnetcore-browser-refresh.js - - - 200 11966 application/javascript;+charset=utf-8 2.3934ms 
2022-10-07 09:16:37.1074|1003|DEBUG|Microsoft.AspNetCore.Routing.Matching.DfaMatcher|Endpoint 'Fallback {*path:nonfile}' with route pattern '{*path:nonfile}' was rejected by constraint 'path':'Microsoft.AspNetCore.Routing.Constraints.NonFileNameRouteConstraint' with value '_content/Fluxor.Blazor.Web/scripts/index.js' for the request path '/_content/Fluxor.Blazor.Web/scripts/index.js' 
2022-10-07 09:16:37.1074|1004|DEBUG|Microsoft.AspNetCore.Routing.Matching.DfaMatcher|Endpoint 'Fallback {*path:nonfile}' with route pattern '{*path:nonfile}' is not valid for the request path '/_content/Fluxor.Blazor.Web/scripts/index.js' 
2022-10-07 09:16:37.1074|2|DEBUG|Microsoft.AspNetCore.Routing.EndpointRoutingMiddleware|Request did not match any endpoints 
2022-10-07 09:16:37.1074|2|INFO|Microsoft.AspNetCore.Hosting.Diagnostics|Request finished HTTP/2 GET https://localhost:7127/_content/Fluxor.Blazor.Web/scripts/index.js - - - 404 0 - 3.6670ms 
2022-10-07 09:16:37.1123|1|INFO|Microsoft.AspNetCore.Hosting.Diagnostics|Request starting HTTP/2 GET https://localhost:7127/css/open-iconic/font/css/open-iconic-bootstrap.min.css - - 
2022-10-07 09:16:37.1123|3|DEBUG|Microsoft.AspNetCore.StaticFiles.StaticFileMiddleware|The request path  does not match the path filter 
2022-10-07 09:16:37.1123|2|INFO|Microsoft.AspNetCore.StaticFiles.StaticFileMiddleware|Sending file. Request path: '/css/open-iconic/font/css/open-iconic-bootstrap.min.css'. Physical path: '/home/bthomas/Projects/NetCore/ReaAccountingSystem/src/ReaAccountingSys/Client/wwwroot/css/open-iconic/font/css/open-iconic-bootstrap.min.css' 
2022-10-07 09:16:37.1123|2|INFO|Microsoft.AspNetCore.Hosting.Diagnostics|Request finished HTTP/2 GET https://localhost:7127/css/open-iconic/font/css/open-iconic-bootstrap.min.css - - - 200 9395 text/css 1.2230ms 
2022-10-07 09:16:37.1241|2|INFO|Microsoft.AspNetCore.StaticFiles.StaticFileMiddleware|Sending file. Request path: '/_framework/blazor.webassembly.js.gz'. Physical path: '/home/bthomas/Projects/NetCore/ReaAccountingSystem/src/ReaAccountingSys/Client/bin/Debug/net6.0/wwwroot/_framework/blazor.webassembly.js.gz' 
2022-10-07 09:16:37.1241|2|INFO|Microsoft.AspNetCore.Hosting.Diagnostics|Request finished HTTP/2 GET https://localhost:7127/_framework/blazor.webassembly.js - - - 200 19181 application/javascript 20.3440ms 
2022-10-07 09:16:37.1399|2|INFO|Microsoft.AspNetCore.StaticFiles.StaticFileMiddleware|Sending file. Request path: '/_content/Blazorise/blazorise.css'. Physical path: '/home/bthomas/.nuget/packages/blazorise/1.0.6/staticwebassets/blazorise.css' 
2022-10-07 09:16:37.1399|2|INFO|Microsoft.AspNetCore.StaticFiles.StaticFileMiddleware|Sending file. Request path: '/_content/Blazorise.Bootstrap5/blazorise.bootstrap5.css'. Physical path: '/home/bthomas/.nuget/packages/blazorise.bootstrap5/1.0.6/staticwebassets/blazorise.bootstrap5.css' 
2022-10-07 09:16:37.1399|2|INFO|Microsoft.AspNetCore.Hosting.Diagnostics|Request finished HTTP/2 GET https://localhost:7127/_content/Blazorise/blazorise.css - - - 200 68769 text/css 35.7434ms 
2022-10-07 09:16:37.1399|2|INFO|Microsoft.AspNetCore.Hosting.Diagnostics|Request finished HTTP/2 GET https://localhost:7127/_content/Blazorise.Bootstrap5/blazorise.bootstrap5.css - - - 200 59559 text/css 35.5284ms 
2022-10-07 09:16:37.1491|1|INFO|Microsoft.AspNetCore.Hosting.Diagnostics|Request starting HTTP/2 GET https://localhost:7127/_framework/blazor.boot.json - - 
2022-10-07 09:16:37.1491|3|DEBUG|Microsoft.AspNetCore.StaticFiles.StaticFileMiddleware|The request path  does not match the path filter 
2022-10-07 09:16:37.1491|2|INFO|Microsoft.AspNetCore.StaticFiles.StaticFileMiddleware|Sending file. Request path: '/_framework/blazor.boot.json'. Physical path: '/home/bthomas/Projects/NetCore/ReaAccountingSystem/src/ReaAccountingSys/Client/bin/Debug/net6.0/wwwroot/_framework/blazor.boot.json' 
2022-10-07 09:16:37.1491|2|INFO|Microsoft.AspNetCore.Hosting.Diagnostics|Request finished HTTP/2 GET https://localhost:7127/_framework/blazor.boot.json - - - 200 21146 application/json 0.7184ms 
2022-10-07 09:16:37.1588|1|INFO|Microsoft.AspNetCore.Hosting.Diagnostics|Request starting HTTP/2 GET https://localhost:7127/_framework/dotnet.6.0.9.c7b72bsklh.js - - 
2022-10-07 09:16:37.1590|3|DEBUG|Microsoft.AspNetCore.StaticFiles.StaticFileMiddleware|The request path  does not match the path filter 
2022-10-07 09:16:37.1590|2|INFO|Microsoft.AspNetCore.StaticFiles.StaticFileMiddleware|Sending file. Request path: '/_framework/dotnet.6.0.9.c7b72bsklh.js.gz'. Physical path: '/home/bthomas/Projects/NetCore/ReaAccountingSystem/src/ReaAccountingSys/Client/bin/Debug/net6.0/wwwroot/_framework/dotnet.6.0.9.c7b72bsklh.js.gz' 
2022-10-07 09:16:37.1590|2|INFO|Microsoft.AspNetCore.Hosting.Diagnostics|Request finished HTTP/2 GET https://localhost:7127/_framework/dotnet.6.0.9.c7b72bsklh.js - - - 200 64595 application/javascript 0.7061ms 
2022-10-07 09:16:37.1887|1|INFO|Microsoft.AspNetCore.Hosting.Diagnostics|Request starting HTTP/2 GET https://localhost:7127/_framework/ReaAccountingSys.Client.pdb - - 
2022-10-07 09:16:37.1887|1|INFO|Microsoft.AspNetCore.Hosting.Diagnostics|Request starting HTTP/2 GET https://localhost:7127/_framework/ReaAccountingSys.Client.dll - - 
2022-10-07 09:16:37.1887|3|DEBUG|Microsoft.AspNetCore.StaticFiles.StaticFileMiddleware|The request path  does not match the path filter 
2022-10-07 09:16:37.1887|3|DEBUG|Microsoft.AspNetCore.StaticFiles.StaticFileMiddleware|The request path  does not match the path filter 
2022-10-07 09:16:37.1887|2|INFO|Microsoft.AspNetCore.StaticFiles.StaticFileMiddleware|Sending file. Request path: '/_framework/ReaAccountingSys.Client.dll.gz'. Physical path: '/home/bthomas/Projects/NetCore/ReaAccountingSystem/src/ReaAccountingSys/Client/bin/Debug/net6.0/wwwroot/_framework/ReaAccountingSys.Client.dll.gz' 
2022-10-07 09:16:37.1887|2|INFO|Microsoft.AspNetCore.StaticFiles.StaticFileMiddleware|Sending file. Request path: '/_framework/ReaAccountingSys.Client.pdb.gz'. Physical path: '/home/bthomas/Projects/NetCore/ReaAccountingSystem/src/ReaAccountingSys/Client/bin/Debug/net6.0/wwwroot/_framework/ReaAccountingSys.Client.pdb.gz' 
2022-10-07 09:16:37.1887|2|INFO|Microsoft.AspNetCore.Hosting.Diagnostics|Request finished HTTP/2 GET https://localhost:7127/_framework/ReaAccountingSys.Client.dll - - - 200 50540 application/octet-stream 1.2436ms 
2022-10-07 09:16:37.1887|2|INFO|Microsoft.AspNetCore.Hosting.Diagnostics|Request finished HTTP/2 GET https://localhost:7127/_framework/ReaAccountingSys.Client.pdb - - - 200 56340 application/octet-stream 1.2972ms 
2022-10-07 09:16:37.9136|1|INFO|Microsoft.AspNetCore.Hosting.Diagnostics|Request starting HTTP/2 GET https://localhost:7127/_framework/blazor-hotreload.js - - 
2022-10-07 09:16:37.9136|2|INFO|Microsoft.AspNetCore.Hosting.Diagnostics|Request finished HTTP/2 GET https://localhost:7127/_framework/blazor-hotreload.js - - - 200 743 application/javascript;+charset=utf-8 0.2223ms 
2022-10-07 09:16:37.9771|1|INFO|Microsoft.AspNetCore.Hosting.Diagnostics|Request starting HTTP/2 GET https://localhost:7127/_framework/blazor-hotreload - - 
2022-10-07 09:16:37.9771|2|INFO|Microsoft.AspNetCore.Hosting.Diagnostics|Request finished HTTP/2 GET https://localhost:7127/_framework/blazor-hotreload - - - 204 - - 1.0200ms 
2022-10-07 09:16:38.3300|1|INFO|Microsoft.AspNetCore.Hosting.Diagnostics|Request starting HTTP/2 GET https://localhost:7127/_content/Blazorise/button.js?v=1.0.6.0 - - 
2022-10-07 09:16:38.3300|3|DEBUG|Microsoft.AspNetCore.StaticFiles.StaticFileMiddleware|The request path  does not match the path filter 
2022-10-07 09:16:38.3300|2|INFO|Microsoft.AspNetCore.StaticFiles.StaticFileMiddleware|Sending file. Request path: '/_content/Blazorise/button.js'. Physical path: '/home/bthomas/.nuget/packages/blazorise/1.0.6/staticwebassets/button.js' 
2022-10-07 09:16:38.3300|2|INFO|Microsoft.AspNetCore.Hosting.Diagnostics|Request finished HTTP/2 GET https://localhost:7127/_content/Blazorise/button.js?v=1.0.6.0 - - - 200 949 application/javascript 0.6143ms 
2022-10-07 09:16:38.3323|1|INFO|Microsoft.AspNetCore.Hosting.Diagnostics|Request starting HTTP/2 GET https://localhost:7127/_content/Blazorise/breakpoint.js?v=1.0.6.0 - - 
2022-10-07 09:16:38.3323|3|DEBUG|Microsoft.AspNetCore.StaticFiles.StaticFileMiddleware|The request path  does not match the path filter 
2022-10-07 09:16:38.3323|2|INFO|Microsoft.AspNetCore.StaticFiles.StaticFileMiddleware|Sending file. Request path: '/_content/Blazorise/breakpoint.js'. Physical path: '/home/bthomas/.nuget/packages/blazorise/1.0.6/staticwebassets/breakpoint.js' 
2022-10-07 09:16:38.3323|2|INFO|Microsoft.AspNetCore.Hosting.Diagnostics|Request finished HTTP/2 GET https://localhost:7127/_content/Blazorise/breakpoint.js?v=1.0.6.0 - - - 200 2379 application/javascript 0.3641ms 
2022-10-07 09:16:38.5366|1|INFO|Microsoft.AspNetCore.Hosting.Diagnostics|Request starting HTTP/2 GET https://localhost:7127/_content/Blazorise/utilities.js?v=1.0.6.0 - - 
2022-10-07 09:16:38.5366|3|DEBUG|Microsoft.AspNetCore.StaticFiles.StaticFileMiddleware|The request path  does not match the path filter 
2022-10-07 09:16:38.5366|2|INFO|Microsoft.AspNetCore.StaticFiles.StaticFileMiddleware|Sending file. Request path: '/_content/Blazorise/utilities.js'. Physical path: '/home/bthomas/.nuget/packages/blazorise/1.0.6/staticwebassets/utilities.js' 
2022-10-07 09:16:38.5366|2|INFO|Microsoft.AspNetCore.Hosting.Diagnostics|Request finished HTTP/2 GET https://localhost:7127/_content/Blazorise/utilities.js?v=1.0.6.0 - - - 200 7664 application/javascript 0.5199ms 
2022-10-07 09:16:43.1695|1|INFO|Microsoft.AspNetCore.Hosting.Diagnostics|Request starting HTTP/2 GET https://localhost:7127/assets/accountant 2.svg - - 
2022-10-07 09:16:43.1695|3|DEBUG|Microsoft.AspNetCore.StaticFiles.StaticFileMiddleware|The request path  does not match the path filter 
2022-10-07 09:16:43.1714|2|INFO|Microsoft.AspNetCore.StaticFiles.StaticFileMiddleware|Sending file. Request path: '/assets/accountant 2.svg'. Physical path: '/home/bthomas/Projects/NetCore/ReaAccountingSystem/src/ReaAccountingSys/Client/wwwroot/assets/accountant 2.svg' 
2022-10-07 09:16:43.1714|2|INFO|Microsoft.AspNetCore.Hosting.Diagnostics|Request finished HTTP/2 GET https://localhost:7127/assets/accountant 2.svg - - - 200 334641 image/svg+xml 2.0090ms 
2022-10-07 09:16:47.1610|1|INFO|Microsoft.AspNetCore.Hosting.Diagnostics|Request starting HTTP/2 GET https://localhost:7127/HumanResouces/Pages/Employees - - 
2022-10-07 09:16:47.1610|3|DEBUG|Microsoft.AspNetCore.StaticFiles.StaticFileMiddleware|The request path  does not match the path filter 
2022-10-07 09:16:47.1610|4|DEBUG|Microsoft.AspNetCore.StaticFiles.StaticFileMiddleware|The request path /HumanResouces/Pages/Employees does not match a supported file type 
2022-10-07 09:16:47.1636|1001|DEBUG|Microsoft.AspNetCore.Routing.Matching.DfaMatcher|1 candidate(s) found for the request path '/HumanResouces/Pages/Employees' 
2022-10-07 09:16:47.1636|1005|DEBUG|Microsoft.AspNetCore.Routing.Matching.DfaMatcher|Endpoint 'Fallback {*path:nonfile}' with route pattern '{*path:nonfile}' is valid for the request path '/HumanResouces/Pages/Employees' 
2022-10-07 09:16:47.1636|1|DEBUG|Microsoft.AspNetCore.Routing.EndpointRoutingMiddleware|Request matched endpoint 'Fallback {*path:nonfile}' 
2022-10-07 09:16:47.1636|0|INFO|Microsoft.AspNetCore.Routing.EndpointMiddleware|Executing endpoint 'Fallback {*path:nonfile}' 
2022-10-07 09:16:47.1636|1|DEBUG|Microsoft.AspNetCore.Watch.BrowserRefresh.BrowserRefreshMiddleware|Response markup is scheduled to include browser refresh script injection. 
2022-10-07 09:16:47.1636|2|INFO|Microsoft.AspNetCore.StaticFiles.StaticFileMiddleware|Sending file. Request path: '/index.html'. Physical path: '/home/bthomas/Projects/NetCore/ReaAccountingSystem/src/ReaAccountingSys/Client/wwwroot/index.html' 
2022-10-07 09:16:47.1636|1|INFO|Microsoft.AspNetCore.Routing.EndpointMiddleware|Executed endpoint 'Fallback {*path:nonfile}' 
2022-10-07 09:16:47.1636|2|DEBUG|Microsoft.AspNetCore.Watch.BrowserRefresh.BrowserRefreshMiddleware|Response markup was updated to include browser refresh script injection. 
2022-10-07 09:16:47.1636|2|INFO|Microsoft.AspNetCore.Hosting.Diagnostics|Request finished HTTP/2 GET https://localhost:7127/HumanResouces/Pages/Employees - - - 200 - text/html 3.1990ms 
2022-10-07 09:16:47.1779|1|INFO|Microsoft.AspNetCore.Hosting.Diagnostics|Request starting HTTP/2 GET https://localhost:7127/_content/Blazorise/blazorise.css - - 
2022-10-07 09:16:47.1779|1|INFO|Microsoft.AspNetCore.Hosting.Diagnostics|Request starting HTTP/2 GET https://localhost:7127/_content/Blazorise.Snackbar/blazorise.snackbar.css - - 
2022-10-07 09:16:47.1779|1|INFO|Microsoft.AspNetCore.Hosting.Diagnostics|Request starting HTTP/2 GET https://localhost:7127/_framework/blazor.webassembly.js - - 
2022-10-07 09:16:47.1779|1|INFO|Microsoft.AspNetCore.Hosting.Diagnostics|Request starting HTTP/2 GET https://localhost:7127/_content/Blazorise.Bootstrap5/blazorise.bootstrap5.css - - 
2022-10-07 09:16:47.1779|1|INFO|Microsoft.AspNetCore.Hosting.Diagnostics|Request starting HTTP/2 GET https://localhost:7127/css/app.css - - 
2022-10-07 09:16:47.1779|3|DEBUG|Microsoft.AspNetCore.StaticFiles.StaticFileMiddleware|The request path  does not match the path filter 
2022-10-07 09:16:47.1779|3|DEBUG|Microsoft.AspNetCore.StaticFiles.StaticFileMiddleware|The request path  does not match the path filter 
2022-10-07 09:16:47.1779|3|DEBUG|Microsoft.AspNetCore.StaticFiles.StaticFileMiddleware|The request path  does not match the path filter 
2022-10-07 09:16:47.1779|3|DEBUG|Microsoft.AspNetCore.StaticFiles.StaticFileMiddleware|The request path  does not match the path filter 
2022-10-07 09:16:47.1779|3|DEBUG|Microsoft.AspNetCore.StaticFiles.StaticFileMiddleware|The request path  does not match the path filter 
2022-10-07 09:16:47.1779|2|INFO|Microsoft.AspNetCore.StaticFiles.StaticFileMiddleware|Sending file. Request path: '/_content/Blazorise.Snackbar/blazorise.snackbar.css'. Physical path: '/home/bthomas/.nuget/packages/blazorise.snackbar/1.0.6/staticwebassets/blazorise.snackbar.css' 
2022-10-07 09:16:47.1779|2|INFO|Microsoft.AspNetCore.Hosting.Diagnostics|Request finished HTTP/2 GET https://localhost:7127/_content/Blazorise.Snackbar/blazorise.snackbar.css - - - 200 7789 text/css 0.4204ms 
2022-10-07 09:16:47.1779|2|INFO|Microsoft.AspNetCore.StaticFiles.StaticFileMiddleware|Sending file. Request path: '/css/app.css'. Physical path: '/home/bthomas/Projects/NetCore/ReaAccountingSystem/src/ReaAccountingSys/Client/wwwroot/css/app.css' 
2022-10-07 09:16:47.1779|2|INFO|Microsoft.AspNetCore.Hosting.Diagnostics|Request finished HTTP/2 GET https://localhost:7127/css/app.css - - - 200 2813 text/css 0.4813ms 
2022-10-07 09:16:47.1779|2|INFO|Microsoft.AspNetCore.StaticFiles.StaticFileMiddleware|Sending file. Request path: '/_content/Blazorise/blazorise.css'. Physical path: '/home/bthomas/.nuget/packages/blazorise/1.0.6/staticwebassets/blazorise.css' 
2022-10-07 09:16:47.1779|2|INFO|Microsoft.AspNetCore.StaticFiles.StaticFileMiddleware|Sending file. Request path: '/_content/Blazorise.Bootstrap5/blazorise.bootstrap5.css'. Physical path: '/home/bthomas/.nuget/packages/blazorise.bootstrap5/1.0.6/staticwebassets/blazorise.bootstrap5.css' 
2022-10-07 09:16:47.1779|2|INFO|Microsoft.AspNetCore.Hosting.Diagnostics|Request finished HTTP/2 GET https://localhost:7127/_content/Blazorise.Bootstrap5/blazorise.bootstrap5.css - - - 200 59559 text/css 0.7745ms 
2022-10-07 09:16:47.1779|2|INFO|Microsoft.AspNetCore.Hosting.Diagnostics|Request finished HTTP/2 GET https://localhost:7127/_content/Blazorise/blazorise.css - - - 200 68769 text/css 0.8419ms 
2022-10-07 09:16:47.1810|1|INFO|Microsoft.AspNetCore.Hosting.Diagnostics|Request starting HTTP/2 GET https://localhost:7127/_framework/aspnetcore-browser-refresh.js - - 
2022-10-07 09:16:47.1810|1|INFO|Microsoft.AspNetCore.Hosting.Diagnostics|Request starting HTTP/2 GET https://localhost:7127/_content/Fluxor.Blazor.Web/scripts/index.js - - 
2022-10-07 09:16:47.1810|6|INFO|Microsoft.AspNetCore.StaticFiles.StaticFileMiddleware|The file /_framework/blazor.webassembly.js.gz was not modified 
2022-10-07 09:16:47.1810|3|DEBUG|Microsoft.AspNetCore.StaticFiles.StaticFileMiddleware|The request path  does not match the path filter 
2022-10-07 09:16:47.1810|5|DEBUG|Microsoft.AspNetCore.StaticFiles.StaticFileMiddleware|The request path /_content/Fluxor.Blazor.Web/scripts/index.js does not match an existing file 
2022-10-07 09:16:47.1810|2|INFO|Microsoft.AspNetCore.Hosting.Diagnostics|Request finished HTTP/2 GET https://localhost:7127/_framework/aspnetcore-browser-refresh.js - - - 200 11966 application/javascript;+charset=utf-8 0.0781ms 
2022-10-07 09:16:47.1810|1001|DEBUG|Microsoft.AspNetCore.Routing.Matching.DfaMatcher|1 candidate(s) found for the request path '/_content/Fluxor.Blazor.Web/scripts/index.js' 
2022-10-07 09:16:47.1810|1003|DEBUG|Microsoft.AspNetCore.Routing.Matching.DfaMatcher|Endpoint 'Fallback {*path:nonfile}' with route pattern '{*path:nonfile}' was rejected by constraint 'path':'Microsoft.AspNetCore.Routing.Constraints.NonFileNameRouteConstraint' with value '_content/Fluxor.Blazor.Web/scripts/index.js' for the request path '/_content/Fluxor.Blazor.Web/scripts/index.js' 
2022-10-07 09:16:47.1810|1004|DEBUG|Microsoft.AspNetCore.Routing.Matching.DfaMatcher|Endpoint 'Fallback {*path:nonfile}' with route pattern '{*path:nonfile}' is not valid for the request path '/_content/Fluxor.Blazor.Web/scripts/index.js' 
2022-10-07 09:16:47.1810|2|DEBUG|Microsoft.AspNetCore.Routing.EndpointRoutingMiddleware|Request did not match any endpoints 
2022-10-07 09:16:47.1810|2|INFO|Microsoft.AspNetCore.Hosting.Diagnostics|Request finished HTTP/2 GET https://localhost:7127/_content/Fluxor.Blazor.Web/scripts/index.js - - - 404 0 - 0.2214ms 
2022-10-07 09:16:47.1810|8|DEBUG|Microsoft.AspNetCore.StaticFiles.StaticFileMiddleware|Handled. Status code: 304 File: /_framework/blazor.webassembly.js.gz 
2022-10-07 09:16:47.1810|2|INFO|Microsoft.AspNetCore.Hosting.Diagnostics|Request finished HTTP/2 GET https://localhost:7127/_framework/blazor.webassembly.js - - - 304 - application/javascript 3.4361ms 
2022-10-07 09:16:47.1956|1|INFO|Microsoft.AspNetCore.Hosting.Diagnostics|Request starting HTTP/2 GET https://localhost:7127/_framework/blazor.boot.json - - 
2022-10-07 09:16:47.1956|3|DEBUG|Microsoft.AspNetCore.StaticFiles.StaticFileMiddleware|The request path  does not match the path filter 
2022-10-07 09:16:47.1956|2|INFO|Microsoft.AspNetCore.StaticFiles.StaticFileMiddleware|Sending file. Request path: '/_framework/blazor.boot.json'. Physical path: '/home/bthomas/Projects/NetCore/ReaAccountingSystem/src/ReaAccountingSys/Client/bin/Debug/net6.0/wwwroot/_framework/blazor.boot.json' 
2022-10-07 09:16:47.1956|2|INFO|Microsoft.AspNetCore.Hosting.Diagnostics|Request finished HTTP/2 GET https://localhost:7127/_framework/blazor.boot.json - - - 200 21146 application/json 0.5166ms 
2022-10-07 09:16:47.2418|1|INFO|Microsoft.AspNetCore.Hosting.Diagnostics|Request starting HTTP/2 GET https://localhost:7127/_framework/dotnet.6.0.9.c7b72bsklh.js - - 
2022-10-07 09:16:47.2418|3|DEBUG|Microsoft.AspNetCore.StaticFiles.StaticFileMiddleware|The request path  does not match the path filter 
2022-10-07 09:16:47.2418|2|INFO|Microsoft.AspNetCore.StaticFiles.StaticFileMiddleware|Sending file. Request path: '/_framework/dotnet.6.0.9.c7b72bsklh.js.gz'. Physical path: '/home/bthomas/Projects/NetCore/ReaAccountingSystem/src/ReaAccountingSys/Client/bin/Debug/net6.0/wwwroot/_framework/dotnet.6.0.9.c7b72bsklh.js.gz' 
2022-10-07 09:16:47.2418|2|INFO|Microsoft.AspNetCore.Hosting.Diagnostics|Request finished HTTP/2 GET https://localhost:7127/_framework/dotnet.6.0.9.c7b72bsklh.js - - - 200 64595 application/javascript 0.6031ms 
2022-10-07 09:16:47.6632|1|INFO|Microsoft.AspNetCore.Hosting.Diagnostics|Request starting HTTP/2 GET https://localhost:7127/_framework/blazor-hotreload.js - - 
2022-10-07 09:16:47.6632|2|INFO|Microsoft.AspNetCore.Hosting.Diagnostics|Request finished HTTP/2 GET https://localhost:7127/_framework/blazor-hotreload.js - - - 200 743 application/javascript;+charset=utf-8 0.1471ms 
2022-10-07 09:16:47.6771|1|INFO|Microsoft.AspNetCore.Hosting.Diagnostics|Request starting HTTP/2 GET https://localhost:7127/_framework/blazor-hotreload - - 
2022-10-07 09:16:47.6771|2|INFO|Microsoft.AspNetCore.Hosting.Diagnostics|Request finished HTTP/2 GET https://localhost:7127/_framework/blazor-hotreload - - - 204 - - 0.0687ms 
2022-10-07 09:16:48.0265|1|INFO|Microsoft.AspNetCore.Hosting.Diagnostics|Request starting HTTP/2 GET https://localhost:7127/_content/Blazorise/button.js?v=1.0.6.0 - - 
2022-10-07 09:16:48.0265|3|DEBUG|Microsoft.AspNetCore.StaticFiles.StaticFileMiddleware|The request path  does not match the path filter 
2022-10-07 09:16:48.0265|2|INFO|Microsoft.AspNetCore.StaticFiles.StaticFileMiddleware|Sending file. Request path: '/_content/Blazorise/button.js'. Physical path: '/home/bthomas/.nuget/packages/blazorise/1.0.6/staticwebassets/button.js' 
2022-10-07 09:16:48.0269|2|INFO|Microsoft.AspNetCore.Hosting.Diagnostics|Request finished HTTP/2 GET https://localhost:7127/_content/Blazorise/button.js?v=1.0.6.0 - - - 200 949 application/javascript 0.4384ms 
2022-10-07 09:16:48.0269|1|INFO|Microsoft.AspNetCore.Hosting.Diagnostics|Request starting HTTP/2 GET https://localhost:7127/_content/Blazorise/breakpoint.js?v=1.0.6.0 - - 
2022-10-07 09:16:48.0269|3|DEBUG|Microsoft.AspNetCore.StaticFiles.StaticFileMiddleware|The request path  does not match the path filter 
2022-10-07 09:16:48.0269|2|INFO|Microsoft.AspNetCore.StaticFiles.StaticFileMiddleware|Sending file. Request path: '/_content/Blazorise/breakpoint.js'. Physical path: '/home/bthomas/.nuget/packages/blazorise/1.0.6/staticwebassets/breakpoint.js' 
2022-10-07 09:16:48.0269|2|INFO|Microsoft.AspNetCore.Hosting.Diagnostics|Request finished HTTP/2 GET https://localhost:7127/_content/Blazorise/breakpoint.js?v=1.0.6.0 - - - 200 2379 application/javascript 0.3579ms 
2022-10-07 09:16:48.2235|1|INFO|Microsoft.AspNetCore.Hosting.Diagnostics|Request starting HTTP/2 GET https://localhost:7127/_content/Blazorise/utilities.js?v=1.0.6.0 - - 
2022-10-07 09:16:48.2235|3|DEBUG|Microsoft.AspNetCore.StaticFiles.StaticFileMiddleware|The request path  does not match the path filter 
2022-10-07 09:16:48.2235|2|INFO|Microsoft.AspNetCore.StaticFiles.StaticFileMiddleware|Sending file. Request path: '/_content/Blazorise/utilities.js'. Physical path: '/home/bthomas/.nuget/packages/blazorise/1.0.6/staticwebassets/utilities.js' 
2022-10-07 09:16:48.2235|2|INFO|Microsoft.AspNetCore.Hosting.Diagnostics|Request finished HTTP/2 GET https://localhost:7127/_content/Blazorise/utilities.js?v=1.0.6.0 - - - 200 7664 application/javascript 0.5597ms 
2022-10-07 09:18:08.5765|1|INFO|Microsoft.AspNetCore.Hosting.Diagnostics|Request starting HTTP/2 POST https://localhost:7127/_framework/blazor-hotreload application/json 7643 
2022-10-07 09:18:08.5794|25|DEBUG|Microsoft.AspNetCore.Server.Kestrel|Connection id "0HML8DQ5QN0BN", Request id "0HML8DQ5QN0BN:00000045": started reading request body. 
2022-10-07 09:18:08.5794|26|DEBUG|Microsoft.AspNetCore.Server.Kestrel|Connection id "0HML8DQ5QN0BN", Request id "0HML8DQ5QN0BN:00000045": done reading request body. 
2022-10-07 09:18:08.5839|2|INFO|Microsoft.AspNetCore.Hosting.Diagnostics|Request finished HTTP/2 POST https://localhost:7127/_framework/blazor-hotreload application/json 7643 - 200 0 - 7.3855ms 
2022-10-07 09:18:26.7028|1|INFO|Microsoft.AspNetCore.Hosting.Diagnostics|Request starting HTTP/2 GET https://localhost:7127/assets/accountant 2.svg - - 
2022-10-07 09:18:26.7029|3|DEBUG|Microsoft.AspNetCore.StaticFiles.StaticFileMiddleware|The request path  does not match the path filter 
2022-10-07 09:18:26.7029|2|INFO|Microsoft.AspNetCore.StaticFiles.StaticFileMiddleware|Sending file. Request path: '/assets/accountant 2.svg'. Physical path: '/home/bthomas/Projects/NetCore/ReaAccountingSystem/src/ReaAccountingSys/Client/wwwroot/assets/accountant 2.svg' 
2022-10-07 09:18:26.7029|2|INFO|Microsoft.AspNetCore.Hosting.Diagnostics|Request finished HTTP/2 GET https://localhost:7127/assets/accountant 2.svg - - - 200 334641 image/svg+xml 1.6504ms 
2022-10-07 09:18:28.1841|1|INFO|Microsoft.AspNetCore.Hosting.Diagnostics|Request starting HTTP/2 POST https://localhost:7127/ReaAccountingSys.GrpcServices.EmployeeService/GetAll application/grpc-web 10 
2022-10-07 09:18:28.1841|1|DEBUG|Grpc.AspNetCore.Web.Internal.GrpcWebMiddleware|Detected gRPC-Web request from content-type 'application/grpc-web'. 
2022-10-07 09:18:28.1872|1|DEBUG|Microsoft.AspNetCore.StaticFiles.StaticFileMiddleware|POST requests are not supported 
2022-10-07 09:18:28.1872|1|DEBUG|Microsoft.AspNetCore.StaticFiles.StaticFileMiddleware|POST requests are not supported 
2022-10-07 09:18:28.1872|2|DEBUG|Microsoft.AspNetCore.Cors.Infrastructure.CorsService|The request has an origin header: 'https://localhost:7127'. 
2022-10-07 09:18:28.1872|4|INFO|Microsoft.AspNetCore.Cors.Infrastructure.CorsService|CORS policy execution successful. 
2022-10-07 09:18:28.1872|1001|DEBUG|Microsoft.AspNetCore.Routing.Matching.DfaMatcher|4 candidate(s) found for the request path '/ReaAccountingSys.GrpcServices.EmployeeService/GetAll' 
2022-10-07 09:18:28.1872|1005|DEBUG|Microsoft.AspNetCore.Routing.Matching.DfaMatcher|Endpoint 'gRPC - /ReaAccountingSys.GrpcServices.EmployeeService/GetAll' with route pattern '/ReaAccountingSys.GrpcServices.EmployeeService/GetAll' is valid for the request path '/ReaAccountingSys.GrpcServices.EmployeeService/GetAll' 
2022-10-07 09:18:28.1872|1005|DEBUG|Microsoft.AspNetCore.Routing.Matching.DfaMatcher|Endpoint 'gRPC - Unimplemented method for ReaAccountingSys.GrpcServices.EmployeeService' with route pattern 'ReaAccountingSys.GrpcServices.EmployeeService/{unimplementedMethod}' is valid for the request path '/ReaAccountingSys.GrpcServices.EmployeeService/GetAll' 
2022-10-07 09:18:28.1872|1005|DEBUG|Microsoft.AspNetCore.Routing.Matching.DfaMatcher|Endpoint 'gRPC - Unimplemented service' with route pattern '{unimplementedService}/{unimplementedMethod}' is valid for the request path '/ReaAccountingSys.GrpcServices.EmployeeService/GetAll' 
2022-10-07 09:18:28.1872|1005|DEBUG|Microsoft.AspNetCore.Routing.Matching.DfaMatcher|Endpoint 'Fallback {*path:nonfile}' with route pattern '{*path:nonfile}' is valid for the request path '/ReaAccountingSys.GrpcServices.EmployeeService/GetAll' 
2022-10-07 09:18:28.1872|1|DEBUG|Microsoft.AspNetCore.Routing.EndpointRoutingMiddleware|Request matched endpoint 'gRPC - /ReaAccountingSys.GrpcServices.EmployeeService/GetAll' 
2022-10-07 09:18:28.1872|0|INFO|Microsoft.AspNetCore.Routing.EndpointMiddleware|Executing endpoint 'gRPC - /ReaAccountingSys.GrpcServices.EmployeeService/GetAll' 
2022-10-07 09:18:28.1990|10|DEBUG|Grpc.AspNetCore.Server.ServerCallHandler|Reading message. 
2022-10-07 09:18:28.1990|25|DEBUG|Microsoft.AspNetCore.Server.Kestrel|Connection id "0HML8DQ5QN0BN", Request id "0HML8DQ5QN0BN:00000049": started reading request body. 
2022-10-07 09:18:28.1990|26|DEBUG|Microsoft.AspNetCore.Server.Kestrel|Connection id "0HML8DQ5QN0BN", Request id "0HML8DQ5QN0BN:00000049": done reading request body. 
2022-10-07 09:18:28.2763|10401|DEBUG|Microsoft.EntityFrameworkCore.Infrastructure|An 'IServiceProvider' was created for internal use by Entity Framework. 
2022-10-07 09:18:28.3694|1|INFO|Microsoft.AspNetCore.Hosting.Diagnostics|Request starting HTTP/2 GET https://localhost:7127/_content/Blazorise/textEdit.js?v=1.0.6.0 - - 
2022-10-07 09:18:28.3694|3|DEBUG|Microsoft.AspNetCore.StaticFiles.StaticFileMiddleware|The request path  does not match the path filter 
2022-10-07 09:18:28.3694|2|INFO|Microsoft.AspNetCore.StaticFiles.StaticFileMiddleware|Sending file. Request path: '/_content/Blazorise/textEdit.js'. Physical path: '/home/bthomas/.nuget/packages/blazorise/1.0.6/staticwebassets/textEdit.js' 
2022-10-07 09:18:28.3694|2|INFO|Microsoft.AspNetCore.Hosting.Diagnostics|Request finished HTTP/2 GET https://localhost:7127/_content/Blazorise/textEdit.js?v=1.0.6.0 - - - 200 1722 application/javascript 0.3495ms 
2022-10-07 09:18:28.3863|1|INFO|Microsoft.AspNetCore.Hosting.Diagnostics|Request starting HTTP/2 GET https://localhost:7127/_content/Blazorise/validators/NumericMaskValidator.js?v=1.0.6.0 - - 
2022-10-07 09:18:28.3863|3|DEBUG|Microsoft.AspNetCore.StaticFiles.StaticFileMiddleware|The request path  does not match the path filter 
2022-10-07 09:18:28.3863|1|INFO|Microsoft.AspNetCore.Hosting.Diagnostics|Request starting HTTP/2 GET https://localhost:7127/_content/Blazorise/validators/DateTimeMaskValidator.js?v=1.0.6.0 - - 
2022-10-07 09:18:28.3863|1|INFO|Microsoft.AspNetCore.Hosting.Diagnostics|Request starting HTTP/2 GET https://localhost:7127/_content/Blazorise/validators/RegExMaskValidator.js?v=1.0.6.0 - - 
2022-10-07 09:18:28.3863|3|DEBUG|Microsoft.AspNetCore.StaticFiles.StaticFileMiddleware|The request path  does not match the path filter 
2022-10-07 09:18:28.3863|1|INFO|Microsoft.AspNetCore.Hosting.Diagnostics|Request starting HTTP/2 GET https://localhost:7127/_content/Blazorise/validators/NoValidator.js?v=1.0.6.0 - - 
2022-10-07 09:18:28.3863|3|DEBUG|Microsoft.AspNetCore.StaticFiles.StaticFileMiddleware|The request path  does not match the path filter 
2022-10-07 09:18:28.3863|3|DEBUG|Microsoft.AspNetCore.StaticFiles.StaticFileMiddleware|The request path  does not match the path filter 
2022-10-07 09:18:28.3863|2|INFO|Microsoft.AspNetCore.StaticFiles.StaticFileMiddleware|Sending file. Request path: '/_content/Blazorise/validators/NoValidator.js'. Physical path: '/home/bthomas/.nuget/packages/blazorise/1.0.6/staticwebassets/validators/NoValidator.js' 
2022-10-07 09:18:28.3863|2|INFO|Microsoft.AspNetCore.StaticFiles.StaticFileMiddleware|Sending file. Request path: '/_content/Blazorise/validators/DateTimeMaskValidator.js'. Physical path: '/home/bthomas/.nuget/packages/blazorise/1.0.6/staticwebassets/validators/DateTimeMaskValidator.js' 
2022-10-07 09:18:28.3863|2|INFO|Microsoft.AspNetCore.StaticFiles.StaticFileMiddleware|Sending file. Request path: '/_content/Blazorise/validators/RegExMaskValidator.js'. Physical path: '/home/bthomas/.nuget/packages/blazorise/1.0.6/staticwebassets/validators/RegExMaskValidator.js' 
2022-10-07 09:18:28.3863|2|INFO|Microsoft.AspNetCore.Hosting.Diagnostics|Request finished HTTP/2 GET https://localhost:7127/_content/Blazorise/validators/DateTimeMaskValidator.js?v=1.0.6.0 - - - 200 651 application/javascript 0.3673ms 
2022-10-07 09:18:28.3863|2|INFO|Microsoft.AspNetCore.Hosting.Diagnostics|Request finished HTTP/2 GET https://localhost:7127/_content/Blazorise/validators/RegExMaskValidator.js?v=1.0.6.0 - - - 200 633 application/javascript 0.3487ms 
2022-10-07 09:18:28.3863|2|INFO|Microsoft.AspNetCore.Hosting.Diagnostics|Request finished HTTP/2 GET https://localhost:7127/_content/Blazorise/validators/NoValidator.js?v=1.0.6.0 - - - 200 113 application/javascript 0.3498ms 
2022-10-07 09:18:28.3869|2|INFO|Microsoft.AspNetCore.StaticFiles.StaticFileMiddleware|Sending file. Request path: '/_content/Blazorise/validators/NumericMaskValidator.js'. Physical path: '/home/bthomas/.nuget/packages/blazorise/1.0.6/staticwebassets/validators/NumericMaskValidator.js' 
2022-10-07 09:18:28.3869|2|INFO|Microsoft.AspNetCore.Hosting.Diagnostics|Request finished HTTP/2 GET https://localhost:7127/_content/Blazorise/validators/NumericMaskValidator.js?v=1.0.6.0 - - - 200 6408 application/javascript 0.6642ms 
2022-10-07 09:18:28.6141|3|DEBUG|Grpc.AspNetCore.Web.Internal.GrpcWebMiddleware|Sending gRPC-Web response with content-type 'application/grpc-web'. 
2022-10-07 09:18:28.6141|15|DEBUG|Grpc.AspNetCore.Server.ServerCallHandler|Sending message. 
2022-10-07 09:18:28.6243|1|INFO|Microsoft.AspNetCore.Routing.EndpointMiddleware|Executed endpoint 'gRPC - /ReaAccountingSys.GrpcServices.EmployeeService/GetAll' 
2022-10-07 09:18:28.6285|2|INFO|Microsoft.AspNetCore.Hosting.Diagnostics|Request finished HTTP/2 POST https://localhost:7127/ReaAccountingSys.GrpcServices.EmployeeService/GetAll application/grpc-web 10 - 200 - application/grpc-web 444.3420ms 
2022-10-07 09:18:28.7206|1|INFO|Microsoft.AspNetCore.Hosting.Diagnostics|Request starting HTTP/2 GET https://localhost:7127/_content/Blazorise/dropdown.js?v=1.0.6.0 - - 
2022-10-07 09:18:28.7206|3|DEBUG|Microsoft.AspNetCore.StaticFiles.StaticFileMiddleware|The request path  does not match the path filter 
2022-10-07 09:18:28.7206|2|INFO|Microsoft.AspNetCore.StaticFiles.StaticFileMiddleware|Sending file. Request path: '/_content/Blazorise/dropdown.js'. Physical path: '/home/bthomas/.nuget/packages/blazorise/1.0.6/staticwebassets/dropdown.js' 
2022-10-07 09:18:28.7206|2|INFO|Microsoft.AspNetCore.Hosting.Diagnostics|Request finished HTTP/2 GET https://localhost:7127/_content/Blazorise/dropdown.js?v=1.0.6.0 - - - 200 2741 application/javascript 0.4089ms 
2022-10-07 09:18:28.7267|1|INFO|Microsoft.AspNetCore.Hosting.Diagnostics|Request starting HTTP/2 GET https://localhost:7127/_content/Blazorise/popper.js?v=1.0.6.0 - - 
2022-10-07 09:18:28.7267|1|INFO|Microsoft.AspNetCore.Hosting.Diagnostics|Request starting HTTP/2 GET https://localhost:7127/_content/Blazorise/observer.js?v=1.0.6.0 - - 
2022-10-07 09:18:28.7267|3|DEBUG|Microsoft.AspNetCore.StaticFiles.StaticFileMiddleware|The request path  does not match the path filter 
2022-10-07 09:18:28.7267|3|DEBUG|Microsoft.AspNetCore.StaticFiles.StaticFileMiddleware|The request path  does not match the path filter 
2022-10-07 09:18:28.7270|2|INFO|Microsoft.AspNetCore.StaticFiles.StaticFileMiddleware|Sending file. Request path: '/_content/Blazorise/observer.js'. Physical path: '/home/bthomas/.nuget/packages/blazorise/1.0.6/staticwebassets/observer.js' 
2022-10-07 09:18:28.7270|2|INFO|Microsoft.AspNetCore.Hosting.Diagnostics|Request finished HTTP/2 GET https://localhost:7127/_content/Blazorise/observer.js?v=1.0.6.0 - - - 200 2254 application/javascript 0.3109ms 
2022-10-07 09:18:28.7270|2|INFO|Microsoft.AspNetCore.StaticFiles.StaticFileMiddleware|Sending file. Request path: '/_content/Blazorise/popper.js'. Physical path: '/home/bthomas/.nuget/packages/blazorise/1.0.6/staticwebassets/popper.js' 
2022-10-07 09:18:28.7270|2|INFO|Microsoft.AspNetCore.Hosting.Diagnostics|Request finished HTTP/2 GET https://localhost:7127/_content/Blazorise/popper.js?v=1.0.6.0 - - - 200 51877 application/javascript 0.4969ms 
2022-10-07 09:18:47.9173|1|INFO|Microsoft.AspNetCore.Hosting.Diagnostics|Request starting HTTP/2 POST https://localhost:7127/ReaAccountingSys.GrpcServices.EmployeeService/GetAll application/grpc-web 10 
2022-10-07 09:18:47.9173|1|DEBUG|Grpc.AspNetCore.Web.Internal.GrpcWebMiddleware|Detected gRPC-Web request from content-type 'application/grpc-web'. 
2022-10-07 09:18:47.9173|1|DEBUG|Microsoft.AspNetCore.StaticFiles.StaticFileMiddleware|POST requests are not supported 
2022-10-07 09:18:47.9173|1|DEBUG|Microsoft.AspNetCore.StaticFiles.StaticFileMiddleware|POST requests are not supported 
2022-10-07 09:18:47.9173|2|DEBUG|Microsoft.AspNetCore.Cors.Infrastructure.CorsService|The request has an origin header: 'https://localhost:7127'. 
2022-10-07 09:18:47.9173|4|INFO|Microsoft.AspNetCore.Cors.Infrastructure.CorsService|CORS policy execution successful. 
2022-10-07 09:18:47.9236|1001|DEBUG|Microsoft.AspNetCore.Routing.Matching.DfaMatcher|4 candidate(s) found for the request path '/ReaAccountingSys.GrpcServices.EmployeeService/GetAll' 
2022-10-07 09:18:47.9236|1005|DEBUG|Microsoft.AspNetCore.Routing.Matching.DfaMatcher|Endpoint 'gRPC - /ReaAccountingSys.GrpcServices.EmployeeService/GetAll' with route pattern '/ReaAccountingSys.GrpcServices.EmployeeService/GetAll' is valid for the request path '/ReaAccountingSys.GrpcServices.EmployeeService/GetAll' 
2022-10-07 09:18:47.9236|1005|DEBUG|Microsoft.AspNetCore.Routing.Matching.DfaMatcher|Endpoint 'gRPC - Unimplemented method for ReaAccountingSys.GrpcServices.EmployeeService' with route pattern 'ReaAccountingSys.GrpcServices.EmployeeService/{unimplementedMethod}' is valid for the request path '/ReaAccountingSys.GrpcServices.EmployeeService/GetAll' 
2022-10-07 09:18:47.9236|1005|DEBUG|Microsoft.AspNetCore.Routing.Matching.DfaMatcher|Endpoint 'gRPC - Unimplemented service' with route pattern '{unimplementedService}/{unimplementedMethod}' is valid for the request path '/ReaAccountingSys.GrpcServices.EmployeeService/GetAll' 
2022-10-07 09:18:47.9236|1005|DEBUG|Microsoft.AspNetCore.Routing.Matching.DfaMatcher|Endpoint 'Fallback {*path:nonfile}' with route pattern '{*path:nonfile}' is valid for the request path '/ReaAccountingSys.GrpcServices.EmployeeService/GetAll' 
2022-10-07 09:18:47.9236|1|DEBUG|Microsoft.AspNetCore.Routing.EndpointRoutingMiddleware|Request matched endpoint 'gRPC - /ReaAccountingSys.GrpcServices.EmployeeService/GetAll' 
2022-10-07 09:18:47.9236|0|INFO|Microsoft.AspNetCore.Routing.EndpointMiddleware|Executing endpoint 'gRPC - /ReaAccountingSys.GrpcServices.EmployeeService/GetAll' 
2022-10-07 09:18:47.9236|10|DEBUG|Grpc.AspNetCore.Server.ServerCallHandler|Reading message. 
2022-10-07 09:18:47.9236|25|DEBUG|Microsoft.AspNetCore.Server.Kestrel|Connection id "0HML8DQ5QN0BN", Request id "0HML8DQ5QN0BN:0000005B": started reading request body. 
2022-10-07 09:18:47.9236|26|DEBUG|Microsoft.AspNetCore.Server.Kestrel|Connection id "0HML8DQ5QN0BN", Request id "0HML8DQ5QN0BN:0000005B": done reading request body. 
2022-10-07 09:18:47.9346|3|DEBUG|Grpc.AspNetCore.Web.Internal.GrpcWebMiddleware|Sending gRPC-Web response with content-type 'application/grpc-web'. 
2022-10-07 09:18:47.9346|15|DEBUG|Grpc.AspNetCore.Server.ServerCallHandler|Sending message. 
2022-10-07 09:18:47.9346|1|INFO|Microsoft.AspNetCore.Routing.EndpointMiddleware|Executed endpoint 'gRPC - /ReaAccountingSys.GrpcServices.EmployeeService/GetAll' 
2022-10-07 09:18:47.9346|2|INFO|Microsoft.AspNetCore.Hosting.Diagnostics|Request finished HTTP/2 POST https://localhost:7127/ReaAccountingSys.GrpcServices.EmployeeService/GetAll application/grpc-web 10 - 200 - application/grpc-web 17.5262ms 
2022-10-07 09:18:54.7386|1|INFO|Microsoft.AspNetCore.Hosting.Diagnostics|Request starting HTTP/2 POST https://localhost:7127/ReaAccountingSys.GrpcServices.EmployeeService/GetAll application/grpc-web 10 
2022-10-07 09:18:54.7386|1|DEBUG|Grpc.AspNetCore.Web.Internal.GrpcWebMiddleware|Detected gRPC-Web request from content-type 'application/grpc-web'. 
2022-10-07 09:18:54.7386|1|DEBUG|Microsoft.AspNetCore.StaticFiles.StaticFileMiddleware|POST requests are not supported 
2022-10-07 09:18:54.7386|1|DEBUG|Microsoft.AspNetCore.StaticFiles.StaticFileMiddleware|POST requests are not supported 
2022-10-07 09:18:54.7386|2|DEBUG|Microsoft.AspNetCore.Cors.Infrastructure.CorsService|The request has an origin header: 'https://localhost:7127'. 
2022-10-07 09:18:54.7386|4|INFO|Microsoft.AspNetCore.Cors.Infrastructure.CorsService|CORS policy execution successful. 
2022-10-07 09:18:54.7386|1001|DEBUG|Microsoft.AspNetCore.Routing.Matching.DfaMatcher|4 candidate(s) found for the request path '/ReaAccountingSys.GrpcServices.EmployeeService/GetAll' 
2022-10-07 09:18:54.7386|1005|DEBUG|Microsoft.AspNetCore.Routing.Matching.DfaMatcher|Endpoint 'gRPC - /ReaAccountingSys.GrpcServices.EmployeeService/GetAll' with route pattern '/ReaAccountingSys.GrpcServices.EmployeeService/GetAll' is valid for the request path '/ReaAccountingSys.GrpcServices.EmployeeService/GetAll' 
2022-10-07 09:18:54.7386|1005|DEBUG|Microsoft.AspNetCore.Routing.Matching.DfaMatcher|Endpoint 'gRPC - Unimplemented method for ReaAccountingSys.GrpcServices.EmployeeService' with route pattern 'ReaAccountingSys.GrpcServices.EmployeeService/{unimplementedMethod}' is valid for the request path '/ReaAccountingSys.GrpcServices.EmployeeService/GetAll' 
2022-10-07 09:18:54.7386|1005|DEBUG|Microsoft.AspNetCore.Routing.Matching.DfaMatcher|Endpoint 'gRPC - Unimplemented service' with route pattern '{unimplementedService}/{unimplementedMethod}' is valid for the request path '/ReaAccountingSys.GrpcServices.EmployeeService/GetAll' 
2022-10-07 09:18:54.7386|1005|DEBUG|Microsoft.AspNetCore.Routing.Matching.DfaMatcher|Endpoint 'Fallback {*path:nonfile}' with route pattern '{*path:nonfile}' is valid for the request path '/ReaAccountingSys.GrpcServices.EmployeeService/GetAll' 
2022-10-07 09:18:54.7386|1|DEBUG|Microsoft.AspNetCore.Routing.EndpointRoutingMiddleware|Request matched endpoint 'gRPC - /ReaAccountingSys.GrpcServices.EmployeeService/GetAll' 
2022-10-07 09:18:54.7386|0|INFO|Microsoft.AspNetCore.Routing.EndpointMiddleware|Executing endpoint 'gRPC - /ReaAccountingSys.GrpcServices.EmployeeService/GetAll' 
2022-10-07 09:18:54.7389|10|DEBUG|Grpc.AspNetCore.Server.ServerCallHandler|Reading message. 
2022-10-07 09:18:54.7389|25|DEBUG|Microsoft.AspNetCore.Server.Kestrel|Connection id "0HML8DQ5QN0BN", Request id "0HML8DQ5QN0BN:0000005D": started reading request body. 
2022-10-07 09:18:54.7389|26|DEBUG|Microsoft.AspNetCore.Server.Kestrel|Connection id "0HML8DQ5QN0BN", Request id "0HML8DQ5QN0BN:0000005D": done reading request body. 
2022-10-07 09:18:54.7485|3|DEBUG|Grpc.AspNetCore.Web.Internal.GrpcWebMiddleware|Sending gRPC-Web response with content-type 'application/grpc-web'. 
2022-10-07 09:18:54.7485|15|DEBUG|Grpc.AspNetCore.Server.ServerCallHandler|Sending message. 
2022-10-07 09:18:54.7485|1|INFO|Microsoft.AspNetCore.Routing.EndpointMiddleware|Executed endpoint 'gRPC - /ReaAccountingSys.GrpcServices.EmployeeService/GetAll' 
2022-10-07 09:18:54.7485|2|INFO|Microsoft.AspNetCore.Hosting.Diagnostics|Request finished HTTP/2 POST https://localhost:7127/ReaAccountingSys.GrpcServices.EmployeeService/GetAll application/grpc-web 10 - 200 - application/grpc-web 10.1257ms 
2022-10-07 09:18:58.8342|1|INFO|Microsoft.AspNetCore.Hosting.Diagnostics|Request starting HTTP/2 POST https://localhost:7127/ReaAccountingSys.GrpcServices.EmployeeService/GetAll application/grpc-web 10 
2022-10-07 09:18:58.8342|1|DEBUG|Grpc.AspNetCore.Web.Internal.GrpcWebMiddleware|Detected gRPC-Web request from content-type 'application/grpc-web'. 
2022-10-07 09:18:58.8342|1|DEBUG|Microsoft.AspNetCore.StaticFiles.StaticFileMiddleware|POST requests are not supported 
2022-10-07 09:18:58.8342|1|DEBUG|Microsoft.AspNetCore.StaticFiles.StaticFileMiddleware|POST requests are not supported 
2022-10-07 09:18:58.8342|2|DEBUG|Microsoft.AspNetCore.Cors.Infrastructure.CorsService|The request has an origin header: 'https://localhost:7127'. 
2022-10-07 09:18:58.8342|4|INFO|Microsoft.AspNetCore.Cors.Infrastructure.CorsService|CORS policy execution successful. 
2022-10-07 09:18:58.8342|1001|DEBUG|Microsoft.AspNetCore.Routing.Matching.DfaMatcher|4 candidate(s) found for the request path '/ReaAccountingSys.GrpcServices.EmployeeService/GetAll' 
2022-10-07 09:18:58.8342|1005|DEBUG|Microsoft.AspNetCore.Routing.Matching.DfaMatcher|Endpoint 'gRPC - /ReaAccountingSys.GrpcServices.EmployeeService/GetAll' with route pattern '/ReaAccountingSys.GrpcServices.EmployeeService/GetAll' is valid for the request path '/ReaAccountingSys.GrpcServices.EmployeeService/GetAll' 
2022-10-07 09:18:58.8342|1005|DEBUG|Microsoft.AspNetCore.Routing.Matching.DfaMatcher|Endpoint 'gRPC - Unimplemented method for ReaAccountingSys.GrpcServices.EmployeeService' with route pattern 'ReaAccountingSys.GrpcServices.EmployeeService/{unimplementedMethod}' is valid for the request path '/ReaAccountingSys.GrpcServices.EmployeeService/GetAll' 
2022-10-07 09:18:58.8342|1005|DEBUG|Microsoft.AspNetCore.Routing.Matching.DfaMatcher|Endpoint 'gRPC - Unimplemented service' with route pattern '{unimplementedService}/{unimplementedMethod}' is valid for the request path '/ReaAccountingSys.GrpcServices.EmployeeService/GetAll' 
2022-10-07 09:18:58.8342|1005|DEBUG|Microsoft.AspNetCore.Routing.Matching.DfaMatcher|Endpoint 'Fallback {*path:nonfile}' with route pattern '{*path:nonfile}' is valid for the request path '/ReaAccountingSys.GrpcServices.EmployeeService/GetAll' 
2022-10-07 09:18:58.8342|1|DEBUG|Microsoft.AspNetCore.Routing.EndpointRoutingMiddleware|Request matched endpoint 'gRPC - /ReaAccountingSys.GrpcServices.EmployeeService/GetAll' 
2022-10-07 09:18:58.8342|0|INFO|Microsoft.AspNetCore.Routing.EndpointMiddleware|Executing endpoint 'gRPC - /ReaAccountingSys.GrpcServices.EmployeeService/GetAll' 
2022-10-07 09:18:58.8342|10|DEBUG|Grpc.AspNetCore.Server.ServerCallHandler|Reading message. 
2022-10-07 09:18:58.8342|25|DEBUG|Microsoft.AspNetCore.Server.Kestrel|Connection id "0HML8DQ5QN0BN", Request id "0HML8DQ5QN0BN:0000005F": started reading request body. 
2022-10-07 09:18:58.8342|26|DEBUG|Microsoft.AspNetCore.Server.Kestrel|Connection id "0HML8DQ5QN0BN", Request id "0HML8DQ5QN0BN:0000005F": done reading request body. 
2022-10-07 09:18:58.8400|3|DEBUG|Grpc.AspNetCore.Web.Internal.GrpcWebMiddleware|Sending gRPC-Web response with content-type 'application/grpc-web'. 
2022-10-07 09:18:58.8400|15|DEBUG|Grpc.AspNetCore.Server.ServerCallHandler|Sending message. 
2022-10-07 09:18:58.8400|1|INFO|Microsoft.AspNetCore.Routing.EndpointMiddleware|Executed endpoint 'gRPC - /ReaAccountingSys.GrpcServices.EmployeeService/GetAll' 
2022-10-07 09:18:58.8400|2|INFO|Microsoft.AspNetCore.Hosting.Diagnostics|Request finished HTTP/2 POST https://localhost:7127/ReaAccountingSys.GrpcServices.EmployeeService/GetAll application/grpc-web 10 - 200 - application/grpc-web 6.0418ms 
2022-10-07 09:20:54.3384|1|INFO|Microsoft.AspNetCore.Hosting.Diagnostics|Request starting HTTP/2 GET https://localhost:7127/_content/Blazorise/closable.js?v=1.0.6.0 - - 
2022-10-07 09:20:54.3384|3|DEBUG|Microsoft.AspNetCore.StaticFiles.StaticFileMiddleware|The request path  does not match the path filter 
2022-10-07 09:20:54.3392|2|INFO|Microsoft.AspNetCore.StaticFiles.StaticFileMiddleware|Sending file. Request path: '/_content/Blazorise/closable.js'. Physical path: '/home/bthomas/.nuget/packages/blazorise/1.0.6/staticwebassets/closable.js' 
2022-10-07 09:20:54.3392|2|INFO|Microsoft.AspNetCore.Hosting.Diagnostics|Request finished HTTP/2 GET https://localhost:7127/_content/Blazorise/closable.js?v=1.0.6.0 - - - 200 3803 application/javascript 0.8634ms 
2022-10-07 09:23:04.6530|36|DEBUG|Microsoft.AspNetCore.Server.Kestrel.Http2|Connection id "0HML8DQ5QN0BN" is closing. 
2022-10-07 09:23:04.6561|48|DEBUG|Microsoft.AspNetCore.Server.Kestrel.Http2|Connection id "0HML8DQ5QN0BN" is closed. The last processed stream ID was 97. 
2022-10-07 09:23:04.6561|6|DEBUG|Microsoft.AspNetCore.Server.Kestrel.Transport.Sockets|Connection id "0HML8DQ5QN0BN" received FIN. 
2022-10-07 09:23:04.6561|7|DEBUG|Microsoft.AspNetCore.Server.Kestrel.Transport.Sockets|Connection id "0HML8DQ5QN0BN" sending FIN because: "The client closed the connection." 
2022-10-07 09:23:04.6561|2|DEBUG|Microsoft.AspNetCore.Server.Kestrel.Connections|Connection id "0HML8DQ5QN0BN" stopped. 
2022-10-07 09:36:07.3454|0|INFO|Microsoft.Hosting.Lifetime|Application is shutting down... 
2022-10-07 09:36:07.3454|3|DEBUG|Microsoft.Extensions.Hosting.Internal.Host|Hosting stopping 
2022-10-07 09:36:07.3517|4|DEBUG|Microsoft.Extensions.Hosting.Internal.Host|Hosting stopped 
