2022-10-06 00:34:09.0159|0|DEBUG|Program|init main 
2022-10-06 00:34:09.1641|3|DEBUG|Microsoft.AspNetCore.Mvc.Razor.Compilation.DefaultViewCompiler|Initializing Razor view compiler with compiled view: '/Pages/Error.cshtml'. 
2022-10-06 00:34:09.1855|12|DEBUG|Microsoft.AspNetCore.Mvc.ModelBinding.ModelBinderFactory|Registered model binder providers, in the following order: Microsoft.AspNetCore.Mvc.Versioning.ApiVersionModelBinderProvider, Microsoft.AspNetCore.Mvc.ModelBinding.Binders.BinderTypeModelBinderProvider, Microsoft.AspNetCore.Mvc.ModelBinding.Binders.ServicesModelBinderProvider, Microsoft.AspNetCore.Mvc.ModelBinding.Binders.BodyModelBinderProvider, Microsoft.AspNetCore.Mvc.ModelBinding.Binders.HeaderModelBinderProvider, Microsoft.AspNetCore.Mvc.ModelBinding.Binders.FloatingPointTypeModelBinderProvider, Microsoft.AspNetCore.Mvc.ModelBinding.Binders.EnumTypeModelBinderProvider, Microsoft.AspNetCore.Mvc.ModelBinding.Binders.DateTimeModelBinderProvider, Microsoft.AspNetCore.Mvc.ModelBinding.Binders.SimpleTypeModelBinderProvider, Microsoft.AspNetCore.Mvc.ModelBinding.Binders.CancellationTokenModelBinderProvider, Microsoft.AspNetCore.Mvc.ModelBinding.Binders.ByteArrayModelBinderProvider, Microsoft.AspNetCore.Mvc.ModelBinding.Binders.FormFileModelBinderProvider, Microsoft.AspNetCore.Mvc.ModelBinding.Binders.FormCollectionModelBinderProvider, Microsoft.AspNetCore.Mvc.ModelBinding.Binders.KeyValuePairModelBinderProvider, Microsoft.AspNetCore.Mvc.ModelBinding.Binders.DictionaryModelBinderProvider, Microsoft.AspNetCore.Mvc.ModelBinding.Binders.ArrayModelBinderProvider, Microsoft.AspNetCore.Mvc.ModelBinding.Binders.CollectionModelBinderProvider, Microsoft.AspNetCore.Mvc.ModelBinding.Binders.ComplexObjectModelBinderProvider 
2022-10-06 00:34:09.1918|62|INFO|Microsoft.AspNetCore.DataProtection.KeyManagement.XmlKeyManager|User profile is available. Using '/home/bthomas/.aspnet/DataProtection-Keys' as key repository; keys will not be encrypted at rest. 
2022-10-06 00:34:09.2453|1|DEBUG|Microsoft.Extensions.Hosting.Internal.Host|Hosting starting 
2022-10-06 00:34:09.2474|37|DEBUG|Microsoft.AspNetCore.DataProtection.Repositories.FileSystemXmlRepository|Reading data from file '/home/bthomas/.aspnet/DataProtection-Keys/key-cf0c6397-c129-4f0d-baed-7cbbba02e4b2.xml'. 
2022-10-06 00:34:09.2474|37|DEBUG|Microsoft.AspNetCore.DataProtection.Repositories.FileSystemXmlRepository|Reading data from file '/home/bthomas/.aspnet/DataProtection-Keys/key-ba3159b0-7ca5-4d50-ba23-19f7d90d9aaa.xml'. 
2022-10-06 00:34:09.2474|37|DEBUG|Microsoft.AspNetCore.DataProtection.Repositories.FileSystemXmlRepository|Reading data from file '/home/bthomas/.aspnet/DataProtection-Keys/key-62c1834c-86f7-419a-abf4-c7af249ae278.xml'. 
2022-10-06 00:34:09.2474|37|DEBUG|Microsoft.AspNetCore.DataProtection.Repositories.FileSystemXmlRepository|Reading data from file '/home/bthomas/.aspnet/DataProtection-Keys/key-04b24c34-adeb-46fb-8794-a461c7c2c36d.xml'. 
2022-10-06 00:34:09.2474|37|DEBUG|Microsoft.AspNetCore.DataProtection.Repositories.FileSystemXmlRepository|Reading data from file '/home/bthomas/.aspnet/DataProtection-Keys/key-e9d0ea64-fe22-4a99-80bf-f8d745526a7d.xml'. 
2022-10-06 00:34:09.2474|37|DEBUG|Microsoft.AspNetCore.DataProtection.Repositories.FileSystemXmlRepository|Reading data from file '/home/bthomas/.aspnet/DataProtection-Keys/key-952f204c-ebf6-4528-a097-d33ece63c52e.xml'. 
2022-10-06 00:34:09.2474|37|DEBUG|Microsoft.AspNetCore.DataProtection.Repositories.FileSystemXmlRepository|Reading data from file '/home/bthomas/.aspnet/DataProtection-Keys/key-4695af4c-6350-4172-b2a3-5928763ff7cb.xml'. 
2022-10-06 00:34:09.2474|37|DEBUG|Microsoft.AspNetCore.DataProtection.Repositories.FileSystemXmlRepository|Reading data from file '/home/bthomas/.aspnet/DataProtection-Keys/key-af4fca88-cc4d-41ac-8af9-7fb8b9d679ab.xml'. 
2022-10-06 00:34:09.2474|37|DEBUG|Microsoft.AspNetCore.DataProtection.Repositories.FileSystemXmlRepository|Reading data from file '/home/bthomas/.aspnet/DataProtection-Keys/key-bfe6dcf0-0f89-471c-9ad2-bc56b2504eb6.xml'. 
2022-10-06 00:34:09.2474|18|DEBUG|Microsoft.AspNetCore.DataProtection.KeyManagement.XmlKeyManager|Found key {cf0c6397-c129-4f0d-baed-7cbbba02e4b2}. 
2022-10-06 00:34:09.2525|18|DEBUG|Microsoft.AspNetCore.DataProtection.KeyManagement.XmlKeyManager|Found key {ba3159b0-7ca5-4d50-ba23-19f7d90d9aaa}. 
2022-10-06 00:34:09.2525|18|DEBUG|Microsoft.AspNetCore.DataProtection.KeyManagement.XmlKeyManager|Found key {62c1834c-86f7-419a-abf4-c7af249ae278}. 
2022-10-06 00:34:09.2525|18|DEBUG|Microsoft.AspNetCore.DataProtection.KeyManagement.XmlKeyManager|Found key {04b24c34-adeb-46fb-8794-a461c7c2c36d}. 
2022-10-06 00:34:09.2525|18|DEBUG|Microsoft.AspNetCore.DataProtection.KeyManagement.XmlKeyManager|Found key {e9d0ea64-fe22-4a99-80bf-f8d745526a7d}. 
2022-10-06 00:34:09.2525|18|DEBUG|Microsoft.AspNetCore.DataProtection.KeyManagement.XmlKeyManager|Found key {952f204c-ebf6-4528-a097-d33ece63c52e}. 
2022-10-06 00:34:09.2525|18|DEBUG|Microsoft.AspNetCore.DataProtection.KeyManagement.XmlKeyManager|Found key {4695af4c-6350-4172-b2a3-5928763ff7cb}. 
2022-10-06 00:34:09.2525|18|DEBUG|Microsoft.AspNetCore.DataProtection.KeyManagement.XmlKeyManager|Found key {af4fca88-cc4d-41ac-8af9-7fb8b9d679ab}. 
2022-10-06 00:34:09.2525|18|DEBUG|Microsoft.AspNetCore.DataProtection.KeyManagement.XmlKeyManager|Found key {bfe6dcf0-0f89-471c-9ad2-bc56b2504eb6}. 
2022-10-06 00:34:09.2560|13|DEBUG|Microsoft.AspNetCore.DataProtection.KeyManagement.DefaultKeyResolver|Considering key {af4fca88-cc4d-41ac-8af9-7fb8b9d679ab} with expiration date 2022-10-07 21:41:56Z as default key. 
2022-10-06 00:34:09.2560|0|DEBUG|Microsoft.AspNetCore.DataProtection.TypeForwardingActivator|Forwarded activator type request from Microsoft.AspNetCore.DataProtection.AuthenticatedEncryption.ConfigurationModel.AuthenticatedEncryptorDescriptorDeserializer, Microsoft.AspNetCore.DataProtection, Version=6.0.0.0, Culture=neutral, PublicKeyToken=adb9793829ddae60 to Microsoft.AspNetCore.DataProtection.AuthenticatedEncryption.ConfigurationModel.AuthenticatedEncryptorDescriptorDeserializer, Microsoft.AspNetCore.DataProtection, Culture=neutral, PublicKeyToken=adb9793829ddae60 
2022-10-06 00:34:09.2560|11|DEBUG|Microsoft.AspNetCore.DataProtection.AuthenticatedEncryption.ManagedAuthenticatedEncryptorFactory|Using managed symmetric algorithm 'System.Security.Cryptography.Aes'. 
2022-10-06 00:34:09.2560|10|DEBUG|Microsoft.AspNetCore.DataProtection.AuthenticatedEncryption.ManagedAuthenticatedEncryptorFactory|Using managed keyed hash algorithm 'System.Security.Cryptography.HMACSHA256'. 
2022-10-06 00:34:09.2629|2|DEBUG|Microsoft.AspNetCore.DataProtection.KeyManagement.KeyRingProvider|Using key {af4fca88-cc4d-41ac-8af9-7fb8b9d679ab} as the default key. 
2022-10-06 00:34:09.2629|65|DEBUG|Microsoft.AspNetCore.DataProtection.Internal.DataProtectionHostedService|Key ring with default key {af4fca88-cc4d-41ac-8af9-7fb8b9d679ab} was loaded during application startup. 
2022-10-06 00:34:09.3175|0|DEBUG|Microsoft.AspNetCore.Server.Kestrel.Core.KestrelServer|Using development certificate: CN=localhost (Thumbprint: 4C10E7CE8CE935963A0D9F602B88FCAA41ADFE10) 
2022-10-06 00:34:09.3649|14|INFO|Microsoft.Hosting.Lifetime|Now listening on: https://localhost:7127 
2022-10-06 00:34:09.3649|14|INFO|Microsoft.Hosting.Lifetime|Now listening on: http://localhost:5246 
2022-10-06 00:34:09.3649|13|DEBUG|Microsoft.AspNetCore.Hosting.Diagnostics|Loaded hosting startup assembly ReaAccountingSys.Server 
2022-10-06 00:34:09.3649|13|DEBUG|Microsoft.AspNetCore.Hosting.Diagnostics|Loaded hosting startup assembly Microsoft.AspNetCore.Watch.BrowserRefresh 
2022-10-06 00:34:09.3649|0|INFO|Microsoft.Hosting.Lifetime|Application started. Press Ctrl+C to shut down. 
2022-10-06 00:34:09.3649|0|INFO|Microsoft.Hosting.Lifetime|Hosting environment: Development 
2022-10-06 00:34:09.3649|0|INFO|Microsoft.Hosting.Lifetime|Content root path: /home/bthomas/Projects/NetCore/ReaAccountingSystem/src/ReaAccountingSys/Server/ 
2022-10-06 00:34:09.3649|2|DEBUG|Microsoft.Extensions.Hosting.Internal.Host|Hosting started 
2022-10-06 00:34:09.6512|39|DEBUG|Microsoft.AspNetCore.Server.Kestrel.Connections|Connection id "0HML7BHICULGV" accepted. 
2022-10-06 00:34:09.6512|1|DEBUG|Microsoft.AspNetCore.Server.Kestrel.Connections|Connection id "0HML7BHICULGV" started. 
2022-10-06 00:34:09.6798|6|DEBUG|Microsoft.AspNetCore.Server.Kestrel.Transport.Sockets|Connection id "0HML7BHICULGV" received FIN. 
2022-10-06 00:34:09.6798|39|DEBUG|Microsoft.AspNetCore.Server.Kestrel.Connections|Connection id "0HML7BHICULH0" accepted. 
2022-10-06 00:34:09.6798|1|DEBUG|Microsoft.AspNetCore.Server.Kestrel.Connections|Connection id "0HML7BHICULH0" started. 
2022-10-06 00:34:09.6916|3|DEBUG|Microsoft.AspNetCore.Server.Kestrel.Https.Internal.HttpsConnectionMiddleware|Connection 0HML7BHICULH0 established using the following protocol: Tls13 
2022-10-06 00:34:09.6857|1|DEBUG|Microsoft.AspNetCore.Server.Kestrel.Https.Internal.HttpsConnectionMiddleware|Failed to authenticate HTTPS connection. System.Security.Authentication.AuthenticationException: Authentication failed, see inner exception.
 ---> Interop+OpenSsl+SslException: SSL Handshake failed with OpenSSL error - SSL_ERROR_SSL.
 ---> Interop+Crypto+OpenSslCryptographicException: error:14094416:SSL routines:ssl3_read_bytes:sslv3 alert certificate unknown
   --- End of inner exception stack trace ---
   at Interop.OpenSsl.DoSslHandshake(SafeSslHandle context, ReadOnlySpan`1 input, Byte[]& sendBuf, Int32& sendCount)
   at System.Net.Security.SslStreamPal.HandshakeInternal(SafeFreeCredentials credential, SafeDeleteSslContext& context, ReadOnlySpan`1 inputBuffer, Byte[]& outputBuffer, SslAuthenticationOptions sslAuthenticationOptions)
   --- End of inner exception stack trace ---
   at System.Net.Security.SslStream.ForceAuthenticationAsync[TIOAdapter](TIOAdapter adapter, Boolean receiveFirst, Byte[] reAuthenticationData, Boolean isApm)
   at Microsoft.AspNetCore.Server.Kestrel.Https.Internal.HttpsConnectionMiddleware.OnConnectionAsync(ConnectionContext context)
2022-10-06 00:34:09.6983|2|DEBUG|Microsoft.AspNetCore.Server.Kestrel.Connections|Connection id "0HML7BHICULGV" stopped. 
2022-10-06 00:34:09.6983|7|DEBUG|Microsoft.AspNetCore.Server.Kestrel.Transport.Sockets|Connection id "0HML7BHICULGV" sending FIN because: "The Socket transport's send loop completed gracefully." 
2022-10-06 00:34:09.7254|1|INFO|Microsoft.AspNetCore.Hosting.Diagnostics|Request starting HTTP/2 GET https://localhost:7127/ - - 
2022-10-06 00:34:09.7310|0|DEBUG|Microsoft.AspNetCore.HostFiltering.HostFilteringMiddleware|Wildcard detected, all requests with hosts will be allowed. 
2022-10-06 00:34:09.7424|3|DEBUG|Microsoft.AspNetCore.StaticFiles.StaticFileMiddleware|The request path  does not match the path filter 
2022-10-06 00:34:09.7424|4|DEBUG|Microsoft.AspNetCore.StaticFiles.StaticFileMiddleware|The request path / does not match a supported file type 
2022-10-06 00:34:09.7612|1001|DEBUG|Microsoft.AspNetCore.Routing.Matching.DfaMatcher|1 candidate(s) found for the request path '/' 
2022-10-06 00:34:09.7612|1005|DEBUG|Microsoft.AspNetCore.Routing.Matching.DfaMatcher|Endpoint 'Fallback {*path:nonfile}' with route pattern '{*path:nonfile}' is valid for the request path '/' 
2022-10-06 00:34:09.7612|1|DEBUG|Microsoft.AspNetCore.Routing.EndpointRoutingMiddleware|Request matched endpoint 'Fallback {*path:nonfile}' 
2022-10-06 00:34:09.7632|0|INFO|Microsoft.AspNetCore.Routing.EndpointMiddleware|Executing endpoint 'Fallback {*path:nonfile}' 
2022-10-06 00:34:09.7632|1|DEBUG|Microsoft.AspNetCore.Watch.BrowserRefresh.BrowserRefreshMiddleware|Response markup is scheduled to include browser refresh script injection. 
2022-10-06 00:34:09.7801|2|INFO|Microsoft.AspNetCore.StaticFiles.StaticFileMiddleware|Sending file. Request path: '/index.html'. Physical path: '/home/bthomas/Projects/NetCore/ReaAccountingSystem/src/ReaAccountingSys/Client/wwwroot/index.html' 
2022-10-06 00:34:09.7801|1|INFO|Microsoft.AspNetCore.Routing.EndpointMiddleware|Executed endpoint 'Fallback {*path:nonfile}' 
2022-10-06 00:34:09.7801|2|DEBUG|Microsoft.AspNetCore.Watch.BrowserRefresh.BrowserRefreshMiddleware|Response markup was updated to include browser refresh script injection. 
2022-10-06 00:34:09.7831|2|INFO|Microsoft.AspNetCore.Hosting.Diagnostics|Request finished HTTP/2 GET https://localhost:7127/ - - - 200 - text/html 58.5460ms 
2022-10-06 00:34:09.8102|1|INFO|Microsoft.AspNetCore.Hosting.Diagnostics|Request starting HTTP/2 GET https://localhost:7127/_content/Blazorise/blazorise.css - - 
2022-10-06 00:34:09.8102|1|INFO|Microsoft.AspNetCore.Hosting.Diagnostics|Request starting HTTP/2 GET https://localhost:7127/_content/Blazorise.Bootstrap5/blazorise.bootstrap5.css - - 
2022-10-06 00:34:09.8102|1|INFO|Microsoft.AspNetCore.Hosting.Diagnostics|Request starting HTTP/2 GET https://localhost:7127/_framework/blazor.webassembly.js - - 
2022-10-06 00:34:09.8102|1|INFO|Microsoft.AspNetCore.Hosting.Diagnostics|Request starting HTTP/2 GET https://localhost:7127/css/app.css - - 
2022-10-06 00:34:09.8102|1|INFO|Microsoft.AspNetCore.Hosting.Diagnostics|Request starting HTTP/2 GET https://localhost:7127/_content/Fluxor.Blazor.Web/scripts/index.js - - 
2022-10-06 00:34:09.8102|1|INFO|Microsoft.AspNetCore.Hosting.Diagnostics|Request starting HTTP/2 GET https://localhost:7127/_content/Blazorise.Snackbar/blazorise.snackbar.css - - 
2022-10-06 00:34:09.8102|1|INFO|Microsoft.AspNetCore.Hosting.Diagnostics|Request starting HTTP/2 GET https://localhost:7127/_framework/aspnetcore-browser-refresh.js - - 
2022-10-06 00:34:09.8102|3|DEBUG|Microsoft.AspNetCore.StaticFiles.StaticFileMiddleware|The request path  does not match the path filter 
2022-10-06 00:34:09.8102|3|DEBUG|Microsoft.AspNetCore.StaticFiles.StaticFileMiddleware|The request path  does not match the path filter 
2022-10-06 00:34:09.8102|3|DEBUG|Microsoft.AspNetCore.StaticFiles.StaticFileMiddleware|The request path  does not match the path filter 
2022-10-06 00:34:09.8102|3|DEBUG|Microsoft.AspNetCore.StaticFiles.StaticFileMiddleware|The request path  does not match the path filter 
2022-10-06 00:34:09.8102|3|DEBUG|Microsoft.AspNetCore.StaticFiles.StaticFileMiddleware|The request path  does not match the path filter 
2022-10-06 00:34:09.8102|3|DEBUG|Microsoft.AspNetCore.StaticFiles.StaticFileMiddleware|The request path  does not match the path filter 
2022-10-06 00:34:09.8102|5|DEBUG|Microsoft.AspNetCore.StaticFiles.StaticFileMiddleware|The request path /_content/Fluxor.Blazor.Web/scripts/index.js does not match an existing file 
2022-10-06 00:34:09.8113|2|INFO|Microsoft.AspNetCore.StaticFiles.StaticFileMiddleware|Sending file. Request path: '/css/app.css'. Physical path: '/home/bthomas/Projects/NetCore/ReaAccountingSystem/src/ReaAccountingSys/Client/wwwroot/css/app.css' 
2022-10-06 00:34:09.8113|2|INFO|Microsoft.AspNetCore.Hosting.Diagnostics|Request finished HTTP/2 GET https://localhost:7127/css/app.css - - - 200 2813 text/css 1.2862ms 
2022-10-06 00:34:09.8113|1001|DEBUG|Microsoft.AspNetCore.Routing.Matching.DfaMatcher|1 candidate(s) found for the request path '/_content/Fluxor.Blazor.Web/scripts/index.js' 
2022-10-06 00:34:09.8113|2|INFO|Microsoft.AspNetCore.StaticFiles.StaticFileMiddleware|Sending file. Request path: '/_content/Blazorise.Snackbar/blazorise.snackbar.css'. Physical path: '/home/bthomas/.nuget/packages/blazorise.snackbar/1.0.6/staticwebassets/blazorise.snackbar.css' 
2022-10-06 00:34:09.8113|2|INFO|Microsoft.AspNetCore.Hosting.Diagnostics|Request finished HTTP/2 GET https://localhost:7127/_content/Blazorise.Snackbar/blazorise.snackbar.css - - - 200 7789 text/css 3.2326ms 
2022-10-06 00:34:09.8113|2|INFO|Microsoft.AspNetCore.Hosting.Diagnostics|Request finished HTTP/2 GET https://localhost:7127/_framework/aspnetcore-browser-refresh.js - - - 200 11966 application/javascript;+charset=utf-8 3.2438ms 
2022-10-06 00:34:09.8113|1003|DEBUG|Microsoft.AspNetCore.Routing.Matching.DfaMatcher|Endpoint 'Fallback {*path:nonfile}' with route pattern '{*path:nonfile}' was rejected by constraint 'path':'Microsoft.AspNetCore.Routing.Constraints.NonFileNameRouteConstraint' with value '_content/Fluxor.Blazor.Web/scripts/index.js' for the request path '/_content/Fluxor.Blazor.Web/scripts/index.js' 
2022-10-06 00:34:09.8113|1004|DEBUG|Microsoft.AspNetCore.Routing.Matching.DfaMatcher|Endpoint 'Fallback {*path:nonfile}' with route pattern '{*path:nonfile}' is not valid for the request path '/_content/Fluxor.Blazor.Web/scripts/index.js' 
2022-10-06 00:34:09.8113|2|DEBUG|Microsoft.AspNetCore.Routing.EndpointRoutingMiddleware|Request did not match any endpoints 
2022-10-06 00:34:09.8175|1|INFO|Microsoft.AspNetCore.Hosting.Diagnostics|Request starting HTTP/2 GET https://localhost:7127/css/open-iconic/font/css/open-iconic-bootstrap.min.css - - 
2022-10-06 00:34:09.8175|3|DEBUG|Microsoft.AspNetCore.StaticFiles.StaticFileMiddleware|The request path  does not match the path filter 
2022-10-06 00:34:09.8231|2|INFO|Microsoft.AspNetCore.StaticFiles.StaticFileMiddleware|Sending file. Request path: '/css/open-iconic/font/css/open-iconic-bootstrap.min.css'. Physical path: '/home/bthomas/Projects/NetCore/ReaAccountingSystem/src/ReaAccountingSys/Client/wwwroot/css/open-iconic/font/css/open-iconic-bootstrap.min.css' 
2022-10-06 00:34:09.8231|2|INFO|Microsoft.AspNetCore.Hosting.Diagnostics|Request finished HTTP/2 GET https://localhost:7127/_content/Fluxor.Blazor.Web/scripts/index.js - - - 404 0 - 12.8579ms 
2022-10-06 00:34:09.8231|2|INFO|Microsoft.AspNetCore.Hosting.Diagnostics|Request finished HTTP/2 GET https://localhost:7127/css/open-iconic/font/css/open-iconic-bootstrap.min.css - - - 200 9395 text/css 5.7125ms 
2022-10-06 00:34:09.8231|2|INFO|Microsoft.AspNetCore.StaticFiles.StaticFileMiddleware|Sending file. Request path: '/_content/Blazorise/blazorise.css'. Physical path: '/home/bthomas/.nuget/packages/blazorise/1.0.6/staticwebassets/blazorise.css' 
2022-10-06 00:34:09.8231|2|INFO|Microsoft.AspNetCore.Hosting.Diagnostics|Request finished HTTP/2 GET https://localhost:7127/_content/Blazorise/blazorise.css - - - 200 68769 text/css 13.5394ms 
2022-10-06 00:34:09.8308|2|INFO|Microsoft.AspNetCore.StaticFiles.StaticFileMiddleware|Sending file. Request path: '/_framework/blazor.webassembly.js.gz'. Physical path: '/home/bthomas/Projects/NetCore/ReaAccountingSystem/src/ReaAccountingSys/Client/bin/Debug/net6.0/wwwroot/_framework/blazor.webassembly.js.gz' 
2022-10-06 00:34:09.8315|2|INFO|Microsoft.AspNetCore.Hosting.Diagnostics|Request finished HTTP/2 GET https://localhost:7127/_framework/blazor.webassembly.js - - - 200 19181 application/javascript 21.2400ms 
2022-10-06 00:34:09.8559|2|INFO|Microsoft.AspNetCore.StaticFiles.StaticFileMiddleware|Sending file. Request path: '/_content/Blazorise.Bootstrap5/blazorise.bootstrap5.css'. Physical path: '/home/bthomas/.nuget/packages/blazorise.bootstrap5/1.0.6/staticwebassets/blazorise.bootstrap5.css' 
2022-10-06 00:34:09.8559|2|INFO|Microsoft.AspNetCore.Hosting.Diagnostics|Request finished HTTP/2 GET https://localhost:7127/_content/Blazorise.Bootstrap5/blazorise.bootstrap5.css - - - 200 59559 text/css 45.8446ms 
2022-10-06 00:34:09.8633|1|INFO|Microsoft.AspNetCore.Hosting.Diagnostics|Request starting HTTP/2 GET https://localhost:7127/_framework/blazor.boot.json - - 
2022-10-06 00:34:09.8633|3|DEBUG|Microsoft.AspNetCore.StaticFiles.StaticFileMiddleware|The request path  does not match the path filter 
2022-10-06 00:34:09.8633|2|INFO|Microsoft.AspNetCore.StaticFiles.StaticFileMiddleware|Sending file. Request path: '/_framework/blazor.boot.json'. Physical path: '/home/bthomas/Projects/NetCore/ReaAccountingSystem/src/ReaAccountingSys/Client/bin/Debug/net6.0/wwwroot/_framework/blazor.boot.json' 
2022-10-06 00:34:09.8633|2|INFO|Microsoft.AspNetCore.Hosting.Diagnostics|Request finished HTTP/2 GET https://localhost:7127/_framework/blazor.boot.json - - - 200 21147 application/json 0.6934ms 
2022-10-06 00:34:09.8703|1|INFO|Microsoft.AspNetCore.Hosting.Diagnostics|Request starting HTTP/2 GET https://localhost:7127/_framework/dotnet.6.0.9.c7b72bsklh.js - - 
2022-10-06 00:34:09.8703|3|DEBUG|Microsoft.AspNetCore.StaticFiles.StaticFileMiddleware|The request path  does not match the path filter 
2022-10-06 00:34:09.8710|2|INFO|Microsoft.AspNetCore.StaticFiles.StaticFileMiddleware|Sending file. Request path: '/_framework/dotnet.6.0.9.c7b72bsklh.js.gz'. Physical path: '/home/bthomas/Projects/NetCore/ReaAccountingSystem/src/ReaAccountingSys/Client/bin/Debug/net6.0/wwwroot/_framework/dotnet.6.0.9.c7b72bsklh.js.gz' 
2022-10-06 00:34:09.8710|2|INFO|Microsoft.AspNetCore.Hosting.Diagnostics|Request finished HTTP/2 GET https://localhost:7127/_framework/dotnet.6.0.9.c7b72bsklh.js - - - 200 64595 application/javascript 0.7672ms 
2022-10-06 00:34:09.8973|1|INFO|Microsoft.AspNetCore.Hosting.Diagnostics|Request starting HTTP/2 GET https://localhost:7127/_framework/ReaAccountingSys.Shared.dll - - 
2022-10-06 00:34:09.8973|3|DEBUG|Microsoft.AspNetCore.StaticFiles.StaticFileMiddleware|The request path  does not match the path filter 
2022-10-06 00:34:09.8973|1|INFO|Microsoft.AspNetCore.Hosting.Diagnostics|Request starting HTTP/2 GET https://localhost:7127/_framework/ReaAccountingSys.Client.dll - - 
2022-10-06 00:34:09.8973|3|DEBUG|Microsoft.AspNetCore.StaticFiles.StaticFileMiddleware|The request path  does not match the path filter 
2022-10-06 00:34:09.8973|1|INFO|Microsoft.AspNetCore.Hosting.Diagnostics|Request starting HTTP/2 GET https://localhost:7127/_framework/ReaAccountingSys.Shared.pdb - - 
2022-10-06 00:34:09.8973|3|DEBUG|Microsoft.AspNetCore.StaticFiles.StaticFileMiddleware|The request path  does not match the path filter 
2022-10-06 00:34:09.8973|1|INFO|Microsoft.AspNetCore.Hosting.Diagnostics|Request starting HTTP/2 GET https://localhost:7127/_framework/ReaAccountingSys.Client.pdb - - 
2022-10-06 00:34:09.8973|3|DEBUG|Microsoft.AspNetCore.StaticFiles.StaticFileMiddleware|The request path  does not match the path filter 
2022-10-06 00:34:09.8973|2|INFO|Microsoft.AspNetCore.StaticFiles.StaticFileMiddleware|Sending file. Request path: '/_framework/ReaAccountingSys.Shared.dll.gz'. Physical path: '/home/bthomas/Projects/NetCore/ReaAccountingSystem/src/ReaAccountingSys/Client/bin/Debug/net6.0/wwwroot/_framework/ReaAccountingSys.Shared.dll.gz' 
2022-10-06 00:34:09.8973|2|INFO|Microsoft.AspNetCore.Hosting.Diagnostics|Request finished HTTP/2 GET https://localhost:7127/_framework/ReaAccountingSys.Shared.dll - - - 200 15057 application/octet-stream 0.6647ms 
2022-10-06 00:34:09.8973|2|INFO|Microsoft.AspNetCore.StaticFiles.StaticFileMiddleware|Sending file. Request path: '/_framework/ReaAccountingSys.Client.dll.gz'. Physical path: '/home/bthomas/Projects/NetCore/ReaAccountingSystem/src/ReaAccountingSys/Client/bin/Debug/net6.0/wwwroot/_framework/ReaAccountingSys.Client.dll.gz' 
2022-10-06 00:34:09.8973|2|INFO|Microsoft.AspNetCore.StaticFiles.StaticFileMiddleware|Sending file. Request path: '/_framework/ReaAccountingSys.Client.pdb.gz'. Physical path: '/home/bthomas/Projects/NetCore/ReaAccountingSystem/src/ReaAccountingSys/Client/bin/Debug/net6.0/wwwroot/_framework/ReaAccountingSys.Client.pdb.gz' 
2022-10-06 00:34:09.8973|2|INFO|Microsoft.AspNetCore.StaticFiles.StaticFileMiddleware|Sending file. Request path: '/_framework/ReaAccountingSys.Shared.pdb.gz'. Physical path: '/home/bthomas/Projects/NetCore/ReaAccountingSystem/src/ReaAccountingSys/Client/bin/Debug/net6.0/wwwroot/_framework/ReaAccountingSys.Shared.pdb.gz' 
2022-10-06 00:34:09.8973|2|INFO|Microsoft.AspNetCore.Hosting.Diagnostics|Request finished HTTP/2 GET https://localhost:7127/_framework/ReaAccountingSys.Client.pdb - - - 200 38543 application/octet-stream 0.6272ms 
2022-10-06 00:34:09.8973|2|INFO|Microsoft.AspNetCore.Hosting.Diagnostics|Request finished HTTP/2 GET https://localhost:7127/_framework/ReaAccountingSys.Client.dll - - - 200 37361 application/octet-stream 0.8200ms 
2022-10-06 00:34:09.8973|2|INFO|Microsoft.AspNetCore.Hosting.Diagnostics|Request finished HTTP/2 GET https://localhost:7127/_framework/ReaAccountingSys.Shared.pdb - - - 200 10371 application/octet-stream 0.7711ms 
2022-10-06 00:34:10.6522|1|INFO|Microsoft.AspNetCore.Hosting.Diagnostics|Request starting HTTP/2 GET https://localhost:7127/_framework/blazor-hotreload.js - - 
2022-10-06 00:34:10.6522|2|INFO|Microsoft.AspNetCore.Hosting.Diagnostics|Request finished HTTP/2 GET https://localhost:7127/_framework/blazor-hotreload.js - - - 200 743 application/javascript;+charset=utf-8 0.2446ms 
2022-10-06 00:34:10.6907|1|INFO|Microsoft.AspNetCore.Hosting.Diagnostics|Request starting HTTP/2 GET https://localhost:7127/_framework/blazor-hotreload - - 
2022-10-06 00:34:10.6921|2|INFO|Microsoft.AspNetCore.Hosting.Diagnostics|Request finished HTTP/2 GET https://localhost:7127/_framework/blazor-hotreload - - - 204 - - 1.4026ms 
2022-10-06 00:34:11.0785|1|INFO|Microsoft.AspNetCore.Hosting.Diagnostics|Request starting HTTP/2 GET https://localhost:7127/_content/Blazorise/button.js?v=1.0.6.0 - - 
2022-10-06 00:34:11.0785|3|DEBUG|Microsoft.AspNetCore.StaticFiles.StaticFileMiddleware|The request path  does not match the path filter 
2022-10-06 00:34:11.0790|2|INFO|Microsoft.AspNetCore.StaticFiles.StaticFileMiddleware|Sending file. Request path: '/_content/Blazorise/button.js'. Physical path: '/home/bthomas/.nuget/packages/blazorise/1.0.6/staticwebassets/button.js' 
2022-10-06 00:34:11.0790|2|INFO|Microsoft.AspNetCore.Hosting.Diagnostics|Request finished HTTP/2 GET https://localhost:7127/_content/Blazorise/button.js?v=1.0.6.0 - - - 200 949 application/javascript 0.5207ms 
2022-10-06 00:34:11.0790|1|INFO|Microsoft.AspNetCore.Hosting.Diagnostics|Request starting HTTP/2 GET https://localhost:7127/_content/Blazorise/breakpoint.js?v=1.0.6.0 - - 
2022-10-06 00:34:11.0790|3|DEBUG|Microsoft.AspNetCore.StaticFiles.StaticFileMiddleware|The request path  does not match the path filter 
2022-10-06 00:34:11.0790|2|INFO|Microsoft.AspNetCore.StaticFiles.StaticFileMiddleware|Sending file. Request path: '/_content/Blazorise/breakpoint.js'. Physical path: '/home/bthomas/.nuget/packages/blazorise/1.0.6/staticwebassets/breakpoint.js' 
2022-10-06 00:34:11.0790|2|INFO|Microsoft.AspNetCore.Hosting.Diagnostics|Request finished HTTP/2 GET https://localhost:7127/_content/Blazorise/breakpoint.js?v=1.0.6.0 - - - 200 2379 application/javascript 0.4757ms 
2022-10-06 00:34:11.2833|1|INFO|Microsoft.AspNetCore.Hosting.Diagnostics|Request starting HTTP/2 GET https://localhost:7127/_content/Blazorise/utilities.js?v=1.0.6.0 - - 
2022-10-06 00:34:11.2833|3|DEBUG|Microsoft.AspNetCore.StaticFiles.StaticFileMiddleware|The request path  does not match the path filter 
2022-10-06 00:34:11.2833|2|INFO|Microsoft.AspNetCore.StaticFiles.StaticFileMiddleware|Sending file. Request path: '/_content/Blazorise/utilities.js'. Physical path: '/home/bthomas/.nuget/packages/blazorise/1.0.6/staticwebassets/utilities.js' 
2022-10-06 00:34:11.2833|2|INFO|Microsoft.AspNetCore.Hosting.Diagnostics|Request finished HTTP/2 GET https://localhost:7127/_content/Blazorise/utilities.js?v=1.0.6.0 - - - 200 7664 application/javascript 0.3823ms 
2022-10-06 00:34:33.6374|39|DEBUG|Microsoft.AspNetCore.Server.Kestrel.Connections|Connection id "0HML7BHICULH1" accepted. 
2022-10-06 00:34:33.6374|1|DEBUG|Microsoft.AspNetCore.Server.Kestrel.Connections|Connection id "0HML7BHICULH1" started. 
2022-10-06 00:34:33.6415|3|DEBUG|Microsoft.AspNetCore.Server.Kestrel.Https.Internal.HttpsConnectionMiddleware|Connection 0HML7BHICULH1 established using the following protocol: Tls13 
2022-10-06 00:34:33.6415|1|INFO|Microsoft.AspNetCore.Hosting.Diagnostics|Request starting HTTP/2 POST https://localhost:7127/grpc.reflection.v1alpha.ServerReflection/ServerReflectionInfo application/grpc - 
2022-10-06 00:34:33.6415|1|DEBUG|Microsoft.AspNetCore.StaticFiles.StaticFileMiddleware|POST requests are not supported 
2022-10-06 00:34:33.6415|1|DEBUG|Microsoft.AspNetCore.StaticFiles.StaticFileMiddleware|POST requests are not supported 
2022-10-06 00:34:33.6446|1001|DEBUG|Microsoft.AspNetCore.Routing.Matching.DfaMatcher|4 candidate(s) found for the request path '/grpc.reflection.v1alpha.ServerReflection/ServerReflectionInfo' 
2022-10-06 00:34:33.6446|1005|DEBUG|Microsoft.AspNetCore.Routing.Matching.DfaMatcher|Endpoint 'gRPC - /grpc.reflection.v1alpha.ServerReflection/ServerReflectionInfo' with route pattern '/grpc.reflection.v1alpha.ServerReflection/ServerReflectionInfo' is valid for the request path '/grpc.reflection.v1alpha.ServerReflection/ServerReflectionInfo' 
2022-10-06 00:34:33.6446|1005|DEBUG|Microsoft.AspNetCore.Routing.Matching.DfaMatcher|Endpoint 'gRPC - Unimplemented method for grpc.reflection.v1alpha.ServerReflection' with route pattern 'grpc.reflection.v1alpha.ServerReflection/{unimplementedMethod}' is valid for the request path '/grpc.reflection.v1alpha.ServerReflection/ServerReflectionInfo' 
2022-10-06 00:34:33.6446|1005|DEBUG|Microsoft.AspNetCore.Routing.Matching.DfaMatcher|Endpoint 'gRPC - Unimplemented service' with route pattern '{unimplementedService}/{unimplementedMethod}' is valid for the request path '/grpc.reflection.v1alpha.ServerReflection/ServerReflectionInfo' 
2022-10-06 00:34:33.6446|1005|DEBUG|Microsoft.AspNetCore.Routing.Matching.DfaMatcher|Endpoint 'Fallback {*path:nonfile}' with route pattern '{*path:nonfile}' is valid for the request path '/grpc.reflection.v1alpha.ServerReflection/ServerReflectionInfo' 
2022-10-06 00:34:33.6446|1|DEBUG|Microsoft.AspNetCore.Routing.EndpointRoutingMiddleware|Request matched endpoint 'gRPC - /grpc.reflection.v1alpha.ServerReflection/ServerReflectionInfo' 
2022-10-06 00:34:33.6446|0|INFO|Microsoft.AspNetCore.Routing.EndpointMiddleware|Executing endpoint 'gRPC - /grpc.reflection.v1alpha.ServerReflection/ServerReflectionInfo' 
2022-10-06 00:34:33.7166|10|DEBUG|Grpc.AspNetCore.Server.ServerCallHandler|Reading message. 
2022-10-06 00:34:33.7166|25|DEBUG|Microsoft.AspNetCore.Server.Kestrel|Connection id "0HML7BHICULH1", Request id "0HML7BHICULH1:00000001": started reading request body. 
2022-10-06 00:34:33.7232|15|DEBUG|Grpc.AspNetCore.Server.ServerCallHandler|Sending message. 
2022-10-06 00:34:33.7269|10|DEBUG|Grpc.AspNetCore.Server.ServerCallHandler|Reading message. 
2022-10-06 00:34:33.7329|15|DEBUG|Grpc.AspNetCore.Server.ServerCallHandler|Sending message. 
2022-10-06 00:34:33.7329|10|DEBUG|Grpc.AspNetCore.Server.ServerCallHandler|Reading message. 
2022-10-06 00:34:33.7352|15|DEBUG|Grpc.AspNetCore.Server.ServerCallHandler|Sending message. 
2022-10-06 00:34:33.7352|10|DEBUG|Grpc.AspNetCore.Server.ServerCallHandler|Reading message. 
2022-10-06 00:34:33.7352|15|DEBUG|Grpc.AspNetCore.Server.ServerCallHandler|Sending message. 
2022-10-06 00:34:33.7352|10|DEBUG|Grpc.AspNetCore.Server.ServerCallHandler|Reading message. 
2022-10-06 00:34:33.7352|26|DEBUG|Microsoft.AspNetCore.Server.Kestrel|Connection id "0HML7BHICULH1", Request id "0HML7BHICULH1:00000001": done reading request body. 
2022-10-06 00:34:33.7399|1|INFO|Microsoft.AspNetCore.Routing.EndpointMiddleware|Executed endpoint 'gRPC - /grpc.reflection.v1alpha.ServerReflection/ServerReflectionInfo' 
2022-10-06 00:34:33.7399|2|INFO|Microsoft.AspNetCore.Hosting.Diagnostics|Request finished HTTP/2 POST https://localhost:7127/grpc.reflection.v1alpha.ServerReflection/ServerReflectionInfo application/grpc - - 200 - application/grpc 97.8350ms 
2022-10-06 00:35:20.3543|1|INFO|Microsoft.AspNetCore.Hosting.Diagnostics|Request starting HTTP/2 POST https://localhost:7127/ReaAccountingSys.GrpcServices.EmployeeService/GetAll application/grpc - 
2022-10-06 00:35:20.3543|1|DEBUG|Microsoft.AspNetCore.StaticFiles.StaticFileMiddleware|POST requests are not supported 
2022-10-06 00:35:20.3543|1|DEBUG|Microsoft.AspNetCore.StaticFiles.StaticFileMiddleware|POST requests are not supported 
2022-10-06 00:35:20.3543|1001|DEBUG|Microsoft.AspNetCore.Routing.Matching.DfaMatcher|4 candidate(s) found for the request path '/ReaAccountingSys.GrpcServices.EmployeeService/GetAll' 
2022-10-06 00:35:20.3543|1005|DEBUG|Microsoft.AspNetCore.Routing.Matching.DfaMatcher|Endpoint 'gRPC - /ReaAccountingSys.GrpcServices.EmployeeService/GetAll' with route pattern '/ReaAccountingSys.GrpcServices.EmployeeService/GetAll' is valid for the request path '/ReaAccountingSys.GrpcServices.EmployeeService/GetAll' 
2022-10-06 00:35:20.3543|1005|DEBUG|Microsoft.AspNetCore.Routing.Matching.DfaMatcher|Endpoint 'gRPC - Unimplemented method for ReaAccountingSys.GrpcServices.EmployeeService' with route pattern 'ReaAccountingSys.GrpcServices.EmployeeService/{unimplementedMethod}' is valid for the request path '/ReaAccountingSys.GrpcServices.EmployeeService/GetAll' 
2022-10-06 00:35:20.3543|1005|DEBUG|Microsoft.AspNetCore.Routing.Matching.DfaMatcher|Endpoint 'gRPC - Unimplemented service' with route pattern '{unimplementedService}/{unimplementedMethod}' is valid for the request path '/ReaAccountingSys.GrpcServices.EmployeeService/GetAll' 
2022-10-06 00:35:20.3543|1005|DEBUG|Microsoft.AspNetCore.Routing.Matching.DfaMatcher|Endpoint 'Fallback {*path:nonfile}' with route pattern '{*path:nonfile}' is valid for the request path '/ReaAccountingSys.GrpcServices.EmployeeService/GetAll' 
2022-10-06 00:35:20.3543|1|DEBUG|Microsoft.AspNetCore.Routing.EndpointRoutingMiddleware|Request matched endpoint 'gRPC - /ReaAccountingSys.GrpcServices.EmployeeService/GetAll' 
2022-10-06 00:35:20.3543|0|INFO|Microsoft.AspNetCore.Routing.EndpointMiddleware|Executing endpoint 'gRPC - /ReaAccountingSys.GrpcServices.EmployeeService/GetAll' 
2022-10-06 00:35:20.3614|10|DEBUG|Grpc.AspNetCore.Server.ServerCallHandler|Reading message. 
2022-10-06 00:35:20.3614|25|DEBUG|Microsoft.AspNetCore.Server.Kestrel|Connection id "0HML7BHICULH1", Request id "0HML7BHICULH1:00000003": started reading request body. 
2022-10-06 00:35:20.3614|26|DEBUG|Microsoft.AspNetCore.Server.Kestrel|Connection id "0HML7BHICULH1", Request id "0HML7BHICULH1:00000003": done reading request body. 
2022-10-06 00:35:20.4345|10401|DEBUG|Microsoft.EntityFrameworkCore.Infrastructure|An 'IServiceProvider' was created for internal use by Entity Framework. 
2022-10-06 00:35:20.7342|15|DEBUG|Grpc.AspNetCore.Server.ServerCallHandler|Sending message. 
2022-10-06 00:35:20.7374|1|INFO|Microsoft.AspNetCore.Routing.EndpointMiddleware|Executed endpoint 'gRPC - /ReaAccountingSys.GrpcServices.EmployeeService/GetAll' 
2022-10-06 00:35:20.7374|2|INFO|Microsoft.AspNetCore.Hosting.Diagnostics|Request finished HTTP/2 POST https://localhost:7127/ReaAccountingSys.GrpcServices.EmployeeService/GetAll application/grpc - - 200 - application/grpc 384.1144ms 
2022-10-06 00:36:23.2974|36|DEBUG|Microsoft.AspNetCore.Server.Kestrel.Http2|Connection id "0HML7BHICULH0" is closing. 
2022-10-06 00:36:23.3003|48|DEBUG|Microsoft.AspNetCore.Server.Kestrel.Http2|Connection id "0HML7BHICULH0" is closed. The last processed stream ID was 39. 
2022-10-06 00:36:23.3003|6|DEBUG|Microsoft.AspNetCore.Server.Kestrel.Transport.Sockets|Connection id "0HML7BHICULH0" received FIN. 
2022-10-06 00:36:23.3003|7|DEBUG|Microsoft.AspNetCore.Server.Kestrel.Transport.Sockets|Connection id "0HML7BHICULH0" sending FIN because: "The client closed the connection." 
2022-10-06 00:36:23.3003|2|DEBUG|Microsoft.AspNetCore.Server.Kestrel.Connections|Connection id "0HML7BHICULH0" stopped. 
2022-10-06 00:37:31.3076|36|DEBUG|Microsoft.AspNetCore.Server.Kestrel.Http2|Connection id "0HML7BHICULH1" is closing. 
2022-10-06 00:37:31.3076|48|DEBUG|Microsoft.AspNetCore.Server.Kestrel.Http2|Connection id "0HML7BHICULH1" is closed. The last processed stream ID was 3. 
2022-10-06 00:37:31.3076|6|DEBUG|Microsoft.AspNetCore.Server.Kestrel.Transport.Sockets|Connection id "0HML7BHICULH1" received FIN. 
2022-10-06 00:37:31.3076|7|DEBUG|Microsoft.AspNetCore.Server.Kestrel.Transport.Sockets|Connection id "0HML7BHICULH1" sending FIN because: "The client closed the connection." 
2022-10-06 00:37:31.3076|2|DEBUG|Microsoft.AspNetCore.Server.Kestrel.Connections|Connection id "0HML7BHICULH1" stopped. 
2022-10-06 07:24:39.0160|0|INFO|Microsoft.Hosting.Lifetime|Application is shutting down... 
2022-10-06 07:24:39.0160|3|DEBUG|Microsoft.Extensions.Hosting.Internal.Host|Hosting stopping 
2022-10-06 07:24:39.0223|4|DEBUG|Microsoft.Extensions.Hosting.Internal.Host|Hosting stopped 
2022-10-06 08:27:37.0529|0|DEBUG|Program|init main 
2022-10-06 08:27:37.2094|3|DEBUG|Microsoft.AspNetCore.Mvc.Razor.Compilation.DefaultViewCompiler|Initializing Razor view compiler with compiled view: '/Pages/Error.cshtml'. 
2022-10-06 08:27:37.2307|12|DEBUG|Microsoft.AspNetCore.Mvc.ModelBinding.ModelBinderFactory|Registered model binder providers, in the following order: Microsoft.AspNetCore.Mvc.Versioning.ApiVersionModelBinderProvider, Microsoft.AspNetCore.Mvc.ModelBinding.Binders.BinderTypeModelBinderProvider, Microsoft.AspNetCore.Mvc.ModelBinding.Binders.ServicesModelBinderProvider, Microsoft.AspNetCore.Mvc.ModelBinding.Binders.BodyModelBinderProvider, Microsoft.AspNetCore.Mvc.ModelBinding.Binders.HeaderModelBinderProvider, Microsoft.AspNetCore.Mvc.ModelBinding.Binders.FloatingPointTypeModelBinderProvider, Microsoft.AspNetCore.Mvc.ModelBinding.Binders.EnumTypeModelBinderProvider, Microsoft.AspNetCore.Mvc.ModelBinding.Binders.DateTimeModelBinderProvider, Microsoft.AspNetCore.Mvc.ModelBinding.Binders.SimpleTypeModelBinderProvider, Microsoft.AspNetCore.Mvc.ModelBinding.Binders.CancellationTokenModelBinderProvider, Microsoft.AspNetCore.Mvc.ModelBinding.Binders.ByteArrayModelBinderProvider, Microsoft.AspNetCore.Mvc.ModelBinding.Binders.FormFileModelBinderProvider, Microsoft.AspNetCore.Mvc.ModelBinding.Binders.FormCollectionModelBinderProvider, Microsoft.AspNetCore.Mvc.ModelBinding.Binders.KeyValuePairModelBinderProvider, Microsoft.AspNetCore.Mvc.ModelBinding.Binders.DictionaryModelBinderProvider, Microsoft.AspNetCore.Mvc.ModelBinding.Binders.ArrayModelBinderProvider, Microsoft.AspNetCore.Mvc.ModelBinding.Binders.CollectionModelBinderProvider, Microsoft.AspNetCore.Mvc.ModelBinding.Binders.ComplexObjectModelBinderProvider 
2022-10-06 08:27:37.2369|62|INFO|Microsoft.AspNetCore.DataProtection.KeyManagement.XmlKeyManager|User profile is available. Using '/home/bthomas/.aspnet/DataProtection-Keys' as key repository; keys will not be encrypted at rest. 
2022-10-06 08:27:37.2863|1|DEBUG|Microsoft.Extensions.Hosting.Internal.Host|Hosting starting 
2022-10-06 08:27:37.2891|37|DEBUG|Microsoft.AspNetCore.DataProtection.Repositories.FileSystemXmlRepository|Reading data from file '/home/bthomas/.aspnet/DataProtection-Keys/key-cf0c6397-c129-4f0d-baed-7cbbba02e4b2.xml'. 
2022-10-06 08:27:37.2891|37|DEBUG|Microsoft.AspNetCore.DataProtection.Repositories.FileSystemXmlRepository|Reading data from file '/home/bthomas/.aspnet/DataProtection-Keys/key-ba3159b0-7ca5-4d50-ba23-19f7d90d9aaa.xml'. 
2022-10-06 08:27:37.2891|37|DEBUG|Microsoft.AspNetCore.DataProtection.Repositories.FileSystemXmlRepository|Reading data from file '/home/bthomas/.aspnet/DataProtection-Keys/key-62c1834c-86f7-419a-abf4-c7af249ae278.xml'. 
2022-10-06 08:27:37.2891|37|DEBUG|Microsoft.AspNetCore.DataProtection.Repositories.FileSystemXmlRepository|Reading data from file '/home/bthomas/.aspnet/DataProtection-Keys/key-04b24c34-adeb-46fb-8794-a461c7c2c36d.xml'. 
2022-10-06 08:27:37.2891|37|DEBUG|Microsoft.AspNetCore.DataProtection.Repositories.FileSystemXmlRepository|Reading data from file '/home/bthomas/.aspnet/DataProtection-Keys/key-e9d0ea64-fe22-4a99-80bf-f8d745526a7d.xml'. 
2022-10-06 08:27:37.2891|37|DEBUG|Microsoft.AspNetCore.DataProtection.Repositories.FileSystemXmlRepository|Reading data from file '/home/bthomas/.aspnet/DataProtection-Keys/key-952f204c-ebf6-4528-a097-d33ece63c52e.xml'. 
2022-10-06 08:27:37.2891|37|DEBUG|Microsoft.AspNetCore.DataProtection.Repositories.FileSystemXmlRepository|Reading data from file '/home/bthomas/.aspnet/DataProtection-Keys/key-4695af4c-6350-4172-b2a3-5928763ff7cb.xml'. 
2022-10-06 08:27:37.2891|37|DEBUG|Microsoft.AspNetCore.DataProtection.Repositories.FileSystemXmlRepository|Reading data from file '/home/bthomas/.aspnet/DataProtection-Keys/key-af4fca88-cc4d-41ac-8af9-7fb8b9d679ab.xml'. 
2022-10-06 08:27:37.2891|37|DEBUG|Microsoft.AspNetCore.DataProtection.Repositories.FileSystemXmlRepository|Reading data from file '/home/bthomas/.aspnet/DataProtection-Keys/key-bfe6dcf0-0f89-471c-9ad2-bc56b2504eb6.xml'. 
2022-10-06 08:27:37.2921|18|DEBUG|Microsoft.AspNetCore.DataProtection.KeyManagement.XmlKeyManager|Found key {cf0c6397-c129-4f0d-baed-7cbbba02e4b2}. 
2022-10-06 08:27:37.2921|18|DEBUG|Microsoft.AspNetCore.DataProtection.KeyManagement.XmlKeyManager|Found key {ba3159b0-7ca5-4d50-ba23-19f7d90d9aaa}. 
2022-10-06 08:27:37.2921|18|DEBUG|Microsoft.AspNetCore.DataProtection.KeyManagement.XmlKeyManager|Found key {62c1834c-86f7-419a-abf4-c7af249ae278}. 
2022-10-06 08:27:37.2921|18|DEBUG|Microsoft.AspNetCore.DataProtection.KeyManagement.XmlKeyManager|Found key {04b24c34-adeb-46fb-8794-a461c7c2c36d}. 
2022-10-06 08:27:37.2921|18|DEBUG|Microsoft.AspNetCore.DataProtection.KeyManagement.XmlKeyManager|Found key {e9d0ea64-fe22-4a99-80bf-f8d745526a7d}. 
2022-10-06 08:27:37.2921|18|DEBUG|Microsoft.AspNetCore.DataProtection.KeyManagement.XmlKeyManager|Found key {952f204c-ebf6-4528-a097-d33ece63c52e}. 
2022-10-06 08:27:37.2921|18|DEBUG|Microsoft.AspNetCore.DataProtection.KeyManagement.XmlKeyManager|Found key {4695af4c-6350-4172-b2a3-5928763ff7cb}. 
2022-10-06 08:27:37.2921|18|DEBUG|Microsoft.AspNetCore.DataProtection.KeyManagement.XmlKeyManager|Found key {af4fca88-cc4d-41ac-8af9-7fb8b9d679ab}. 
2022-10-06 08:27:37.2921|18|DEBUG|Microsoft.AspNetCore.DataProtection.KeyManagement.XmlKeyManager|Found key {bfe6dcf0-0f89-471c-9ad2-bc56b2504eb6}. 
2022-10-06 08:27:37.2974|13|DEBUG|Microsoft.AspNetCore.DataProtection.KeyManagement.DefaultKeyResolver|Considering key {af4fca88-cc4d-41ac-8af9-7fb8b9d679ab} with expiration date 2022-10-07 21:41:56Z as default key. 
2022-10-06 08:27:37.2974|0|DEBUG|Microsoft.AspNetCore.DataProtection.TypeForwardingActivator|Forwarded activator type request from Microsoft.AspNetCore.DataProtection.AuthenticatedEncryption.ConfigurationModel.AuthenticatedEncryptorDescriptorDeserializer, Microsoft.AspNetCore.DataProtection, Version=6.0.0.0, Culture=neutral, PublicKeyToken=adb9793829ddae60 to Microsoft.AspNetCore.DataProtection.AuthenticatedEncryption.ConfigurationModel.AuthenticatedEncryptorDescriptorDeserializer, Microsoft.AspNetCore.DataProtection, Culture=neutral, PublicKeyToken=adb9793829ddae60 
2022-10-06 08:27:37.2998|11|DEBUG|Microsoft.AspNetCore.DataProtection.AuthenticatedEncryption.ManagedAuthenticatedEncryptorFactory|Using managed symmetric algorithm 'System.Security.Cryptography.Aes'. 
2022-10-06 08:27:37.2998|10|DEBUG|Microsoft.AspNetCore.DataProtection.AuthenticatedEncryption.ManagedAuthenticatedEncryptorFactory|Using managed keyed hash algorithm 'System.Security.Cryptography.HMACSHA256'. 
2022-10-06 08:27:37.3040|2|DEBUG|Microsoft.AspNetCore.DataProtection.KeyManagement.KeyRingProvider|Using key {af4fca88-cc4d-41ac-8af9-7fb8b9d679ab} as the default key. 
2022-10-06 08:27:37.3040|65|DEBUG|Microsoft.AspNetCore.DataProtection.Internal.DataProtectionHostedService|Key ring with default key {af4fca88-cc4d-41ac-8af9-7fb8b9d679ab} was loaded during application startup. 
2022-10-06 08:27:37.3565|0|DEBUG|Microsoft.AspNetCore.Server.Kestrel.Core.KestrelServer|Using development certificate: CN=localhost (Thumbprint: 4C10E7CE8CE935963A0D9F602B88FCAA41ADFE10) 
2022-10-06 08:27:37.4031|14|INFO|Microsoft.Hosting.Lifetime|Now listening on: https://localhost:7127 
2022-10-06 08:27:37.4031|14|INFO|Microsoft.Hosting.Lifetime|Now listening on: http://localhost:5246 
2022-10-06 08:27:37.4031|13|DEBUG|Microsoft.AspNetCore.Hosting.Diagnostics|Loaded hosting startup assembly ReaAccountingSys.Server 
2022-10-06 08:27:37.4031|13|DEBUG|Microsoft.AspNetCore.Hosting.Diagnostics|Loaded hosting startup assembly Microsoft.AspNetCore.Watch.BrowserRefresh 
2022-10-06 08:27:37.4031|0|INFO|Microsoft.Hosting.Lifetime|Application started. Press Ctrl+C to shut down. 
2022-10-06 08:27:37.4031|0|INFO|Microsoft.Hosting.Lifetime|Hosting environment: Development 
2022-10-06 08:27:37.4031|0|INFO|Microsoft.Hosting.Lifetime|Content root path: /home/bthomas/Projects/NetCore/ReaAccountingSystem/src/ReaAccountingSys/Server/ 
2022-10-06 08:27:37.4031|2|DEBUG|Microsoft.Extensions.Hosting.Internal.Host|Hosting started 
2022-10-06 08:27:37.6962|39|DEBUG|Microsoft.AspNetCore.Server.Kestrel.Connections|Connection id "0HML7JQ4L5V89" accepted. 
2022-10-06 08:27:37.6962|1|DEBUG|Microsoft.AspNetCore.Server.Kestrel.Connections|Connection id "0HML7JQ4L5V89" started. 
2022-10-06 08:27:37.7242|39|DEBUG|Microsoft.AspNetCore.Server.Kestrel.Connections|Connection id "0HML7JQ4L5V8A" accepted. 
2022-10-06 08:27:37.7242|1|DEBUG|Microsoft.AspNetCore.Server.Kestrel.Connections|Connection id "0HML7JQ4L5V8A" started. 
2022-10-06 08:27:37.7242|6|DEBUG|Microsoft.AspNetCore.Server.Kestrel.Transport.Sockets|Connection id "0HML7JQ4L5V89" received FIN. 
2022-10-06 08:27:37.7388|3|DEBUG|Microsoft.AspNetCore.Server.Kestrel.Https.Internal.HttpsConnectionMiddleware|Connection 0HML7JQ4L5V8A established using the following protocol: Tls13 
2022-10-06 08:27:37.7311|1|DEBUG|Microsoft.AspNetCore.Server.Kestrel.Https.Internal.HttpsConnectionMiddleware|Failed to authenticate HTTPS connection. System.Security.Authentication.AuthenticationException: Authentication failed, see inner exception.
 ---> Interop+OpenSsl+SslException: SSL Handshake failed with OpenSSL error - SSL_ERROR_SSL.
 ---> Interop+Crypto+OpenSslCryptographicException: error:14094416:SSL routines:ssl3_read_bytes:sslv3 alert certificate unknown
   --- End of inner exception stack trace ---
   at Interop.OpenSsl.DoSslHandshake(SafeSslHandle context, ReadOnlySpan`1 input, Byte[]& sendBuf, Int32& sendCount)
   at System.Net.Security.SslStreamPal.HandshakeInternal(SafeFreeCredentials credential, SafeDeleteSslContext& context, ReadOnlySpan`1 inputBuffer, Byte[]& outputBuffer, SslAuthenticationOptions sslAuthenticationOptions)
   --- End of inner exception stack trace ---
   at System.Net.Security.SslStream.ForceAuthenticationAsync[TIOAdapter](TIOAdapter adapter, Boolean receiveFirst, Byte[] reAuthenticationData, Boolean isApm)
   at Microsoft.AspNetCore.Server.Kestrel.Https.Internal.HttpsConnectionMiddleware.OnConnectionAsync(ConnectionContext context)
2022-10-06 08:27:37.7440|2|DEBUG|Microsoft.AspNetCore.Server.Kestrel.Connections|Connection id "0HML7JQ4L5V89" stopped. 
2022-10-06 08:27:37.7440|7|DEBUG|Microsoft.AspNetCore.Server.Kestrel.Transport.Sockets|Connection id "0HML7JQ4L5V89" sending FIN because: "The Socket transport's send loop completed gracefully." 
2022-10-06 08:27:37.7728|1|INFO|Microsoft.AspNetCore.Hosting.Diagnostics|Request starting HTTP/2 GET https://localhost:7127/ - - 
2022-10-06 08:27:37.7804|0|DEBUG|Microsoft.AspNetCore.HostFiltering.HostFilteringMiddleware|Wildcard detected, all requests with hosts will be allowed. 
2022-10-06 08:27:37.7956|3|DEBUG|Microsoft.AspNetCore.StaticFiles.StaticFileMiddleware|The request path  does not match the path filter 
2022-10-06 08:27:37.7956|4|DEBUG|Microsoft.AspNetCore.StaticFiles.StaticFileMiddleware|The request path / does not match a supported file type 
2022-10-06 08:27:37.8179|1001|DEBUG|Microsoft.AspNetCore.Routing.Matching.DfaMatcher|1 candidate(s) found for the request path '/' 
2022-10-06 08:27:37.8192|1005|DEBUG|Microsoft.AspNetCore.Routing.Matching.DfaMatcher|Endpoint 'Fallback {*path:nonfile}' with route pattern '{*path:nonfile}' is valid for the request path '/' 
2022-10-06 08:27:37.8192|1|DEBUG|Microsoft.AspNetCore.Routing.EndpointRoutingMiddleware|Request matched endpoint 'Fallback {*path:nonfile}' 
2022-10-06 08:27:37.8192|0|INFO|Microsoft.AspNetCore.Routing.EndpointMiddleware|Executing endpoint 'Fallback {*path:nonfile}' 
2022-10-06 08:27:37.8192|1|DEBUG|Microsoft.AspNetCore.Watch.BrowserRefresh.BrowserRefreshMiddleware|Response markup is scheduled to include browser refresh script injection. 
2022-10-06 08:27:37.8355|2|INFO|Microsoft.AspNetCore.StaticFiles.StaticFileMiddleware|Sending file. Request path: '/index.html'. Physical path: '/home/bthomas/Projects/NetCore/ReaAccountingSystem/src/ReaAccountingSys/Client/wwwroot/index.html' 
2022-10-06 08:27:37.8355|1|INFO|Microsoft.AspNetCore.Routing.EndpointMiddleware|Executed endpoint 'Fallback {*path:nonfile}' 
2022-10-06 08:27:37.8355|2|DEBUG|Microsoft.AspNetCore.Watch.BrowserRefresh.BrowserRefreshMiddleware|Response markup was updated to include browser refresh script injection. 
2022-10-06 08:27:37.8412|2|INFO|Microsoft.AspNetCore.Hosting.Diagnostics|Request finished HTTP/2 GET https://localhost:7127/ - - - 200 - text/html 70.9523ms 
2022-10-06 08:27:37.8683|1|INFO|Microsoft.AspNetCore.Hosting.Diagnostics|Request starting HTTP/2 GET https://localhost:7127/_framework/blazor.webassembly.js - - 
2022-10-06 08:27:37.8683|1|INFO|Microsoft.AspNetCore.Hosting.Diagnostics|Request starting HTTP/2 GET https://localhost:7127/_content/Blazorise.Bootstrap5/blazorise.bootstrap5.css - - 
2022-10-06 08:27:37.8683|1|INFO|Microsoft.AspNetCore.Hosting.Diagnostics|Request starting HTTP/2 GET https://localhost:7127/css/app.css - - 
2022-10-06 08:27:37.8683|1|INFO|Microsoft.AspNetCore.Hosting.Diagnostics|Request starting HTTP/2 GET https://localhost:7127/_content/Blazorise.Snackbar/blazorise.snackbar.css - - 
2022-10-06 08:27:37.8683|1|INFO|Microsoft.AspNetCore.Hosting.Diagnostics|Request starting HTTP/2 GET https://localhost:7127/_framework/aspnetcore-browser-refresh.js - - 
2022-10-06 08:27:37.8683|1|INFO|Microsoft.AspNetCore.Hosting.Diagnostics|Request starting HTTP/2 GET https://localhost:7127/_content/Blazorise/blazorise.css - - 
2022-10-06 08:27:37.8683|3|DEBUG|Microsoft.AspNetCore.StaticFiles.StaticFileMiddleware|The request path  does not match the path filter 
2022-10-06 08:27:37.8683|1|INFO|Microsoft.AspNetCore.Hosting.Diagnostics|Request starting HTTP/2 GET https://localhost:7127/_content/Fluxor.Blazor.Web/scripts/index.js - - 
2022-10-06 08:27:37.8683|3|DEBUG|Microsoft.AspNetCore.StaticFiles.StaticFileMiddleware|The request path  does not match the path filter 
2022-10-06 08:27:37.8683|3|DEBUG|Microsoft.AspNetCore.StaticFiles.StaticFileMiddleware|The request path  does not match the path filter 
2022-10-06 08:27:37.8683|3|DEBUG|Microsoft.AspNetCore.StaticFiles.StaticFileMiddleware|The request path  does not match the path filter 
2022-10-06 08:27:37.8683|3|DEBUG|Microsoft.AspNetCore.StaticFiles.StaticFileMiddleware|The request path  does not match the path filter 
2022-10-06 08:27:37.8683|3|DEBUG|Microsoft.AspNetCore.StaticFiles.StaticFileMiddleware|The request path  does not match the path filter 
2022-10-06 08:27:37.8683|5|DEBUG|Microsoft.AspNetCore.StaticFiles.StaticFileMiddleware|The request path /_content/Fluxor.Blazor.Web/scripts/index.js does not match an existing file 
2022-10-06 08:27:37.8683|2|INFO|Microsoft.AspNetCore.StaticFiles.StaticFileMiddleware|Sending file. Request path: '/css/app.css'. Physical path: '/home/bthomas/Projects/NetCore/ReaAccountingSystem/src/ReaAccountingSys/Client/wwwroot/css/app.css' 
2022-10-06 08:27:37.8683|2|INFO|Microsoft.AspNetCore.Hosting.Diagnostics|Request finished HTTP/2 GET https://localhost:7127/css/app.css - - - 200 2813 text/css 2.0029ms 
2022-10-06 08:27:37.8714|1001|DEBUG|Microsoft.AspNetCore.Routing.Matching.DfaMatcher|1 candidate(s) found for the request path '/_content/Fluxor.Blazor.Web/scripts/index.js' 
2022-10-06 08:27:37.8714|2|INFO|Microsoft.AspNetCore.Hosting.Diagnostics|Request finished HTTP/2 GET https://localhost:7127/_framework/aspnetcore-browser-refresh.js - - - 200 11966 application/javascript;+charset=utf-8 3.7838ms 
2022-10-06 08:27:37.8758|1003|DEBUG|Microsoft.AspNetCore.Routing.Matching.DfaMatcher|Endpoint 'Fallback {*path:nonfile}' with route pattern '{*path:nonfile}' was rejected by constraint 'path':'Microsoft.AspNetCore.Routing.Constraints.NonFileNameRouteConstraint' with value '_content/Fluxor.Blazor.Web/scripts/index.js' for the request path '/_content/Fluxor.Blazor.Web/scripts/index.js' 
2022-10-06 08:27:37.8758|1004|DEBUG|Microsoft.AspNetCore.Routing.Matching.DfaMatcher|Endpoint 'Fallback {*path:nonfile}' with route pattern '{*path:nonfile}' is not valid for the request path '/_content/Fluxor.Blazor.Web/scripts/index.js' 
2022-10-06 08:27:37.8758|2|DEBUG|Microsoft.AspNetCore.Routing.EndpointRoutingMiddleware|Request did not match any endpoints 
2022-10-06 08:27:37.8791|1|INFO|Microsoft.AspNetCore.Hosting.Diagnostics|Request starting HTTP/2 GET https://localhost:7127/css/open-iconic/font/css/open-iconic-bootstrap.min.css - - 
2022-10-06 08:27:37.8791|3|DEBUG|Microsoft.AspNetCore.StaticFiles.StaticFileMiddleware|The request path  does not match the path filter 
2022-10-06 08:27:37.8791|2|INFO|Microsoft.AspNetCore.Hosting.Diagnostics|Request finished HTTP/2 GET https://localhost:7127/_content/Fluxor.Blazor.Web/scripts/index.js - - - 404 0 - 11.6464ms 
2022-10-06 08:27:37.8791|2|INFO|Microsoft.AspNetCore.StaticFiles.StaticFileMiddleware|Sending file. Request path: '/css/open-iconic/font/css/open-iconic-bootstrap.min.css'. Physical path: '/home/bthomas/Projects/NetCore/ReaAccountingSystem/src/ReaAccountingSys/Client/wwwroot/css/open-iconic/font/css/open-iconic-bootstrap.min.css' 
2022-10-06 08:27:37.8791|2|INFO|Microsoft.AspNetCore.Hosting.Diagnostics|Request finished HTTP/2 GET https://localhost:7127/css/open-iconic/font/css/open-iconic-bootstrap.min.css - - - 200 9395 text/css 1.4448ms 
2022-10-06 08:27:37.8791|2|INFO|Microsoft.AspNetCore.StaticFiles.StaticFileMiddleware|Sending file. Request path: '/_content/Blazorise/blazorise.css'. Physical path: '/home/bthomas/.nuget/packages/blazorise/1.0.6/staticwebassets/blazorise.css' 
2022-10-06 08:27:37.8791|2|INFO|Microsoft.AspNetCore.Hosting.Diagnostics|Request finished HTTP/2 GET https://localhost:7127/_content/Blazorise/blazorise.css - - - 200 68769 text/css 12.7714ms 
2022-10-06 08:27:37.8880|2|INFO|Microsoft.AspNetCore.StaticFiles.StaticFileMiddleware|Sending file. Request path: '/_framework/blazor.webassembly.js.gz'. Physical path: '/home/bthomas/Projects/NetCore/ReaAccountingSystem/src/ReaAccountingSys/Client/bin/Debug/net6.0/wwwroot/_framework/blazor.webassembly.js.gz' 
2022-10-06 08:27:37.8880|2|INFO|Microsoft.AspNetCore.Hosting.Diagnostics|Request finished HTTP/2 GET https://localhost:7127/_framework/blazor.webassembly.js - - - 200 19181 application/javascript 20.1601ms 
2022-10-06 08:27:37.9033|2|INFO|Microsoft.AspNetCore.StaticFiles.StaticFileMiddleware|Sending file. Request path: '/_content/Blazorise.Snackbar/blazorise.snackbar.css'. Physical path: '/home/bthomas/.nuget/packages/blazorise.snackbar/1.0.6/staticwebassets/blazorise.snackbar.css' 
2022-10-06 08:27:37.9033|2|INFO|Microsoft.AspNetCore.Hosting.Diagnostics|Request finished HTTP/2 GET https://localhost:7127/_content/Blazorise.Snackbar/blazorise.snackbar.css - - - 200 7789 text/css 35.1203ms 
2022-10-06 08:27:37.9033|2|INFO|Microsoft.AspNetCore.StaticFiles.StaticFileMiddleware|Sending file. Request path: '/_content/Blazorise.Bootstrap5/blazorise.bootstrap5.css'. Physical path: '/home/bthomas/.nuget/packages/blazorise.bootstrap5/1.0.6/staticwebassets/blazorise.bootstrap5.css' 
2022-10-06 08:27:37.9033|2|INFO|Microsoft.AspNetCore.Hosting.Diagnostics|Request finished HTTP/2 GET https://localhost:7127/_content/Blazorise.Bootstrap5/blazorise.bootstrap5.css - - - 200 59559 text/css 35.3815ms 
2022-10-06 08:27:37.9117|1|INFO|Microsoft.AspNetCore.Hosting.Diagnostics|Request starting HTTP/2 GET https://localhost:7127/_framework/blazor.boot.json - - 
2022-10-06 08:27:37.9117|3|DEBUG|Microsoft.AspNetCore.StaticFiles.StaticFileMiddleware|The request path  does not match the path filter 
2022-10-06 08:27:37.9117|2|INFO|Microsoft.AspNetCore.StaticFiles.StaticFileMiddleware|Sending file. Request path: '/_framework/blazor.boot.json'. Physical path: '/home/bthomas/Projects/NetCore/ReaAccountingSystem/src/ReaAccountingSys/Client/bin/Debug/net6.0/wwwroot/_framework/blazor.boot.json' 
2022-10-06 08:27:37.9117|2|INFO|Microsoft.AspNetCore.Hosting.Diagnostics|Request finished HTTP/2 GET https://localhost:7127/_framework/blazor.boot.json - - - 200 21148 application/json 0.9462ms 
2022-10-06 08:27:37.9194|1|INFO|Microsoft.AspNetCore.Hosting.Diagnostics|Request starting HTTP/2 GET https://localhost:7127/_framework/dotnet.6.0.9.c7b72bsklh.js - - 
2022-10-06 08:27:37.9194|3|DEBUG|Microsoft.AspNetCore.StaticFiles.StaticFileMiddleware|The request path  does not match the path filter 
2022-10-06 08:27:37.9194|2|INFO|Microsoft.AspNetCore.StaticFiles.StaticFileMiddleware|Sending file. Request path: '/_framework/dotnet.6.0.9.c7b72bsklh.js.gz'. Physical path: '/home/bthomas/Projects/NetCore/ReaAccountingSystem/src/ReaAccountingSys/Client/bin/Debug/net6.0/wwwroot/_framework/dotnet.6.0.9.c7b72bsklh.js.gz' 
2022-10-06 08:27:37.9194|2|INFO|Microsoft.AspNetCore.Hosting.Diagnostics|Request finished HTTP/2 GET https://localhost:7127/_framework/dotnet.6.0.9.c7b72bsklh.js - - - 200 64595 application/javascript 0.8326ms 
2022-10-06 08:27:37.9406|1|INFO|Microsoft.AspNetCore.Hosting.Diagnostics|Request starting HTTP/2 GET https://localhost:7127/_framework/ReaAccountingSys.Client.pdb - - 
2022-10-06 08:27:37.9406|1|INFO|Microsoft.AspNetCore.Hosting.Diagnostics|Request starting HTTP/2 GET https://localhost:7127/_framework/ReaAccountingSys.Client.dll - - 
2022-10-06 08:27:37.9406|3|DEBUG|Microsoft.AspNetCore.StaticFiles.StaticFileMiddleware|The request path  does not match the path filter 
2022-10-06 08:27:37.9406|3|DEBUG|Microsoft.AspNetCore.StaticFiles.StaticFileMiddleware|The request path  does not match the path filter 
2022-10-06 08:27:37.9406|2|INFO|Microsoft.AspNetCore.StaticFiles.StaticFileMiddleware|Sending file. Request path: '/_framework/ReaAccountingSys.Client.pdb.gz'. Physical path: '/home/bthomas/Projects/NetCore/ReaAccountingSystem/src/ReaAccountingSys/Client/bin/Debug/net6.0/wwwroot/_framework/ReaAccountingSys.Client.pdb.gz' 
2022-10-06 08:27:37.9406|2|INFO|Microsoft.AspNetCore.StaticFiles.StaticFileMiddleware|Sending file. Request path: '/_framework/ReaAccountingSys.Client.dll.gz'. Physical path: '/home/bthomas/Projects/NetCore/ReaAccountingSystem/src/ReaAccountingSys/Client/bin/Debug/net6.0/wwwroot/_framework/ReaAccountingSys.Client.dll.gz' 
2022-10-06 08:27:37.9406|2|INFO|Microsoft.AspNetCore.Hosting.Diagnostics|Request finished HTTP/2 GET https://localhost:7127/_framework/ReaAccountingSys.Client.pdb - - - 200 38516 application/octet-stream 0.9059ms 
2022-10-06 08:27:37.9406|2|INFO|Microsoft.AspNetCore.Hosting.Diagnostics|Request finished HTTP/2 GET https://localhost:7127/_framework/ReaAccountingSys.Client.dll - - - 200 37363 application/octet-stream 0.9432ms 
2022-10-06 08:27:38.6630|1|INFO|Microsoft.AspNetCore.Hosting.Diagnostics|Request starting HTTP/2 GET https://localhost:7127/_framework/blazor-hotreload.js - - 
2022-10-06 08:27:38.6630|2|INFO|Microsoft.AspNetCore.Hosting.Diagnostics|Request finished HTTP/2 GET https://localhost:7127/_framework/blazor-hotreload.js - - - 200 743 application/javascript;+charset=utf-8 0.2427ms 
2022-10-06 08:27:38.6880|1|INFO|Microsoft.AspNetCore.Hosting.Diagnostics|Request starting HTTP/2 GET https://localhost:7127/_framework/blazor-hotreload - - 
2022-10-06 08:27:38.6880|2|INFO|Microsoft.AspNetCore.Hosting.Diagnostics|Request finished HTTP/2 GET https://localhost:7127/_framework/blazor-hotreload - - - 204 - - 1.4559ms 
2022-10-06 08:27:39.0590|1|INFO|Microsoft.AspNetCore.Hosting.Diagnostics|Request starting HTTP/2 GET https://localhost:7127/_content/Blazorise/button.js?v=1.0.6.0 - - 
2022-10-06 08:27:39.0590|3|DEBUG|Microsoft.AspNetCore.StaticFiles.StaticFileMiddleware|The request path  does not match the path filter 
2022-10-06 08:27:39.0590|2|INFO|Microsoft.AspNetCore.StaticFiles.StaticFileMiddleware|Sending file. Request path: '/_content/Blazorise/button.js'. Physical path: '/home/bthomas/.nuget/packages/blazorise/1.0.6/staticwebassets/button.js' 
2022-10-06 08:27:39.0590|2|INFO|Microsoft.AspNetCore.Hosting.Diagnostics|Request finished HTTP/2 GET https://localhost:7127/_content/Blazorise/button.js?v=1.0.6.0 - - - 200 949 application/javascript 0.5314ms 
2022-10-06 08:27:39.0590|1|INFO|Microsoft.AspNetCore.Hosting.Diagnostics|Request starting HTTP/2 GET https://localhost:7127/_content/Blazorise/breakpoint.js?v=1.0.6.0 - - 
2022-10-06 08:27:39.0590|3|DEBUG|Microsoft.AspNetCore.StaticFiles.StaticFileMiddleware|The request path  does not match the path filter 
2022-10-06 08:27:39.0590|2|INFO|Microsoft.AspNetCore.StaticFiles.StaticFileMiddleware|Sending file. Request path: '/_content/Blazorise/breakpoint.js'. Physical path: '/home/bthomas/.nuget/packages/blazorise/1.0.6/staticwebassets/breakpoint.js' 
2022-10-06 08:27:39.0590|2|INFO|Microsoft.AspNetCore.Hosting.Diagnostics|Request finished HTTP/2 GET https://localhost:7127/_content/Blazorise/breakpoint.js?v=1.0.6.0 - - - 200 2379 application/javascript 0.2960ms 
2022-10-06 08:27:39.2632|1|INFO|Microsoft.AspNetCore.Hosting.Diagnostics|Request starting HTTP/2 GET https://localhost:7127/_content/Blazorise/utilities.js?v=1.0.6.0 - - 
2022-10-06 08:27:39.2632|3|DEBUG|Microsoft.AspNetCore.StaticFiles.StaticFileMiddleware|The request path  does not match the path filter 
2022-10-06 08:27:39.2632|2|INFO|Microsoft.AspNetCore.StaticFiles.StaticFileMiddleware|Sending file. Request path: '/_content/Blazorise/utilities.js'. Physical path: '/home/bthomas/.nuget/packages/blazorise/1.0.6/staticwebassets/utilities.js' 
2022-10-06 08:27:39.2632|2|INFO|Microsoft.AspNetCore.Hosting.Diagnostics|Request finished HTTP/2 GET https://localhost:7127/_content/Blazorise/utilities.js?v=1.0.6.0 - - - 200 7664 application/javascript 0.4811ms 
2022-10-06 08:27:42.0289|1|INFO|Microsoft.AspNetCore.Hosting.Diagnostics|Request starting HTTP/2 GET https://localhost:7127/CashManagement/Pages/CashMgmtStartPage - - 
2022-10-06 08:27:42.0289|3|DEBUG|Microsoft.AspNetCore.StaticFiles.StaticFileMiddleware|The request path  does not match the path filter 
2022-10-06 08:27:42.0289|4|DEBUG|Microsoft.AspNetCore.StaticFiles.StaticFileMiddleware|The request path /CashManagement/Pages/CashMgmtStartPage does not match a supported file type 
2022-10-06 08:27:42.0314|1001|DEBUG|Microsoft.AspNetCore.Routing.Matching.DfaMatcher|1 candidate(s) found for the request path '/CashManagement/Pages/CashMgmtStartPage' 
2022-10-06 08:27:42.0314|1005|DEBUG|Microsoft.AspNetCore.Routing.Matching.DfaMatcher|Endpoint 'Fallback {*path:nonfile}' with route pattern '{*path:nonfile}' is valid for the request path '/CashManagement/Pages/CashMgmtStartPage' 
2022-10-06 08:27:42.0314|1|DEBUG|Microsoft.AspNetCore.Routing.EndpointRoutingMiddleware|Request matched endpoint 'Fallback {*path:nonfile}' 
2022-10-06 08:27:42.0314|0|INFO|Microsoft.AspNetCore.Routing.EndpointMiddleware|Executing endpoint 'Fallback {*path:nonfile}' 
2022-10-06 08:27:42.0314|1|DEBUG|Microsoft.AspNetCore.Watch.BrowserRefresh.BrowserRefreshMiddleware|Response markup is scheduled to include browser refresh script injection. 
2022-10-06 08:27:42.0314|2|INFO|Microsoft.AspNetCore.StaticFiles.StaticFileMiddleware|Sending file. Request path: '/index.html'. Physical path: '/home/bthomas/Projects/NetCore/ReaAccountingSystem/src/ReaAccountingSys/Client/wwwroot/index.html' 
2022-10-06 08:27:42.0314|1|INFO|Microsoft.AspNetCore.Routing.EndpointMiddleware|Executed endpoint 'Fallback {*path:nonfile}' 
2022-10-06 08:27:42.0314|2|DEBUG|Microsoft.AspNetCore.Watch.BrowserRefresh.BrowserRefreshMiddleware|Response markup was updated to include browser refresh script injection. 
2022-10-06 08:27:42.0314|2|INFO|Microsoft.AspNetCore.Hosting.Diagnostics|Request finished HTTP/2 GET https://localhost:7127/CashManagement/Pages/CashMgmtStartPage - - - 200 - text/html 3.0465ms 
2022-10-06 08:27:42.0429|1|INFO|Microsoft.AspNetCore.Hosting.Diagnostics|Request starting HTTP/2 GET https://localhost:7127/_content/Fluxor.Blazor.Web/scripts/index.js - - 
2022-10-06 08:27:42.0429|1|INFO|Microsoft.AspNetCore.Hosting.Diagnostics|Request starting HTTP/2 GET https://localhost:7127/_framework/aspnetcore-browser-refresh.js - - 
2022-10-06 08:27:42.0429|1|INFO|Microsoft.AspNetCore.Hosting.Diagnostics|Request starting HTTP/2 GET https://localhost:7127/_framework/blazor.webassembly.js - - 
2022-10-06 08:27:42.0429|3|DEBUG|Microsoft.AspNetCore.StaticFiles.StaticFileMiddleware|The request path  does not match the path filter 
2022-10-06 08:27:42.0429|3|DEBUG|Microsoft.AspNetCore.StaticFiles.StaticFileMiddleware|The request path  does not match the path filter 
2022-10-06 08:27:42.0429|5|DEBUG|Microsoft.AspNetCore.StaticFiles.StaticFileMiddleware|The request path /_content/Fluxor.Blazor.Web/scripts/index.js does not match an existing file 
2022-10-06 08:27:42.0429|1001|DEBUG|Microsoft.AspNetCore.Routing.Matching.DfaMatcher|1 candidate(s) found for the request path '/_content/Fluxor.Blazor.Web/scripts/index.js' 
2022-10-06 08:27:42.0429|2|INFO|Microsoft.AspNetCore.Hosting.Diagnostics|Request finished HTTP/2 GET https://localhost:7127/_framework/aspnetcore-browser-refresh.js - - - 200 11966 application/javascript;+charset=utf-8 0.1542ms 
2022-10-06 08:27:42.0429|1003|DEBUG|Microsoft.AspNetCore.Routing.Matching.DfaMatcher|Endpoint 'Fallback {*path:nonfile}' with route pattern '{*path:nonfile}' was rejected by constraint 'path':'Microsoft.AspNetCore.Routing.Constraints.NonFileNameRouteConstraint' with value '_content/Fluxor.Blazor.Web/scripts/index.js' for the request path '/_content/Fluxor.Blazor.Web/scripts/index.js' 
2022-10-06 08:27:42.0429|1004|DEBUG|Microsoft.AspNetCore.Routing.Matching.DfaMatcher|Endpoint 'Fallback {*path:nonfile}' with route pattern '{*path:nonfile}' is not valid for the request path '/_content/Fluxor.Blazor.Web/scripts/index.js' 
2022-10-06 08:27:42.0429|2|DEBUG|Microsoft.AspNetCore.Routing.EndpointRoutingMiddleware|Request did not match any endpoints 
2022-10-06 08:27:42.0429|2|INFO|Microsoft.AspNetCore.Hosting.Diagnostics|Request finished HTTP/2 GET https://localhost:7127/_content/Fluxor.Blazor.Web/scripts/index.js - - - 404 0 - 0.3279ms 
2022-10-06 08:27:42.0471|6|INFO|Microsoft.AspNetCore.StaticFiles.StaticFileMiddleware|The file /_framework/blazor.webassembly.js.gz was not modified 
2022-10-06 08:27:42.0471|8|DEBUG|Microsoft.AspNetCore.StaticFiles.StaticFileMiddleware|Handled. Status code: 304 File: /_framework/blazor.webassembly.js.gz 
2022-10-06 08:27:42.0471|2|INFO|Microsoft.AspNetCore.Hosting.Diagnostics|Request finished HTTP/2 GET https://localhost:7127/_framework/blazor.webassembly.js - - - 304 - application/javascript 4.6480ms 
2022-10-06 08:27:42.0573|1|INFO|Microsoft.AspNetCore.Hosting.Diagnostics|Request starting HTTP/2 GET https://localhost:7127/_framework/blazor.boot.json - - 
2022-10-06 08:27:42.0573|3|DEBUG|Microsoft.AspNetCore.StaticFiles.StaticFileMiddleware|The request path  does not match the path filter 
2022-10-06 08:27:42.0573|2|INFO|Microsoft.AspNetCore.StaticFiles.StaticFileMiddleware|Sending file. Request path: '/_framework/blazor.boot.json'. Physical path: '/home/bthomas/Projects/NetCore/ReaAccountingSystem/src/ReaAccountingSys/Client/bin/Debug/net6.0/wwwroot/_framework/blazor.boot.json' 
2022-10-06 08:27:42.0573|2|INFO|Microsoft.AspNetCore.Hosting.Diagnostics|Request finished HTTP/2 GET https://localhost:7127/_framework/blazor.boot.json - - - 200 21148 application/json 0.6139ms 
2022-10-06 08:27:42.0868|1|INFO|Microsoft.AspNetCore.Hosting.Diagnostics|Request starting HTTP/2 GET https://localhost:7127/_framework/dotnet.6.0.9.c7b72bsklh.js - - 
2022-10-06 08:27:42.0869|3|DEBUG|Microsoft.AspNetCore.StaticFiles.StaticFileMiddleware|The request path  does not match the path filter 
2022-10-06 08:27:42.0869|2|INFO|Microsoft.AspNetCore.StaticFiles.StaticFileMiddleware|Sending file. Request path: '/_framework/dotnet.6.0.9.c7b72bsklh.js.gz'. Physical path: '/home/bthomas/Projects/NetCore/ReaAccountingSystem/src/ReaAccountingSys/Client/bin/Debug/net6.0/wwwroot/_framework/dotnet.6.0.9.c7b72bsklh.js.gz' 
2022-10-06 08:27:42.0869|2|INFO|Microsoft.AspNetCore.Hosting.Diagnostics|Request finished HTTP/2 GET https://localhost:7127/_framework/dotnet.6.0.9.c7b72bsklh.js - - - 200 64595 application/javascript 0.9753ms 
2022-10-06 08:27:42.5565|1|INFO|Microsoft.AspNetCore.Hosting.Diagnostics|Request starting HTTP/2 GET https://localhost:7127/_framework/blazor-hotreload.js - - 
2022-10-06 08:27:42.5565|2|INFO|Microsoft.AspNetCore.Hosting.Diagnostics|Request finished HTTP/2 GET https://localhost:7127/_framework/blazor-hotreload.js - - - 200 743 application/javascript;+charset=utf-8 0.1252ms 
2022-10-06 08:27:42.5716|1|INFO|Microsoft.AspNetCore.Hosting.Diagnostics|Request starting HTTP/2 GET https://localhost:7127/_framework/blazor-hotreload - - 
2022-10-06 08:27:42.5716|2|INFO|Microsoft.AspNetCore.Hosting.Diagnostics|Request finished HTTP/2 GET https://localhost:7127/_framework/blazor-hotreload - - - 204 - - 0.0886ms 
2022-10-06 08:27:42.9155|1|INFO|Microsoft.AspNetCore.Hosting.Diagnostics|Request starting HTTP/2 GET https://localhost:7127/_content/Blazorise/breakpoint.js?v=1.0.6.0 - - 
2022-10-06 08:27:42.9155|3|DEBUG|Microsoft.AspNetCore.StaticFiles.StaticFileMiddleware|The request path  does not match the path filter 
2022-10-06 08:27:42.9155|2|INFO|Microsoft.AspNetCore.StaticFiles.StaticFileMiddleware|Sending file. Request path: '/_content/Blazorise/breakpoint.js'. Physical path: '/home/bthomas/.nuget/packages/blazorise/1.0.6/staticwebassets/breakpoint.js' 
2022-10-06 08:27:42.9155|2|INFO|Microsoft.AspNetCore.Hosting.Diagnostics|Request finished HTTP/2 GET https://localhost:7127/_content/Blazorise/breakpoint.js?v=1.0.6.0 - - - 200 2379 application/javascript 0.4540ms 
2022-10-06 08:27:43.0816|1|INFO|Microsoft.AspNetCore.Hosting.Diagnostics|Request starting HTTP/2 GET https://localhost:7127/_content/Blazorise/utilities.js?v=1.0.6.0 - - 
2022-10-06 08:27:43.0816|3|DEBUG|Microsoft.AspNetCore.StaticFiles.StaticFileMiddleware|The request path  does not match the path filter 
2022-10-06 08:27:43.0816|2|INFO|Microsoft.AspNetCore.StaticFiles.StaticFileMiddleware|Sending file. Request path: '/_content/Blazorise/utilities.js'. Physical path: '/home/bthomas/.nuget/packages/blazorise/1.0.6/staticwebassets/utilities.js' 
2022-10-06 08:27:43.0816|2|INFO|Microsoft.AspNetCore.Hosting.Diagnostics|Request finished HTTP/2 GET https://localhost:7127/_content/Blazorise/utilities.js?v=1.0.6.0 - - - 200 7664 application/javascript 0.4246ms 
2022-10-06 08:27:59.9494|39|DEBUG|Microsoft.AspNetCore.Server.Kestrel.Connections|Connection id "0HML7JQ4L5V8B" accepted. 
2022-10-06 08:27:59.9494|1|DEBUG|Microsoft.AspNetCore.Server.Kestrel.Connections|Connection id "0HML7JQ4L5V8B" started. 
2022-10-06 08:27:59.9518|3|DEBUG|Microsoft.AspNetCore.Server.Kestrel.Https.Internal.HttpsConnectionMiddleware|Connection 0HML7JQ4L5V8B established using the following protocol: Tls13 
2022-10-06 08:27:59.9518|1|INFO|Microsoft.AspNetCore.Hosting.Diagnostics|Request starting HTTP/2 POST https://localhost:7127/ReaAccountingSys.GrpcServices.EmployeeService/GetAll application/grpc - 
2022-10-06 08:27:59.9518|1|DEBUG|Microsoft.AspNetCore.StaticFiles.StaticFileMiddleware|POST requests are not supported 
2022-10-06 08:27:59.9518|1|DEBUG|Microsoft.AspNetCore.StaticFiles.StaticFileMiddleware|POST requests are not supported 
2022-10-06 08:27:59.9518|1001|DEBUG|Microsoft.AspNetCore.Routing.Matching.DfaMatcher|4 candidate(s) found for the request path '/ReaAccountingSys.GrpcServices.EmployeeService/GetAll' 
2022-10-06 08:27:59.9518|1005|DEBUG|Microsoft.AspNetCore.Routing.Matching.DfaMatcher|Endpoint 'gRPC - /ReaAccountingSys.GrpcServices.EmployeeService/GetAll' with route pattern '/ReaAccountingSys.GrpcServices.EmployeeService/GetAll' is valid for the request path '/ReaAccountingSys.GrpcServices.EmployeeService/GetAll' 
2022-10-06 08:27:59.9518|1005|DEBUG|Microsoft.AspNetCore.Routing.Matching.DfaMatcher|Endpoint 'gRPC - Unimplemented method for ReaAccountingSys.GrpcServices.EmployeeService' with route pattern 'ReaAccountingSys.GrpcServices.EmployeeService/{unimplementedMethod}' is valid for the request path '/ReaAccountingSys.GrpcServices.EmployeeService/GetAll' 
2022-10-06 08:27:59.9518|1005|DEBUG|Microsoft.AspNetCore.Routing.Matching.DfaMatcher|Endpoint 'gRPC - Unimplemented service' with route pattern '{unimplementedService}/{unimplementedMethod}' is valid for the request path '/ReaAccountingSys.GrpcServices.EmployeeService/GetAll' 
2022-10-06 08:27:59.9518|1005|DEBUG|Microsoft.AspNetCore.Routing.Matching.DfaMatcher|Endpoint 'Fallback {*path:nonfile}' with route pattern '{*path:nonfile}' is valid for the request path '/ReaAccountingSys.GrpcServices.EmployeeService/GetAll' 
2022-10-06 08:27:59.9518|1|DEBUG|Microsoft.AspNetCore.Routing.EndpointRoutingMiddleware|Request matched endpoint 'gRPC - /ReaAccountingSys.GrpcServices.EmployeeService/GetAll' 
2022-10-06 08:27:59.9518|0|INFO|Microsoft.AspNetCore.Routing.EndpointMiddleware|Executing endpoint 'gRPC - /ReaAccountingSys.GrpcServices.EmployeeService/GetAll' 
2022-10-06 08:27:59.9649|10|DEBUG|Grpc.AspNetCore.Server.ServerCallHandler|Reading message. 
2022-10-06 08:27:59.9649|25|DEBUG|Microsoft.AspNetCore.Server.Kestrel|Connection id "0HML7JQ4L5V8B", Request id "0HML7JQ4L5V8B:00000001": started reading request body. 
2022-10-06 08:27:59.9649|26|DEBUG|Microsoft.AspNetCore.Server.Kestrel|Connection id "0HML7JQ4L5V8B", Request id "0HML7JQ4L5V8B:00000001": done reading request body. 
2022-10-06 08:28:00.0453|10401|DEBUG|Microsoft.EntityFrameworkCore.Infrastructure|An 'IServiceProvider' was created for internal use by Entity Framework. 
2022-10-06 08:28:00.3717|15|DEBUG|Grpc.AspNetCore.Server.ServerCallHandler|Sending message. 
2022-10-06 08:28:00.3811|1|INFO|Microsoft.AspNetCore.Routing.EndpointMiddleware|Executed endpoint 'gRPC - /ReaAccountingSys.GrpcServices.EmployeeService/GetAll' 
2022-10-06 08:28:00.3811|2|INFO|Microsoft.AspNetCore.Hosting.Diagnostics|Request finished HTTP/2 POST https://localhost:7127/ReaAccountingSys.GrpcServices.EmployeeService/GetAll application/grpc - - 200 - application/grpc 429.4012ms 
2022-10-06 08:28:36.0517|0|INFO|Microsoft.Hosting.Lifetime|Application is shutting down... 
2022-10-06 08:28:36.0517|3|DEBUG|Microsoft.Extensions.Hosting.Internal.Host|Hosting stopping 
2022-10-06 08:28:36.0622|36|DEBUG|Microsoft.AspNetCore.Server.Kestrel.Http2|Connection id "0HML7JQ4L5V8B" is closing. 
2022-10-06 08:28:36.0635|36|DEBUG|Microsoft.AspNetCore.Server.Kestrel.Http2|Connection id "0HML7JQ4L5V8A" is closing. 
2022-10-06 08:28:36.0635|48|DEBUG|Microsoft.AspNetCore.Server.Kestrel.Http2|Connection id "0HML7JQ4L5V8B" is closed. The last processed stream ID was 1. 
2022-10-06 08:28:36.0635|48|DEBUG|Microsoft.AspNetCore.Server.Kestrel.Http2|Connection id "0HML7JQ4L5V8A" is closed. The last processed stream ID was 55. 
2022-10-06 08:28:36.0635|6|DEBUG|Microsoft.AspNetCore.Server.Kestrel.Transport.Sockets|Connection id "0HML7JQ4L5V8A" received FIN. 
2022-10-06 08:28:36.0635|7|DEBUG|Microsoft.AspNetCore.Server.Kestrel.Transport.Sockets|Connection id "0HML7JQ4L5V8A" sending FIN because: "The client closed the connection." 
2022-10-06 08:28:36.0635|2|DEBUG|Microsoft.AspNetCore.Server.Kestrel.Connections|Connection id "0HML7JQ4L5V8B" stopped. 
2022-10-06 08:28:36.0635|2|DEBUG|Microsoft.AspNetCore.Server.Kestrel.Connections|Connection id "0HML7JQ4L5V8A" stopped. 
2022-10-06 08:28:36.0635|7|DEBUG|Microsoft.AspNetCore.Server.Kestrel.Transport.Sockets|Connection id "0HML7JQ4L5V8B" sending FIN because: "The Socket transport's send loop completed gracefully." 
2022-10-06 08:28:36.0635|4|DEBUG|Microsoft.Extensions.Hosting.Internal.Host|Hosting stopped 
