2022-10-22 12:29:31.4308|0|DEBUG|Program|init main 
2022-10-22 12:29:31.6000|3|DEBUG|Microsoft.AspNetCore.Mvc.Razor.Compilation.DefaultViewCompiler|Initializing Razor view compiler with compiled view: '/Pages/Error.cshtml'. 
2022-10-22 12:29:31.6216|12|DEBUG|Microsoft.AspNetCore.Mvc.ModelBinding.ModelBinderFactory|Registered model binder providers, in the following order: Microsoft.AspNetCore.Mvc.Versioning.ApiVersionModelBinderProvider, Microsoft.AspNetCore.Mvc.ModelBinding.Binders.BinderTypeModelBinderProvider, Microsoft.AspNetCore.Mvc.ModelBinding.Binders.ServicesModelBinderProvider, Microsoft.AspNetCore.Mvc.ModelBinding.Binders.BodyModelBinderProvider, Microsoft.AspNetCore.Mvc.ModelBinding.Binders.HeaderModelBinderProvider, Microsoft.AspNetCore.Mvc.ModelBinding.Binders.FloatingPointTypeModelBinderProvider, Microsoft.AspNetCore.Mvc.ModelBinding.Binders.EnumTypeModelBinderProvider, Microsoft.AspNetCore.Mvc.ModelBinding.Binders.DateTimeModelBinderProvider, Microsoft.AspNetCore.Mvc.ModelBinding.Binders.SimpleTypeModelBinderProvider, Microsoft.AspNetCore.Mvc.ModelBinding.Binders.CancellationTokenModelBinderProvider, Microsoft.AspNetCore.Mvc.ModelBinding.Binders.ByteArrayModelBinderProvider, Microsoft.AspNetCore.Mvc.ModelBinding.Binders.FormFileModelBinderProvider, Microsoft.AspNetCore.Mvc.ModelBinding.Binders.FormCollectionModelBinderProvider, Microsoft.AspNetCore.Mvc.ModelBinding.Binders.KeyValuePairModelBinderProvider, Microsoft.AspNetCore.Mvc.ModelBinding.Binders.DictionaryModelBinderProvider, Microsoft.AspNetCore.Mvc.ModelBinding.Binders.ArrayModelBinderProvider, Microsoft.AspNetCore.Mvc.ModelBinding.Binders.CollectionModelBinderProvider, Microsoft.AspNetCore.Mvc.ModelBinding.Binders.ComplexObjectModelBinderProvider 
2022-10-22 12:29:31.6277|62|INFO|Microsoft.AspNetCore.DataProtection.KeyManagement.XmlKeyManager|User profile is available. Using '/home/bthomas/.aspnet/DataProtection-Keys' as key repository; keys will not be encrypted at rest. 
2022-10-22 12:29:31.6739|1|DEBUG|Microsoft.Extensions.Hosting.Internal.Host|Hosting starting 
2022-10-22 12:29:31.6739|37|DEBUG|Microsoft.AspNetCore.DataProtection.Repositories.FileSystemXmlRepository|Reading data from file '/home/bthomas/.aspnet/DataProtection-Keys/key-cf0c6397-c129-4f0d-baed-7cbbba02e4b2.xml'. 
2022-10-22 12:29:31.6772|37|DEBUG|Microsoft.AspNetCore.DataProtection.Repositories.FileSystemXmlRepository|Reading data from file '/home/bthomas/.aspnet/DataProtection-Keys/key-ba3159b0-7ca5-4d50-ba23-19f7d90d9aaa.xml'. 
2022-10-22 12:29:31.6772|37|DEBUG|Microsoft.AspNetCore.DataProtection.Repositories.FileSystemXmlRepository|Reading data from file '/home/bthomas/.aspnet/DataProtection-Keys/key-62c1834c-86f7-419a-abf4-c7af249ae278.xml'. 
2022-10-22 12:29:31.6772|37|DEBUG|Microsoft.AspNetCore.DataProtection.Repositories.FileSystemXmlRepository|Reading data from file '/home/bthomas/.aspnet/DataProtection-Keys/key-04b24c34-adeb-46fb-8794-a461c7c2c36d.xml'. 
2022-10-22 12:29:31.6772|37|DEBUG|Microsoft.AspNetCore.DataProtection.Repositories.FileSystemXmlRepository|Reading data from file '/home/bthomas/.aspnet/DataProtection-Keys/key-e9d0ea64-fe22-4a99-80bf-f8d745526a7d.xml'. 
2022-10-22 12:29:31.6772|37|DEBUG|Microsoft.AspNetCore.DataProtection.Repositories.FileSystemXmlRepository|Reading data from file '/home/bthomas/.aspnet/DataProtection-Keys/key-952f204c-ebf6-4528-a097-d33ece63c52e.xml'. 
2022-10-22 12:29:31.6772|37|DEBUG|Microsoft.AspNetCore.DataProtection.Repositories.FileSystemXmlRepository|Reading data from file '/home/bthomas/.aspnet/DataProtection-Keys/key-4695af4c-6350-4172-b2a3-5928763ff7cb.xml'. 
2022-10-22 12:29:31.6772|37|DEBUG|Microsoft.AspNetCore.DataProtection.Repositories.FileSystemXmlRepository|Reading data from file '/home/bthomas/.aspnet/DataProtection-Keys/key-af4fca88-cc4d-41ac-8af9-7fb8b9d679ab.xml'. 
2022-10-22 12:29:31.6772|37|DEBUG|Microsoft.AspNetCore.DataProtection.Repositories.FileSystemXmlRepository|Reading data from file '/home/bthomas/.aspnet/DataProtection-Keys/key-bfe6dcf0-0f89-471c-9ad2-bc56b2504eb6.xml'. 
2022-10-22 12:29:31.6816|18|DEBUG|Microsoft.AspNetCore.DataProtection.KeyManagement.XmlKeyManager|Found key {cf0c6397-c129-4f0d-baed-7cbbba02e4b2}. 
2022-10-22 12:29:31.6816|18|DEBUG|Microsoft.AspNetCore.DataProtection.KeyManagement.XmlKeyManager|Found key {ba3159b0-7ca5-4d50-ba23-19f7d90d9aaa}. 
2022-10-22 12:29:31.6816|18|DEBUG|Microsoft.AspNetCore.DataProtection.KeyManagement.XmlKeyManager|Found key {62c1834c-86f7-419a-abf4-c7af249ae278}. 
2022-10-22 12:29:31.6816|18|DEBUG|Microsoft.AspNetCore.DataProtection.KeyManagement.XmlKeyManager|Found key {04b24c34-adeb-46fb-8794-a461c7c2c36d}. 
2022-10-22 12:29:31.6816|18|DEBUG|Microsoft.AspNetCore.DataProtection.KeyManagement.XmlKeyManager|Found key {e9d0ea64-fe22-4a99-80bf-f8d745526a7d}. 
2022-10-22 12:29:31.6816|18|DEBUG|Microsoft.AspNetCore.DataProtection.KeyManagement.XmlKeyManager|Found key {952f204c-ebf6-4528-a097-d33ece63c52e}. 
2022-10-22 12:29:31.6816|18|DEBUG|Microsoft.AspNetCore.DataProtection.KeyManagement.XmlKeyManager|Found key {4695af4c-6350-4172-b2a3-5928763ff7cb}. 
2022-10-22 12:29:31.6816|18|DEBUG|Microsoft.AspNetCore.DataProtection.KeyManagement.XmlKeyManager|Found key {af4fca88-cc4d-41ac-8af9-7fb8b9d679ab}. 
2022-10-22 12:29:31.6816|18|DEBUG|Microsoft.AspNetCore.DataProtection.KeyManagement.XmlKeyManager|Found key {bfe6dcf0-0f89-471c-9ad2-bc56b2504eb6}. 
2022-10-22 12:29:31.6888|13|DEBUG|Microsoft.AspNetCore.DataProtection.KeyManagement.DefaultKeyResolver|Considering key {ba3159b0-7ca5-4d50-ba23-19f7d90d9aaa} with expiration date 2023-01-03 22:58:09Z as default key. 
2022-10-22 12:29:31.6907|0|DEBUG|Microsoft.AspNetCore.DataProtection.TypeForwardingActivator|Forwarded activator type request from Microsoft.AspNetCore.DataProtection.AuthenticatedEncryption.ConfigurationModel.AuthenticatedEncryptorDescriptorDeserializer, Microsoft.AspNetCore.DataProtection, Version=6.0.0.0, Culture=neutral, PublicKeyToken=adb9793829ddae60 to Microsoft.AspNetCore.DataProtection.AuthenticatedEncryption.ConfigurationModel.AuthenticatedEncryptorDescriptorDeserializer, Microsoft.AspNetCore.DataProtection, Culture=neutral, PublicKeyToken=adb9793829ddae60 
2022-10-22 12:29:31.6907|11|DEBUG|Microsoft.AspNetCore.DataProtection.AuthenticatedEncryption.ManagedAuthenticatedEncryptorFactory|Using managed symmetric algorithm 'System.Security.Cryptography.Aes'. 
2022-10-22 12:29:31.6907|10|DEBUG|Microsoft.AspNetCore.DataProtection.AuthenticatedEncryption.ManagedAuthenticatedEncryptorFactory|Using managed keyed hash algorithm 'System.Security.Cryptography.HMACSHA256'. 
2022-10-22 12:29:31.6965|2|DEBUG|Microsoft.AspNetCore.DataProtection.KeyManagement.KeyRingProvider|Using key {ba3159b0-7ca5-4d50-ba23-19f7d90d9aaa} as the default key. 
2022-10-22 12:29:31.6965|65|DEBUG|Microsoft.AspNetCore.DataProtection.Internal.DataProtectionHostedService|Key ring with default key {ba3159b0-7ca5-4d50-ba23-19f7d90d9aaa} was loaded during application startup. 
2022-10-22 12:29:31.7437|0|DEBUG|Microsoft.AspNetCore.Server.Kestrel.Core.KestrelServer|Using development certificate: CN=localhost (Thumbprint: 4C10E7CE8CE935963A0D9F602B88FCAA41ADFE10) 
2022-10-22 12:29:31.7809|14|INFO|Microsoft.Hosting.Lifetime|Now listening on: https://localhost:7127 
2022-10-22 12:29:31.7809|14|INFO|Microsoft.Hosting.Lifetime|Now listening on: http://localhost:5246 
2022-10-22 12:29:31.7809|13|DEBUG|Microsoft.AspNetCore.Hosting.Diagnostics|Loaded hosting startup assembly ReaAccountingSys.Server 
2022-10-22 12:29:31.7809|13|DEBUG|Microsoft.AspNetCore.Hosting.Diagnostics|Loaded hosting startup assembly Microsoft.AspNetCore.Watch.BrowserRefresh 
2022-10-22 12:29:31.7809|0|INFO|Microsoft.Hosting.Lifetime|Application started. Press Ctrl+C to shut down. 
2022-10-22 12:29:31.7809|0|INFO|Microsoft.Hosting.Lifetime|Hosting environment: Development 
2022-10-22 12:29:31.7809|0|INFO|Microsoft.Hosting.Lifetime|Content root path: /home/bthomas/Projects/NetCore/ReaAccountingSystem/src/ReaAccountingSys/Server/ 
2022-10-22 12:29:31.7809|2|DEBUG|Microsoft.Extensions.Hosting.Internal.Host|Hosting started 
2022-10-22 12:29:32.0355|39|DEBUG|Microsoft.AspNetCore.Server.Kestrel.Connections|Connection id "0HMLKABTIF1V8" accepted. 
2022-10-22 12:29:32.0355|1|DEBUG|Microsoft.AspNetCore.Server.Kestrel.Connections|Connection id "0HMLKABTIF1V8" started. 
2022-10-22 12:29:32.0548|6|DEBUG|Microsoft.AspNetCore.Server.Kestrel.Transport.Sockets|Connection id "0HMLKABTIF1V8" received FIN. 
2022-10-22 12:29:32.0548|39|DEBUG|Microsoft.AspNetCore.Server.Kestrel.Connections|Connection id "0HMLKABTIF1V9" accepted. 
2022-10-22 12:29:32.0569|1|DEBUG|Microsoft.AspNetCore.Server.Kestrel.Connections|Connection id "0HMLKABTIF1V9" started. 
2022-10-22 12:29:32.0635|3|DEBUG|Microsoft.AspNetCore.Server.Kestrel.Https.Internal.HttpsConnectionMiddleware|Connection 0HMLKABTIF1V9 established using the following protocol: Tls13 
2022-10-22 12:29:32.0569|1|DEBUG|Microsoft.AspNetCore.Server.Kestrel.Https.Internal.HttpsConnectionMiddleware|Failed to authenticate HTTPS connection. System.Security.Authentication.AuthenticationException: Authentication failed, see inner exception.
 ---> Interop+OpenSsl+SslException: SSL Handshake failed with OpenSSL error - SSL_ERROR_SSL.
 ---> Interop+Crypto+OpenSslCryptographicException: error:14094416:SSL routines:ssl3_read_bytes:sslv3 alert certificate unknown
   --- End of inner exception stack trace ---
   at Interop.OpenSsl.DoSslHandshake(SafeSslHandle context, ReadOnlySpan`1 input, Byte[]& sendBuf, Int32& sendCount)
   at System.Net.Security.SslStreamPal.HandshakeInternal(SafeFreeCredentials credential, SafeDeleteSslContext& context, ReadOnlySpan`1 inputBuffer, Byte[]& outputBuffer, SslAuthenticationOptions sslAuthenticationOptions)
   --- End of inner exception stack trace ---
   at System.Net.Security.SslStream.ForceAuthenticationAsync[TIOAdapter](TIOAdapter adapter, Boolean receiveFirst, Byte[] reAuthenticationData, Boolean isApm)
   at Microsoft.AspNetCore.Server.Kestrel.Https.Internal.HttpsConnectionMiddleware.OnConnectionAsync(ConnectionContext context)
2022-10-22 12:29:32.0713|2|DEBUG|Microsoft.AspNetCore.Server.Kestrel.Connections|Connection id "0HMLKABTIF1V8" stopped. 
2022-10-22 12:29:32.0713|7|DEBUG|Microsoft.AspNetCore.Server.Kestrel.Transport.Sockets|Connection id "0HMLKABTIF1V8" sending FIN because: "The Socket transport's send loop completed gracefully." 
2022-10-22 12:29:32.0926|1|INFO|Microsoft.AspNetCore.Hosting.Diagnostics|Request starting HTTP/2 GET https://localhost:7127/ - - 
2022-10-22 12:29:32.0989|0|DEBUG|Microsoft.AspNetCore.HostFiltering.HostFilteringMiddleware|Wildcard detected, all requests with hosts will be allowed. 
2022-10-22 12:29:32.1094|3|DEBUG|Microsoft.AspNetCore.StaticFiles.StaticFileMiddleware|The request path  does not match the path filter 
2022-10-22 12:29:32.1094|4|DEBUG|Microsoft.AspNetCore.StaticFiles.StaticFileMiddleware|The request path / does not match a supported file type 
2022-10-22 12:29:32.1309|1001|DEBUG|Microsoft.AspNetCore.Routing.Matching.DfaMatcher|1 candidate(s) found for the request path '/' 
2022-10-22 12:29:32.1309|1005|DEBUG|Microsoft.AspNetCore.Routing.Matching.DfaMatcher|Endpoint 'Fallback {*path:nonfile}' with route pattern '{*path:nonfile}' is valid for the request path '/' 
2022-10-22 12:29:32.1309|1|DEBUG|Microsoft.AspNetCore.Routing.EndpointRoutingMiddleware|Request matched endpoint 'Fallback {*path:nonfile}' 
2022-10-22 12:29:32.1333|0|INFO|Microsoft.AspNetCore.Routing.EndpointMiddleware|Executing endpoint 'Fallback {*path:nonfile}' 
2022-10-22 12:29:32.1333|1|DEBUG|Microsoft.AspNetCore.Watch.BrowserRefresh.BrowserRefreshMiddleware|Response markup is scheduled to include browser refresh script injection. 
2022-10-22 12:29:32.1463|2|INFO|Microsoft.AspNetCore.StaticFiles.StaticFileMiddleware|Sending file. Request path: '/index.html'. Physical path: '/home/bthomas/Projects/NetCore/ReaAccountingSystem/src/ReaAccountingSys/Client/wwwroot/index.html' 
2022-10-22 12:29:32.1463|1|INFO|Microsoft.AspNetCore.Routing.EndpointMiddleware|Executed endpoint 'Fallback {*path:nonfile}' 
2022-10-22 12:29:32.1463|2|DEBUG|Microsoft.AspNetCore.Watch.BrowserRefresh.BrowserRefreshMiddleware|Response markup was updated to include browser refresh script injection. 
2022-10-22 12:29:32.1463|2|INFO|Microsoft.AspNetCore.Hosting.Diagnostics|Request finished HTTP/2 GET https://localhost:7127/ - - - 200 - text/html 57.3506ms 
2022-10-22 12:29:32.1643|1|INFO|Microsoft.AspNetCore.Hosting.Diagnostics|Request starting HTTP/2 GET https://localhost:7127/css/app.css - - 
2022-10-22 12:29:32.1643|1|INFO|Microsoft.AspNetCore.Hosting.Diagnostics|Request starting HTTP/2 GET https://localhost:7127/_framework/blazor.webassembly.js - - 
2022-10-22 12:29:32.1643|1|INFO|Microsoft.AspNetCore.Hosting.Diagnostics|Request starting HTTP/2 GET https://localhost:7127/_content/Blazorise.Bootstrap5/blazorise.bootstrap5.css - - 
2022-10-22 12:29:32.1643|1|INFO|Microsoft.AspNetCore.Hosting.Diagnostics|Request starting HTTP/2 GET https://localhost:7127/_content/Blazorise.Snackbar/blazorise.snackbar.css - - 
2022-10-22 12:29:32.1643|1|INFO|Microsoft.AspNetCore.Hosting.Diagnostics|Request starting HTTP/2 GET https://localhost:7127/_content/Fluxor.Blazor.Web/scripts/index.js - - 
2022-10-22 12:29:32.1643|3|DEBUG|Microsoft.AspNetCore.StaticFiles.StaticFileMiddleware|The request path  does not match the path filter 
2022-10-22 12:29:32.1643|3|DEBUG|Microsoft.AspNetCore.StaticFiles.StaticFileMiddleware|The request path  does not match the path filter 
2022-10-22 12:29:32.1643|3|DEBUG|Microsoft.AspNetCore.StaticFiles.StaticFileMiddleware|The request path  does not match the path filter 
2022-10-22 12:29:32.1643|3|DEBUG|Microsoft.AspNetCore.StaticFiles.StaticFileMiddleware|The request path  does not match the path filter 
2022-10-22 12:29:32.1643|1|INFO|Microsoft.AspNetCore.Hosting.Diagnostics|Request starting HTTP/2 GET https://localhost:7127/_content/Blazorise/blazorise.css - - 
2022-10-22 12:29:32.1643|3|DEBUG|Microsoft.AspNetCore.StaticFiles.StaticFileMiddleware|The request path  does not match the path filter 
2022-10-22 12:29:32.1643|5|DEBUG|Microsoft.AspNetCore.StaticFiles.StaticFileMiddleware|The request path /_content/Fluxor.Blazor.Web/scripts/index.js does not match an existing file 
2022-10-22 12:29:32.1643|1|INFO|Microsoft.AspNetCore.Hosting.Diagnostics|Request starting HTTP/2 GET https://localhost:7127/_framework/aspnetcore-browser-refresh.js - - 
2022-10-22 12:29:32.1658|1001|DEBUG|Microsoft.AspNetCore.Routing.Matching.DfaMatcher|1 candidate(s) found for the request path '/_content/Fluxor.Blazor.Web/scripts/index.js' 
2022-10-22 12:29:32.1658|3|DEBUG|Microsoft.AspNetCore.StaticFiles.StaticFileMiddleware|The request path  does not match the path filter 
2022-10-22 12:29:32.1658|2|INFO|Microsoft.AspNetCore.StaticFiles.StaticFileMiddleware|Sending file. Request path: '/_content/Blazorise.Snackbar/blazorise.snackbar.css'. Physical path: '/home/bthomas/.nuget/packages/blazorise.snackbar/1.0.6/staticwebassets/blazorise.snackbar.css' 
2022-10-22 12:29:32.1689|1003|DEBUG|Microsoft.AspNetCore.Routing.Matching.DfaMatcher|Endpoint 'Fallback {*path:nonfile}' with route pattern '{*path:nonfile}' was rejected by constraint 'path':'Microsoft.AspNetCore.Routing.Constraints.NonFileNameRouteConstraint' with value '_content/Fluxor.Blazor.Web/scripts/index.js' for the request path '/_content/Fluxor.Blazor.Web/scripts/index.js' 
2022-10-22 12:29:32.1689|1004|DEBUG|Microsoft.AspNetCore.Routing.Matching.DfaMatcher|Endpoint 'Fallback {*path:nonfile}' with route pattern '{*path:nonfile}' is not valid for the request path '/_content/Fluxor.Blazor.Web/scripts/index.js' 
2022-10-22 12:29:32.1689|2|DEBUG|Microsoft.AspNetCore.Routing.EndpointRoutingMiddleware|Request did not match any endpoints 
2022-10-22 12:29:32.1758|2|INFO|Microsoft.AspNetCore.Hosting.Diagnostics|Request finished HTTP/2 GET https://localhost:7127/_content/Blazorise.Snackbar/blazorise.snackbar.css - - - 200 7789 text/css 11.4150ms 
2022-10-22 12:29:32.1758|2|INFO|Microsoft.AspNetCore.Hosting.Diagnostics|Request finished HTTP/2 GET https://localhost:7127/_framework/aspnetcore-browser-refresh.js - - - 200 11966 application/javascript;+charset=utf-8 11.1707ms 
2022-10-22 12:29:32.1758|2|INFO|Microsoft.AspNetCore.StaticFiles.StaticFileMiddleware|Sending file. Request path: '/_content/Blazorise/blazorise.css'. Physical path: '/home/bthomas/.nuget/packages/blazorise/1.0.6/staticwebassets/blazorise.css' 
2022-10-22 12:29:32.1758|2|INFO|Microsoft.AspNetCore.Hosting.Diagnostics|Request finished HTTP/2 GET https://localhost:7127/_content/Blazorise/blazorise.css - - - 200 68769 text/css 11.4848ms 
2022-10-22 12:29:32.1758|2|INFO|Microsoft.AspNetCore.Hosting.Diagnostics|Request finished HTTP/2 GET https://localhost:7127/_content/Fluxor.Blazor.Web/scripts/index.js - - - 404 0 - 11.7757ms 
2022-10-22 12:29:32.1758|2|INFO|Microsoft.AspNetCore.StaticFiles.StaticFileMiddleware|Sending file. Request path: '/_content/Blazorise.Bootstrap5/blazorise.bootstrap5.css'. Physical path: '/home/bthomas/.nuget/packages/blazorise.bootstrap5/1.0.6/staticwebassets/blazorise.bootstrap5.css' 
2022-10-22 12:29:32.1758|2|INFO|Microsoft.AspNetCore.Hosting.Diagnostics|Request finished HTTP/2 GET https://localhost:7127/_content/Blazorise.Bootstrap5/blazorise.bootstrap5.css - - - 200 59559 text/css 12.4539ms 
2022-10-22 12:29:32.1804|2|INFO|Microsoft.AspNetCore.StaticFiles.StaticFileMiddleware|Sending file. Request path: '/_framework/blazor.webassembly.js.gz'. Physical path: '/home/bthomas/Projects/NetCore/ReaAccountingSystem/src/ReaAccountingSys/Client/bin/Debug/net6.0/wwwroot/_framework/blazor.webassembly.js.gz' 
2022-10-22 12:29:32.1804|2|INFO|Microsoft.AspNetCore.Hosting.Diagnostics|Request finished HTTP/2 GET https://localhost:7127/_framework/blazor.webassembly.js - - - 200 19181 application/javascript 16.3613ms 
2022-10-22 12:29:32.2212|2|INFO|Microsoft.AspNetCore.StaticFiles.StaticFileMiddleware|Sending file. Request path: '/css/app.css'. Physical path: '/home/bthomas/Projects/NetCore/ReaAccountingSystem/src/ReaAccountingSys/Client/wwwroot/css/app.css' 
2022-10-22 12:29:32.2212|2|INFO|Microsoft.AspNetCore.Hosting.Diagnostics|Request finished HTTP/2 GET https://localhost:7127/css/app.css - - - 200 2874 text/css 56.9426ms 
2022-10-22 12:29:32.2265|1|INFO|Microsoft.AspNetCore.Hosting.Diagnostics|Request starting HTTP/2 GET https://localhost:7127/css/open-iconic/font/css/open-iconic-bootstrap.min.css - - 
2022-10-22 12:29:32.2265|3|DEBUG|Microsoft.AspNetCore.StaticFiles.StaticFileMiddleware|The request path  does not match the path filter 
2022-10-22 12:29:32.2265|2|INFO|Microsoft.AspNetCore.StaticFiles.StaticFileMiddleware|Sending file. Request path: '/css/open-iconic/font/css/open-iconic-bootstrap.min.css'. Physical path: '/home/bthomas/Projects/NetCore/ReaAccountingSystem/src/ReaAccountingSys/Client/wwwroot/css/open-iconic/font/css/open-iconic-bootstrap.min.css' 
2022-10-22 12:29:32.2265|2|INFO|Microsoft.AspNetCore.Hosting.Diagnostics|Request finished HTTP/2 GET https://localhost:7127/css/open-iconic/font/css/open-iconic-bootstrap.min.css - - - 200 9395 text/css 1.2470ms 
2022-10-22 12:29:32.2323|1|INFO|Microsoft.AspNetCore.Hosting.Diagnostics|Request starting HTTP/2 GET https://localhost:7127/_framework/blazor.boot.json - - 
2022-10-22 12:29:32.2323|3|DEBUG|Microsoft.AspNetCore.StaticFiles.StaticFileMiddleware|The request path  does not match the path filter 
2022-10-22 12:29:32.2323|2|INFO|Microsoft.AspNetCore.StaticFiles.StaticFileMiddleware|Sending file. Request path: '/_framework/blazor.boot.json'. Physical path: '/home/bthomas/Projects/NetCore/ReaAccountingSystem/src/ReaAccountingSys/Client/bin/Debug/net6.0/wwwroot/_framework/blazor.boot.json' 
2022-10-22 12:29:32.2329|2|INFO|Microsoft.AspNetCore.Hosting.Diagnostics|Request finished HTTP/2 GET https://localhost:7127/_framework/blazor.boot.json - - - 200 21131 application/json 0.6027ms 
2022-10-22 12:29:32.2498|1|INFO|Microsoft.AspNetCore.Hosting.Diagnostics|Request starting HTTP/2 GET https://localhost:7127/_framework/dotnet.6.0.10.owdd4385u9.js - - 
2022-10-22 12:29:32.2498|3|DEBUG|Microsoft.AspNetCore.StaticFiles.StaticFileMiddleware|The request path  does not match the path filter 
2022-10-22 12:29:32.2498|2|INFO|Microsoft.AspNetCore.StaticFiles.StaticFileMiddleware|Sending file. Request path: '/_framework/dotnet.6.0.10.owdd4385u9.js.gz'. Physical path: '/home/bthomas/Projects/NetCore/ReaAccountingSystem/src/ReaAccountingSys/Client/bin/Debug/net6.0/wwwroot/_framework/dotnet.6.0.10.owdd4385u9.js.gz' 
2022-10-22 12:29:32.2498|2|INFO|Microsoft.AspNetCore.Hosting.Diagnostics|Request finished HTTP/2 GET https://localhost:7127/_framework/dotnet.6.0.10.owdd4385u9.js - - - 200 64592 application/javascript 1.6004ms 
2022-10-22 12:29:32.2909|1|INFO|Microsoft.AspNetCore.Hosting.Diagnostics|Request starting HTTP/2 GET https://localhost:7127/_framework/ReaAccountingSys.Client.dll - - 
2022-10-22 12:29:32.2909|1|INFO|Microsoft.AspNetCore.Hosting.Diagnostics|Request starting HTTP/2 GET https://localhost:7127/_framework/ReaAccountingSys.Client.pdb - - 
2022-10-22 12:29:32.2909|3|DEBUG|Microsoft.AspNetCore.StaticFiles.StaticFileMiddleware|The request path  does not match the path filter 
2022-10-22 12:29:32.2909|3|DEBUG|Microsoft.AspNetCore.StaticFiles.StaticFileMiddleware|The request path  does not match the path filter 
2022-10-22 12:29:32.2909|2|INFO|Microsoft.AspNetCore.StaticFiles.StaticFileMiddleware|Sending file. Request path: '/_framework/ReaAccountingSys.Client.pdb.gz'. Physical path: '/home/bthomas/Projects/NetCore/ReaAccountingSystem/src/ReaAccountingSys/Client/bin/Debug/net6.0/wwwroot/_framework/ReaAccountingSys.Client.pdb.gz' 
2022-10-22 12:29:32.2909|2|INFO|Microsoft.AspNetCore.Hosting.Diagnostics|Request finished HTTP/2 GET https://localhost:7127/_framework/ReaAccountingSys.Client.pdb - - - 200 87684 application/octet-stream 0.9272ms 
2022-10-22 12:29:32.2909|2|INFO|Microsoft.AspNetCore.StaticFiles.StaticFileMiddleware|Sending file. Request path: '/_framework/ReaAccountingSys.Client.dll.gz'. Physical path: '/home/bthomas/Projects/NetCore/ReaAccountingSystem/src/ReaAccountingSys/Client/bin/Debug/net6.0/wwwroot/_framework/ReaAccountingSys.Client.dll.gz' 
2022-10-22 12:29:32.2909|2|INFO|Microsoft.AspNetCore.Hosting.Diagnostics|Request finished HTTP/2 GET https://localhost:7127/_framework/ReaAccountingSys.Client.dll - - - 200 74482 application/octet-stream 1.2936ms 
2022-10-22 12:29:32.4792|1|INFO|Microsoft.AspNetCore.Hosting.Diagnostics|Request starting HTTP/2 GET https://localhost:7127/favicon.ico - - 
2022-10-22 12:29:32.4792|3|DEBUG|Microsoft.AspNetCore.StaticFiles.StaticFileMiddleware|The request path  does not match the path filter 
2022-10-22 12:29:32.4809|2|INFO|Microsoft.AspNetCore.StaticFiles.StaticFileMiddleware|Sending file. Request path: '/favicon.ico'. Physical path: '/home/bthomas/Projects/NetCore/ReaAccountingSystem/src/ReaAccountingSys/Client/wwwroot/favicon.ico' 
2022-10-22 12:29:32.4809|2|INFO|Microsoft.AspNetCore.Hosting.Diagnostics|Request finished HTTP/2 GET https://localhost:7127/favicon.ico - - - 200 5430 image/x-icon 1.7895ms 
2022-10-22 12:29:33.0297|1|INFO|Microsoft.AspNetCore.Hosting.Diagnostics|Request starting HTTP/2 GET https://localhost:7127/_framework/blazor-hotreload.js - - 
2022-10-22 12:29:33.0297|2|INFO|Microsoft.AspNetCore.Hosting.Diagnostics|Request finished HTTP/2 GET https://localhost:7127/_framework/blazor-hotreload.js - - - 200 743 application/javascript;+charset=utf-8 0.1848ms 
2022-10-22 12:29:33.0457|1|INFO|Microsoft.AspNetCore.Hosting.Diagnostics|Request starting HTTP/2 GET https://localhost:7127/_framework/blazor-hotreload - - 
2022-10-22 12:29:33.0457|2|INFO|Microsoft.AspNetCore.Hosting.Diagnostics|Request finished HTTP/2 GET https://localhost:7127/_framework/blazor-hotreload - - - 204 - - 1.2854ms 
2022-10-22 12:29:33.4624|1|INFO|Microsoft.AspNetCore.Hosting.Diagnostics|Request starting HTTP/2 GET https://localhost:7127/_content/Blazorise/button.js?v=1.0.6.0 - - 
2022-10-22 12:29:33.4624|3|DEBUG|Microsoft.AspNetCore.StaticFiles.StaticFileMiddleware|The request path  does not match the path filter 
2022-10-22 12:29:33.4624|2|INFO|Microsoft.AspNetCore.StaticFiles.StaticFileMiddleware|Sending file. Request path: '/_content/Blazorise/button.js'. Physical path: '/home/bthomas/.nuget/packages/blazorise/1.0.6/staticwebassets/button.js' 
2022-10-22 12:29:33.4624|2|INFO|Microsoft.AspNetCore.Hosting.Diagnostics|Request finished HTTP/2 GET https://localhost:7127/_content/Blazorise/button.js?v=1.0.6.0 - - - 200 949 application/javascript 0.7354ms 
2022-10-22 12:29:33.4624|1|INFO|Microsoft.AspNetCore.Hosting.Diagnostics|Request starting HTTP/2 GET https://localhost:7127/_content/Blazorise/breakpoint.js?v=1.0.6.0 - - 
2022-10-22 12:29:33.4624|3|DEBUG|Microsoft.AspNetCore.StaticFiles.StaticFileMiddleware|The request path  does not match the path filter 
2022-10-22 12:29:33.4650|2|INFO|Microsoft.AspNetCore.StaticFiles.StaticFileMiddleware|Sending file. Request path: '/_content/Blazorise/breakpoint.js'. Physical path: '/home/bthomas/.nuget/packages/blazorise/1.0.6/staticwebassets/breakpoint.js' 
2022-10-22 12:29:33.4650|2|INFO|Microsoft.AspNetCore.Hosting.Diagnostics|Request finished HTTP/2 GET https://localhost:7127/_content/Blazorise/breakpoint.js?v=1.0.6.0 - - - 200 2379 application/javascript 0.5907ms 
2022-10-22 12:29:33.4794|1|INFO|Microsoft.AspNetCore.Hosting.Diagnostics|Request starting HTTP/2 GET https://localhost:7127/assets/accountant 2.svg - - 
2022-10-22 12:29:33.4794|3|DEBUG|Microsoft.AspNetCore.StaticFiles.StaticFileMiddleware|The request path  does not match the path filter 
2022-10-22 12:29:33.4827|2|INFO|Microsoft.AspNetCore.StaticFiles.StaticFileMiddleware|Sending file. Request path: '/assets/accountant 2.svg'. Physical path: '/home/bthomas/Projects/NetCore/ReaAccountingSystem/src/ReaAccountingSys/Client/wwwroot/assets/accountant 2.svg' 
2022-10-22 12:29:33.4827|2|INFO|Microsoft.AspNetCore.Hosting.Diagnostics|Request finished HTTP/2 GET https://localhost:7127/assets/accountant 2.svg - - - 200 334641 image/svg+xml 3.4151ms 
2022-10-22 12:29:33.7395|1|INFO|Microsoft.AspNetCore.Hosting.Diagnostics|Request starting HTTP/2 GET https://localhost:7127/_content/Blazorise/utilities.js?v=1.0.6.0 - - 
2022-10-22 12:29:33.7395|3|DEBUG|Microsoft.AspNetCore.StaticFiles.StaticFileMiddleware|The request path  does not match the path filter 
2022-10-22 12:29:33.7395|2|INFO|Microsoft.AspNetCore.StaticFiles.StaticFileMiddleware|Sending file. Request path: '/_content/Blazorise/utilities.js'. Physical path: '/home/bthomas/.nuget/packages/blazorise/1.0.6/staticwebassets/utilities.js' 
2022-10-22 12:29:33.7395|2|INFO|Microsoft.AspNetCore.Hosting.Diagnostics|Request finished HTTP/2 GET https://localhost:7127/_content/Blazorise/utilities.js?v=1.0.6.0 - - - 200 7664 application/javascript 0.7768ms 
2022-10-22 12:29:38.0901|1|INFO|Microsoft.AspNetCore.Hosting.Diagnostics|Request starting HTTP/2 POST https://localhost:7127/ReaAccountingSys.GrpcServices.EmployeeService/GetAll application/grpc-web 10 
2022-10-22 12:29:38.0901|1|DEBUG|Microsoft.AspNetCore.StaticFiles.StaticFileMiddleware|POST requests are not supported 
2022-10-22 12:29:38.0901|1|DEBUG|Microsoft.AspNetCore.StaticFiles.StaticFileMiddleware|POST requests are not supported 
2022-10-22 12:29:38.0901|1001|DEBUG|Microsoft.AspNetCore.Routing.Matching.DfaMatcher|4 candidate(s) found for the request path '/ReaAccountingSys.GrpcServices.EmployeeService/GetAll' 
2022-10-22 12:29:38.0901|1005|DEBUG|Microsoft.AspNetCore.Routing.Matching.DfaMatcher|Endpoint 'gRPC - /ReaAccountingSys.GrpcServices.EmployeeService/GetAll' with route pattern '/ReaAccountingSys.GrpcServices.EmployeeService/GetAll' is valid for the request path '/ReaAccountingSys.GrpcServices.EmployeeService/GetAll' 
2022-10-22 12:29:38.0932|1005|DEBUG|Microsoft.AspNetCore.Routing.Matching.DfaMatcher|Endpoint 'gRPC - Unimplemented method for ReaAccountingSys.GrpcServices.EmployeeService' with route pattern 'ReaAccountingSys.GrpcServices.EmployeeService/{unimplementedMethod}' is valid for the request path '/ReaAccountingSys.GrpcServices.EmployeeService/GetAll' 
2022-10-22 12:29:38.0932|1005|DEBUG|Microsoft.AspNetCore.Routing.Matching.DfaMatcher|Endpoint 'gRPC - Unimplemented service' with route pattern '{unimplementedService}/{unimplementedMethod}' is valid for the request path '/ReaAccountingSys.GrpcServices.EmployeeService/GetAll' 
2022-10-22 12:29:38.0932|1005|DEBUG|Microsoft.AspNetCore.Routing.Matching.DfaMatcher|Endpoint 'Fallback {*path:nonfile}' with route pattern '{*path:nonfile}' is valid for the request path '/ReaAccountingSys.GrpcServices.EmployeeService/GetAll' 
2022-10-22 12:29:38.0932|1|DEBUG|Microsoft.AspNetCore.Routing.EndpointRoutingMiddleware|Request matched endpoint 'gRPC - /ReaAccountingSys.GrpcServices.EmployeeService/GetAll' 
2022-10-22 12:29:38.0932|10|INFO|Microsoft.AspNetCore.Cors.Infrastructure.CorsMiddleware|No CORS policy found for the specified request. 
2022-10-22 12:29:38.0932|1|DEBUG|Grpc.AspNetCore.Web.Internal.GrpcWebMiddleware|Detected gRPC-Web request from content-type 'application/grpc-web'. 
2022-10-22 12:29:38.0969|0|INFO|Microsoft.AspNetCore.Routing.EndpointMiddleware|Executing endpoint 'gRPC - /ReaAccountingSys.GrpcServices.EmployeeService/GetAll' 
2022-10-22 12:29:38.1061|10|DEBUG|Grpc.AspNetCore.Server.ServerCallHandler|Reading message. 
2022-10-22 12:29:38.1061|25|DEBUG|Microsoft.AspNetCore.Server.Kestrel|Connection id "0HMLKABTIF1V9", Request id "0HMLKABTIF1V9:00000029": started reading request body. 
2022-10-22 12:29:38.1061|26|DEBUG|Microsoft.AspNetCore.Server.Kestrel|Connection id "0HMLKABTIF1V9", Request id "0HMLKABTIF1V9:00000029": done reading request body. 
2022-10-22 12:29:38.1924|10401|DEBUG|Microsoft.EntityFrameworkCore.Infrastructure|An 'IServiceProvider' was created for internal use by Entity Framework. 
2022-10-22 12:29:38.2218|1|INFO|Microsoft.AspNetCore.Hosting.Diagnostics|Request starting HTTP/2 GET https://localhost:7127/_content/Blazorise/textEdit.js?v=1.0.6.0 - - 
2022-10-22 12:29:38.2218|3|DEBUG|Microsoft.AspNetCore.StaticFiles.StaticFileMiddleware|The request path  does not match the path filter 
2022-10-22 12:29:38.2218|2|INFO|Microsoft.AspNetCore.StaticFiles.StaticFileMiddleware|Sending file. Request path: '/_content/Blazorise/textEdit.js'. Physical path: '/home/bthomas/.nuget/packages/blazorise/1.0.6/staticwebassets/textEdit.js' 
2022-10-22 12:29:38.2218|2|INFO|Microsoft.AspNetCore.Hosting.Diagnostics|Request finished HTTP/2 GET https://localhost:7127/_content/Blazorise/textEdit.js?v=1.0.6.0 - - - 200 1722 application/javascript 0.6657ms 
2022-10-22 12:29:38.2353|1|INFO|Microsoft.AspNetCore.Hosting.Diagnostics|Request starting HTTP/2 GET https://localhost:7127/_content/Blazorise/validators/DateTimeMaskValidator.js?v=1.0.6.0 - - 
2022-10-22 12:29:38.2353|1|INFO|Microsoft.AspNetCore.Hosting.Diagnostics|Request starting HTTP/2 GET https://localhost:7127/_content/Blazorise/validators/NumericMaskValidator.js?v=1.0.6.0 - - 
2022-10-22 12:29:38.2353|3|DEBUG|Microsoft.AspNetCore.StaticFiles.StaticFileMiddleware|The request path  does not match the path filter 
2022-10-22 12:29:38.2353|3|DEBUG|Microsoft.AspNetCore.StaticFiles.StaticFileMiddleware|The request path  does not match the path filter 
2022-10-22 12:29:38.2353|1|INFO|Microsoft.AspNetCore.Hosting.Diagnostics|Request starting HTTP/2 GET https://localhost:7127/_content/Blazorise/validators/RegExMaskValidator.js?v=1.0.6.0 - - 
2022-10-22 12:29:38.2353|1|INFO|Microsoft.AspNetCore.Hosting.Diagnostics|Request starting HTTP/2 GET https://localhost:7127/_content/Blazorise/validators/NoValidator.js?v=1.0.6.0 - - 
2022-10-22 12:29:38.2353|3|DEBUG|Microsoft.AspNetCore.StaticFiles.StaticFileMiddleware|The request path  does not match the path filter 
2022-10-22 12:29:38.2353|3|DEBUG|Microsoft.AspNetCore.StaticFiles.StaticFileMiddleware|The request path  does not match the path filter 
2022-10-22 12:29:38.2353|2|INFO|Microsoft.AspNetCore.StaticFiles.StaticFileMiddleware|Sending file. Request path: '/_content/Blazorise/validators/NoValidator.js'. Physical path: '/home/bthomas/.nuget/packages/blazorise/1.0.6/staticwebassets/validators/NoValidator.js' 
2022-10-22 12:29:38.2353|2|INFO|Microsoft.AspNetCore.StaticFiles.StaticFileMiddleware|Sending file. Request path: '/_content/Blazorise/validators/DateTimeMaskValidator.js'. Physical path: '/home/bthomas/.nuget/packages/blazorise/1.0.6/staticwebassets/validators/DateTimeMaskValidator.js' 
2022-10-22 12:29:38.2353|2|INFO|Microsoft.AspNetCore.StaticFiles.StaticFileMiddleware|Sending file. Request path: '/_content/Blazorise/validators/NumericMaskValidator.js'. Physical path: '/home/bthomas/.nuget/packages/blazorise/1.0.6/staticwebassets/validators/NumericMaskValidator.js' 
2022-10-22 12:29:38.2353|2|INFO|Microsoft.AspNetCore.Hosting.Diagnostics|Request finished HTTP/2 GET https://localhost:7127/_content/Blazorise/validators/NoValidator.js?v=1.0.6.0 - - - 200 113 application/javascript 0.6767ms 
2022-10-22 12:29:38.2353|2|INFO|Microsoft.AspNetCore.Hosting.Diagnostics|Request finished HTTP/2 GET https://localhost:7127/_content/Blazorise/validators/NumericMaskValidator.js?v=1.0.6.0 - - - 200 6408 application/javascript 0.8507ms 
2022-10-22 12:29:38.2353|2|INFO|Microsoft.AspNetCore.Hosting.Diagnostics|Request finished HTTP/2 GET https://localhost:7127/_content/Blazorise/validators/DateTimeMaskValidator.js?v=1.0.6.0 - - - 200 651 application/javascript 0.8204ms 
2022-10-22 12:29:38.2353|2|INFO|Microsoft.AspNetCore.StaticFiles.StaticFileMiddleware|Sending file. Request path: '/_content/Blazorise/validators/RegExMaskValidator.js'. Physical path: '/home/bthomas/.nuget/packages/blazorise/1.0.6/staticwebassets/validators/RegExMaskValidator.js' 
2022-10-22 12:29:38.2353|2|INFO|Microsoft.AspNetCore.Hosting.Diagnostics|Request finished HTTP/2 GET https://localhost:7127/_content/Blazorise/validators/RegExMaskValidator.js?v=1.0.6.0 - - - 200 633 application/javascript 0.7950ms 
2022-10-22 12:29:38.5765|3|DEBUG|Grpc.AspNetCore.Web.Internal.GrpcWebMiddleware|Sending gRPC-Web response with content-type 'application/grpc-web'. 
2022-10-22 12:29:38.5765|15|DEBUG|Grpc.AspNetCore.Server.ServerCallHandler|Sending message. 
2022-10-22 12:29:38.5872|1|INFO|Microsoft.AspNetCore.Routing.EndpointMiddleware|Executed endpoint 'gRPC - /ReaAccountingSys.GrpcServices.EmployeeService/GetAll' 
2022-10-22 12:29:38.5911|2|INFO|Microsoft.AspNetCore.Hosting.Diagnostics|Request finished HTTP/2 POST https://localhost:7127/ReaAccountingSys.GrpcServices.EmployeeService/GetAll application/grpc-web 10 - 200 - application/grpc-web 501.0654ms 
2022-10-22 12:29:38.7603|1|INFO|Microsoft.AspNetCore.Hosting.Diagnostics|Request starting HTTP/2 GET https://localhost:7127/_content/Blazorise/dropdown.js?v=1.0.6.0 - - 
2022-10-22 12:29:38.7603|3|DEBUG|Microsoft.AspNetCore.StaticFiles.StaticFileMiddleware|The request path  does not match the path filter 
2022-10-22 12:29:38.7609|2|INFO|Microsoft.AspNetCore.StaticFiles.StaticFileMiddleware|Sending file. Request path: '/_content/Blazorise/dropdown.js'. Physical path: '/home/bthomas/.nuget/packages/blazorise/1.0.6/staticwebassets/dropdown.js' 
2022-10-22 12:29:38.7609|2|INFO|Microsoft.AspNetCore.Hosting.Diagnostics|Request finished HTTP/2 GET https://localhost:7127/_content/Blazorise/dropdown.js?v=1.0.6.0 - - - 200 2741 application/javascript 0.5863ms 
2022-10-22 12:29:38.7934|1|INFO|Microsoft.AspNetCore.Hosting.Diagnostics|Request starting HTTP/2 GET https://localhost:7127/_content/Blazorise/observer.js?v=1.0.6.0 - - 
2022-10-22 12:29:38.7934|1|INFO|Microsoft.AspNetCore.Hosting.Diagnostics|Request starting HTTP/2 GET https://localhost:7127/_content/Blazorise/popper.js?v=1.0.6.0 - - 
2022-10-22 12:29:38.7934|3|DEBUG|Microsoft.AspNetCore.StaticFiles.StaticFileMiddleware|The request path  does not match the path filter 
2022-10-22 12:29:38.7934|3|DEBUG|Microsoft.AspNetCore.StaticFiles.StaticFileMiddleware|The request path  does not match the path filter 
2022-10-22 12:29:38.7934|2|INFO|Microsoft.AspNetCore.StaticFiles.StaticFileMiddleware|Sending file. Request path: '/_content/Blazorise/observer.js'. Physical path: '/home/bthomas/.nuget/packages/blazorise/1.0.6/staticwebassets/observer.js' 
2022-10-22 12:29:38.7934|2|INFO|Microsoft.AspNetCore.Hosting.Diagnostics|Request finished HTTP/2 GET https://localhost:7127/_content/Blazorise/observer.js?v=1.0.6.0 - - - 200 2254 application/javascript 0.5850ms 
2022-10-22 12:29:38.7934|2|INFO|Microsoft.AspNetCore.StaticFiles.StaticFileMiddleware|Sending file. Request path: '/_content/Blazorise/popper.js'. Physical path: '/home/bthomas/.nuget/packages/blazorise/1.0.6/staticwebassets/popper.js' 
2022-10-22 12:29:38.7934|2|INFO|Microsoft.AspNetCore.Hosting.Diagnostics|Request finished HTTP/2 GET https://localhost:7127/_content/Blazorise/popper.js?v=1.0.6.0 - - - 200 51877 application/javascript 1.1843ms 
2022-10-22 12:29:42.4725|1|INFO|Microsoft.AspNetCore.Hosting.Diagnostics|Request starting HTTP/2 GET https://localhost:7127/_content/Blazorise/closable.js?v=1.0.6.0 - - 
2022-10-22 12:29:42.4725|3|DEBUG|Microsoft.AspNetCore.StaticFiles.StaticFileMiddleware|The request path  does not match the path filter 
2022-10-22 12:29:42.4732|2|INFO|Microsoft.AspNetCore.StaticFiles.StaticFileMiddleware|Sending file. Request path: '/_content/Blazorise/closable.js'. Physical path: '/home/bthomas/.nuget/packages/blazorise/1.0.6/staticwebassets/closable.js' 
2022-10-22 12:29:42.4732|2|INFO|Microsoft.AspNetCore.Hosting.Diagnostics|Request finished HTTP/2 GET https://localhost:7127/_content/Blazorise/closable.js?v=1.0.6.0 - - - 200 3803 application/javascript 0.7786ms 
2022-10-22 12:29:44.5959|1|INFO|Microsoft.AspNetCore.Hosting.Diagnostics|Request starting HTTP/2 POST https://localhost:7127/ReaAccountingSys.GrpcServices.EmployeeService/GetById application/grpc-web 43 
2022-10-22 12:29:44.5959|1|DEBUG|Microsoft.AspNetCore.StaticFiles.StaticFileMiddleware|POST requests are not supported 
2022-10-22 12:29:44.5959|1|DEBUG|Microsoft.AspNetCore.StaticFiles.StaticFileMiddleware|POST requests are not supported 
2022-10-22 12:29:44.5984|1001|DEBUG|Microsoft.AspNetCore.Routing.Matching.DfaMatcher|4 candidate(s) found for the request path '/ReaAccountingSys.GrpcServices.EmployeeService/GetById' 
2022-10-22 12:29:44.5984|1005|DEBUG|Microsoft.AspNetCore.Routing.Matching.DfaMatcher|Endpoint 'gRPC - /ReaAccountingSys.GrpcServices.EmployeeService/GetById' with route pattern '/ReaAccountingSys.GrpcServices.EmployeeService/GetById' is valid for the request path '/ReaAccountingSys.GrpcServices.EmployeeService/GetById' 
2022-10-22 12:29:44.5984|1005|DEBUG|Microsoft.AspNetCore.Routing.Matching.DfaMatcher|Endpoint 'gRPC - Unimplemented method for ReaAccountingSys.GrpcServices.EmployeeService' with route pattern 'ReaAccountingSys.GrpcServices.EmployeeService/{unimplementedMethod}' is valid for the request path '/ReaAccountingSys.GrpcServices.EmployeeService/GetById' 
2022-10-22 12:29:44.5984|1005|DEBUG|Microsoft.AspNetCore.Routing.Matching.DfaMatcher|Endpoint 'gRPC - Unimplemented service' with route pattern '{unimplementedService}/{unimplementedMethod}' is valid for the request path '/ReaAccountingSys.GrpcServices.EmployeeService/GetById' 
2022-10-22 12:29:44.5984|1005|DEBUG|Microsoft.AspNetCore.Routing.Matching.DfaMatcher|Endpoint 'Fallback {*path:nonfile}' with route pattern '{*path:nonfile}' is valid for the request path '/ReaAccountingSys.GrpcServices.EmployeeService/GetById' 
2022-10-22 12:29:44.5984|1|DEBUG|Microsoft.AspNetCore.Routing.EndpointRoutingMiddleware|Request matched endpoint 'gRPC - /ReaAccountingSys.GrpcServices.EmployeeService/GetById' 
2022-10-22 12:29:44.5984|10|INFO|Microsoft.AspNetCore.Cors.Infrastructure.CorsMiddleware|No CORS policy found for the specified request. 
2022-10-22 12:29:44.5984|1|DEBUG|Grpc.AspNetCore.Web.Internal.GrpcWebMiddleware|Detected gRPC-Web request from content-type 'application/grpc-web'. 
2022-10-22 12:29:44.5984|0|INFO|Microsoft.AspNetCore.Routing.EndpointMiddleware|Executing endpoint 'gRPC - /ReaAccountingSys.GrpcServices.EmployeeService/GetById' 
2022-10-22 12:29:44.5984|10|DEBUG|Grpc.AspNetCore.Server.ServerCallHandler|Reading message. 
2022-10-22 12:29:44.5984|25|DEBUG|Microsoft.AspNetCore.Server.Kestrel|Connection id "0HMLKABTIF1V9", Request id "0HMLKABTIF1V9:0000003D": started reading request body. 
2022-10-22 12:29:44.5984|26|DEBUG|Microsoft.AspNetCore.Server.Kestrel|Connection id "0HMLKABTIF1V9", Request id "0HMLKABTIF1V9:0000003D": done reading request body. 
2022-10-22 12:29:44.6068|0|DEBUG|ReaAccountingSys.Server.GrpcServices.HumanResources.EmployeeGrpcService|This is Server-side: e6b86ea3-6479-48a2-b8d4-54bd6cbbdbc5 
2022-10-22 12:29:44.6305|1|INFO|Microsoft.AspNetCore.Hosting.Diagnostics|Request starting HTTP/2 GET https://localhost:7127/_content/Blazorise.Bootstrap5/modal.js?v=1.0.6.0 - - 
2022-10-22 12:29:44.6305|3|DEBUG|Microsoft.AspNetCore.StaticFiles.StaticFileMiddleware|The request path  does not match the path filter 
2022-10-22 12:29:44.6305|2|INFO|Microsoft.AspNetCore.StaticFiles.StaticFileMiddleware|Sending file. Request path: '/_content/Blazorise.Bootstrap5/modal.js'. Physical path: '/home/bthomas/.nuget/packages/blazorise.bootstrap5/1.0.6/staticwebassets/modal.js' 
2022-10-22 12:29:44.6305|2|INFO|Microsoft.AspNetCore.Hosting.Diagnostics|Request finished HTTP/2 GET https://localhost:7127/_content/Blazorise.Bootstrap5/modal.js?v=1.0.6.0 - - - 200 3959 application/javascript 0.6863ms 
2022-10-22 12:29:44.6361|3|DEBUG|Grpc.AspNetCore.Web.Internal.GrpcWebMiddleware|Sending gRPC-Web response with content-type 'application/grpc-web'. 
2022-10-22 12:29:44.6361|15|DEBUG|Grpc.AspNetCore.Server.ServerCallHandler|Sending message. 
2022-10-22 12:29:44.6401|1|INFO|Microsoft.AspNetCore.Routing.EndpointMiddleware|Executed endpoint 'gRPC - /ReaAccountingSys.GrpcServices.EmployeeService/GetById' 
2022-10-22 12:29:44.6401|2|INFO|Microsoft.AspNetCore.Hosting.Diagnostics|Request finished HTTP/2 POST https://localhost:7127/ReaAccountingSys.GrpcServices.EmployeeService/GetById application/grpc-web 43 - 200 - application/grpc-web 44.3851ms 
2022-10-22 12:29:52.3367|1|INFO|Microsoft.AspNetCore.Hosting.Diagnostics|Request starting HTTP/2 GET https://localhost:7127/_content/Blazorise.Bootstrap5/blazorise.bootstrap5.css - - 
2022-10-22 12:29:52.3367|1|INFO|Microsoft.AspNetCore.Hosting.Diagnostics|Request starting HTTP/2 GET https://localhost:7127/_content/Blazorise.Snackbar/blazorise.snackbar.css - - 
2022-10-22 12:29:52.3367|1|INFO|Microsoft.AspNetCore.Hosting.Diagnostics|Request starting HTTP/2 GET https://localhost:7127/_content/Blazorise/blazorise.css - - 
2022-10-22 12:29:52.3367|1|INFO|Microsoft.AspNetCore.Hosting.Diagnostics|Request starting HTTP/2 GET https://localhost:7127/css/app.css - - 
2022-10-22 12:29:52.3367|3|DEBUG|Microsoft.AspNetCore.StaticFiles.StaticFileMiddleware|The request path  does not match the path filter 
2022-10-22 12:29:52.3367|3|DEBUG|Microsoft.AspNetCore.StaticFiles.StaticFileMiddleware|The request path  does not match the path filter 
2022-10-22 12:29:52.3367|3|DEBUG|Microsoft.AspNetCore.StaticFiles.StaticFileMiddleware|The request path  does not match the path filter 
2022-10-22 12:29:52.3367|3|DEBUG|Microsoft.AspNetCore.StaticFiles.StaticFileMiddleware|The request path  does not match the path filter 
2022-10-22 12:29:52.3371|2|INFO|Microsoft.AspNetCore.StaticFiles.StaticFileMiddleware|Sending file. Request path: '/css/app.css'. Physical path: '/home/bthomas/Projects/NetCore/ReaAccountingSystem/src/ReaAccountingSys/Client/wwwroot/css/app.css' 
2022-10-22 12:29:52.3371|2|INFO|Microsoft.AspNetCore.StaticFiles.StaticFileMiddleware|Sending file. Request path: '/_content/Blazorise.Snackbar/blazorise.snackbar.css'. Physical path: '/home/bthomas/.nuget/packages/blazorise.snackbar/1.0.6/staticwebassets/blazorise.snackbar.css' 
2022-10-22 12:29:52.3371|2|INFO|Microsoft.AspNetCore.Hosting.Diagnostics|Request finished HTTP/2 GET https://localhost:7127/_content/Blazorise.Snackbar/blazorise.snackbar.css - - - 200 7789 text/css 0.4714ms 
2022-10-22 12:29:52.3371|2|INFO|Microsoft.AspNetCore.StaticFiles.StaticFileMiddleware|Sending file. Request path: '/_content/Blazorise.Bootstrap5/blazorise.bootstrap5.css'. Physical path: '/home/bthomas/.nuget/packages/blazorise.bootstrap5/1.0.6/staticwebassets/blazorise.bootstrap5.css' 
2022-10-22 12:29:52.3371|2|INFO|Microsoft.AspNetCore.Hosting.Diagnostics|Request finished HTTP/2 GET https://localhost:7127/_content/Blazorise.Bootstrap5/blazorise.bootstrap5.css - - - 200 59559 text/css 0.6972ms 
2022-10-22 12:29:52.3371|2|INFO|Microsoft.AspNetCore.Hosting.Diagnostics|Request finished HTTP/2 GET https://localhost:7127/css/app.css - - - 200 2874 text/css 0.7474ms 
2022-10-22 12:29:52.3371|2|INFO|Microsoft.AspNetCore.StaticFiles.StaticFileMiddleware|Sending file. Request path: '/_content/Blazorise/blazorise.css'. Physical path: '/home/bthomas/.nuget/packages/blazorise/1.0.6/staticwebassets/blazorise.css' 
2022-10-22 12:29:52.3371|2|INFO|Microsoft.AspNetCore.Hosting.Diagnostics|Request finished HTTP/2 GET https://localhost:7127/_content/Blazorise/blazorise.css - - - 200 68769 text/css 1.0866ms 
2022-10-22 12:30:06.2347|0|INFO|Microsoft.Hosting.Lifetime|Application is shutting down... 
2022-10-22 12:30:06.2347|3|DEBUG|Microsoft.Extensions.Hosting.Internal.Host|Hosting stopping 
2022-10-22 12:30:06.2444|36|DEBUG|Microsoft.AspNetCore.Server.Kestrel.Http2|Connection id "0HMLKABTIF1V9" is closing. 
2022-10-22 12:30:06.2465|48|DEBUG|Microsoft.AspNetCore.Server.Kestrel.Http2|Connection id "0HMLKABTIF1V9" is closed. The last processed stream ID was 71. 
2022-10-22 12:30:06.2465|6|DEBUG|Microsoft.AspNetCore.Server.Kestrel.Transport.Sockets|Connection id "0HMLKABTIF1V9" received FIN. 
2022-10-22 12:30:06.2465|7|DEBUG|Microsoft.AspNetCore.Server.Kestrel.Transport.Sockets|Connection id "0HMLKABTIF1V9" sending FIN because: "The client closed the connection." 
2022-10-22 12:30:06.2465|2|DEBUG|Microsoft.AspNetCore.Server.Kestrel.Connections|Connection id "0HMLKABTIF1V9" stopped. 
2022-10-22 12:30:06.2494|4|DEBUG|Microsoft.Extensions.Hosting.Internal.Host|Hosting stopped 
