2022-10-05 05:56:09.1366|0|DEBUG|Microsoft.AspNetCore.Server.Kestrel|Config reload token fired. Checking for changes... 
2022-10-05 05:56:28.2599|0|INFO|Microsoft.Hosting.Lifetime|Application is shutting down... 
2022-10-05 05:56:28.2599|3|DEBUG|Microsoft.Extensions.Hosting.Internal.Host|Hosting stopping 
2022-10-05 05:56:28.2689|4|DEBUG|Microsoft.Extensions.Hosting.Internal.Host|Hosting stopped 
2022-10-05 05:56:39.7439|0|DEBUG|Program|init main 
2022-10-05 05:56:39.8961|3|DEBUG|Microsoft.AspNetCore.Mvc.Razor.Compilation.DefaultViewCompiler|Initializing Razor view compiler with compiled view: '/Pages/Error.cshtml'. 
2022-10-05 05:56:39.9176|12|DEBUG|Microsoft.AspNetCore.Mvc.ModelBinding.ModelBinderFactory|Registered model binder providers, in the following order: Microsoft.AspNetCore.Mvc.Versioning.ApiVersionModelBinderProvider, Microsoft.AspNetCore.Mvc.ModelBinding.Binders.BinderTypeModelBinderProvider, Microsoft.AspNetCore.Mvc.ModelBinding.Binders.ServicesModelBinderProvider, Microsoft.AspNetCore.Mvc.ModelBinding.Binders.BodyModelBinderProvider, Microsoft.AspNetCore.Mvc.ModelBinding.Binders.HeaderModelBinderProvider, Microsoft.AspNetCore.Mvc.ModelBinding.Binders.FloatingPointTypeModelBinderProvider, Microsoft.AspNetCore.Mvc.ModelBinding.Binders.EnumTypeModelBinderProvider, Microsoft.AspNetCore.Mvc.ModelBinding.Binders.DateTimeModelBinderProvider, Microsoft.AspNetCore.Mvc.ModelBinding.Binders.SimpleTypeModelBinderProvider, Microsoft.AspNetCore.Mvc.ModelBinding.Binders.CancellationTokenModelBinderProvider, Microsoft.AspNetCore.Mvc.ModelBinding.Binders.ByteArrayModelBinderProvider, Microsoft.AspNetCore.Mvc.ModelBinding.Binders.FormFileModelBinderProvider, Microsoft.AspNetCore.Mvc.ModelBinding.Binders.FormCollectionModelBinderProvider, Microsoft.AspNetCore.Mvc.ModelBinding.Binders.KeyValuePairModelBinderProvider, Microsoft.AspNetCore.Mvc.ModelBinding.Binders.DictionaryModelBinderProvider, Microsoft.AspNetCore.Mvc.ModelBinding.Binders.ArrayModelBinderProvider, Microsoft.AspNetCore.Mvc.ModelBinding.Binders.CollectionModelBinderProvider, Microsoft.AspNetCore.Mvc.ModelBinding.Binders.ComplexObjectModelBinderProvider 
2022-10-05 05:56:39.9239|62|INFO|Microsoft.AspNetCore.DataProtection.KeyManagement.XmlKeyManager|User profile is available. Using '/home/bthomas/.aspnet/DataProtection-Keys' as key repository; keys will not be encrypted at rest. 
2022-10-05 05:56:39.9762|1|DEBUG|Microsoft.Extensions.Hosting.Internal.Host|Hosting starting 
2022-10-05 05:56:39.9762|37|DEBUG|Microsoft.AspNetCore.DataProtection.Repositories.FileSystemXmlRepository|Reading data from file '/home/bthomas/.aspnet/DataProtection-Keys/key-cf0c6397-c129-4f0d-baed-7cbbba02e4b2.xml'. 
2022-10-05 05:56:39.9800|37|DEBUG|Microsoft.AspNetCore.DataProtection.Repositories.FileSystemXmlRepository|Reading data from file '/home/bthomas/.aspnet/DataProtection-Keys/key-62c1834c-86f7-419a-abf4-c7af249ae278.xml'. 
2022-10-05 05:56:39.9800|37|DEBUG|Microsoft.AspNetCore.DataProtection.Repositories.FileSystemXmlRepository|Reading data from file '/home/bthomas/.aspnet/DataProtection-Keys/key-04b24c34-adeb-46fb-8794-a461c7c2c36d.xml'. 
2022-10-05 05:56:39.9800|37|DEBUG|Microsoft.AspNetCore.DataProtection.Repositories.FileSystemXmlRepository|Reading data from file '/home/bthomas/.aspnet/DataProtection-Keys/key-e9d0ea64-fe22-4a99-80bf-f8d745526a7d.xml'. 
2022-10-05 05:56:39.9800|37|DEBUG|Microsoft.AspNetCore.DataProtection.Repositories.FileSystemXmlRepository|Reading data from file '/home/bthomas/.aspnet/DataProtection-Keys/key-952f204c-ebf6-4528-a097-d33ece63c52e.xml'. 
2022-10-05 05:56:39.9800|37|DEBUG|Microsoft.AspNetCore.DataProtection.Repositories.FileSystemXmlRepository|Reading data from file '/home/bthomas/.aspnet/DataProtection-Keys/key-4695af4c-6350-4172-b2a3-5928763ff7cb.xml'. 
2022-10-05 05:56:39.9800|37|DEBUG|Microsoft.AspNetCore.DataProtection.Repositories.FileSystemXmlRepository|Reading data from file '/home/bthomas/.aspnet/DataProtection-Keys/key-af4fca88-cc4d-41ac-8af9-7fb8b9d679ab.xml'. 
2022-10-05 05:56:39.9800|37|DEBUG|Microsoft.AspNetCore.DataProtection.Repositories.FileSystemXmlRepository|Reading data from file '/home/bthomas/.aspnet/DataProtection-Keys/key-bfe6dcf0-0f89-471c-9ad2-bc56b2504eb6.xml'. 
2022-10-05 05:56:39.9800|18|DEBUG|Microsoft.AspNetCore.DataProtection.KeyManagement.XmlKeyManager|Found key {cf0c6397-c129-4f0d-baed-7cbbba02e4b2}. 
2022-10-05 05:56:39.9850|18|DEBUG|Microsoft.AspNetCore.DataProtection.KeyManagement.XmlKeyManager|Found key {62c1834c-86f7-419a-abf4-c7af249ae278}. 
2022-10-05 05:56:39.9850|18|DEBUG|Microsoft.AspNetCore.DataProtection.KeyManagement.XmlKeyManager|Found key {04b24c34-adeb-46fb-8794-a461c7c2c36d}. 
2022-10-05 05:56:39.9850|18|DEBUG|Microsoft.AspNetCore.DataProtection.KeyManagement.XmlKeyManager|Found key {e9d0ea64-fe22-4a99-80bf-f8d745526a7d}. 
2022-10-05 05:56:39.9850|18|DEBUG|Microsoft.AspNetCore.DataProtection.KeyManagement.XmlKeyManager|Found key {952f204c-ebf6-4528-a097-d33ece63c52e}. 
2022-10-05 05:56:39.9850|18|DEBUG|Microsoft.AspNetCore.DataProtection.KeyManagement.XmlKeyManager|Found key {4695af4c-6350-4172-b2a3-5928763ff7cb}. 
2022-10-05 05:56:39.9850|18|DEBUG|Microsoft.AspNetCore.DataProtection.KeyManagement.XmlKeyManager|Found key {af4fca88-cc4d-41ac-8af9-7fb8b9d679ab}. 
2022-10-05 05:56:39.9850|18|DEBUG|Microsoft.AspNetCore.DataProtection.KeyManagement.XmlKeyManager|Found key {bfe6dcf0-0f89-471c-9ad2-bc56b2504eb6}. 
2022-10-05 05:56:39.9894|13|DEBUG|Microsoft.AspNetCore.DataProtection.KeyManagement.DefaultKeyResolver|Considering key {af4fca88-cc4d-41ac-8af9-7fb8b9d679ab} with expiration date 2022-10-07 21:41:56Z as default key. 
2022-10-05 05:56:39.9911|0|DEBUG|Microsoft.AspNetCore.DataProtection.TypeForwardingActivator|Forwarded activator type request from Microsoft.AspNetCore.DataProtection.AuthenticatedEncryption.ConfigurationModel.AuthenticatedEncryptorDescriptorDeserializer, Microsoft.AspNetCore.DataProtection, Version=6.0.0.0, Culture=neutral, PublicKeyToken=adb9793829ddae60 to Microsoft.AspNetCore.DataProtection.AuthenticatedEncryption.ConfigurationModel.AuthenticatedEncryptorDescriptorDeserializer, Microsoft.AspNetCore.DataProtection, Culture=neutral, PublicKeyToken=adb9793829ddae60 
2022-10-05 05:56:39.9911|11|DEBUG|Microsoft.AspNetCore.DataProtection.AuthenticatedEncryption.ManagedAuthenticatedEncryptorFactory|Using managed symmetric algorithm 'System.Security.Cryptography.Aes'. 
2022-10-05 05:56:39.9911|10|DEBUG|Microsoft.AspNetCore.DataProtection.AuthenticatedEncryption.ManagedAuthenticatedEncryptorFactory|Using managed keyed hash algorithm 'System.Security.Cryptography.HMACSHA256'. 
2022-10-05 05:56:39.9975|2|DEBUG|Microsoft.AspNetCore.DataProtection.KeyManagement.KeyRingProvider|Using key {af4fca88-cc4d-41ac-8af9-7fb8b9d679ab} as the default key. 
2022-10-05 05:56:39.9975|65|DEBUG|Microsoft.AspNetCore.DataProtection.Internal.DataProtectionHostedService|Key ring with default key {af4fca88-cc4d-41ac-8af9-7fb8b9d679ab} was loaded during application startup. 
2022-10-05 05:56:40.0518|0|DEBUG|Microsoft.AspNetCore.Server.Kestrel.Core.KestrelServer|Using development certificate: CN=localhost (Thumbprint: 4C10E7CE8CE935963A0D9F602B88FCAA41ADFE10) 
2022-10-05 05:56:40.1009|14|INFO|Microsoft.Hosting.Lifetime|Now listening on: https://localhost:7127 
2022-10-05 05:56:40.1009|14|INFO|Microsoft.Hosting.Lifetime|Now listening on: http://localhost:5246 
2022-10-05 05:56:40.1009|13|DEBUG|Microsoft.AspNetCore.Hosting.Diagnostics|Loaded hosting startup assembly ReaAccountingSys.Server 
2022-10-05 05:56:40.1009|13|DEBUG|Microsoft.AspNetCore.Hosting.Diagnostics|Loaded hosting startup assembly Microsoft.AspNetCore.Watch.BrowserRefresh 
2022-10-05 05:56:40.1009|0|INFO|Microsoft.Hosting.Lifetime|Application started. Press Ctrl+C to shut down. 
2022-10-05 05:56:40.1009|0|INFO|Microsoft.Hosting.Lifetime|Hosting environment: Development 
2022-10-05 05:56:40.1009|0|INFO|Microsoft.Hosting.Lifetime|Content root path: /home/bthomas/Projects/NetCore/ReaAccountingSystem/src/ReaAccountingSys/Server/ 
2022-10-05 05:56:40.1009|2|DEBUG|Microsoft.Extensions.Hosting.Internal.Host|Hosting started 
2022-10-05 05:56:40.4044|39|DEBUG|Microsoft.AspNetCore.Server.Kestrel.Connections|Connection id "0HML6O145GP5E" accepted. 
2022-10-05 05:56:40.4044|1|DEBUG|Microsoft.AspNetCore.Server.Kestrel.Connections|Connection id "0HML6O145GP5E" started. 
2022-10-05 05:56:40.4217|6|DEBUG|Microsoft.AspNetCore.Server.Kestrel.Transport.Sockets|Connection id "0HML6O145GP5E" received FIN. 
2022-10-05 05:56:40.4217|39|DEBUG|Microsoft.AspNetCore.Server.Kestrel.Connections|Connection id "0HML6O145GP5F" accepted. 
2022-10-05 05:56:40.4217|1|DEBUG|Microsoft.AspNetCore.Server.Kestrel.Connections|Connection id "0HML6O145GP5F" started. 
2022-10-05 05:56:40.4355|3|DEBUG|Microsoft.AspNetCore.Server.Kestrel.Https.Internal.HttpsConnectionMiddleware|Connection 0HML6O145GP5F established using the following protocol: Tls13 
2022-10-05 05:56:40.4297|1|DEBUG|Microsoft.AspNetCore.Server.Kestrel.Https.Internal.HttpsConnectionMiddleware|Failed to authenticate HTTPS connection. System.Security.Authentication.AuthenticationException: Authentication failed, see inner exception.
 ---> Interop+OpenSsl+SslException: SSL Handshake failed with OpenSSL error - SSL_ERROR_SSL.
 ---> Interop+Crypto+OpenSslCryptographicException: error:14094416:SSL routines:ssl3_read_bytes:sslv3 alert certificate unknown
   --- End of inner exception stack trace ---
   at Interop.OpenSsl.DoSslHandshake(SafeSslHandle context, ReadOnlySpan`1 input, Byte[]& sendBuf, Int32& sendCount)
   at System.Net.Security.SslStreamPal.HandshakeInternal(SafeFreeCredentials credential, SafeDeleteSslContext& context, ReadOnlySpan`1 inputBuffer, Byte[]& outputBuffer, SslAuthenticationOptions sslAuthenticationOptions)
   --- End of inner exception stack trace ---
   at System.Net.Security.SslStream.ForceAuthenticationAsync[TIOAdapter](TIOAdapter adapter, Boolean receiveFirst, Byte[] reAuthenticationData, Boolean isApm)
   at Microsoft.AspNetCore.Server.Kestrel.Https.Internal.HttpsConnectionMiddleware.OnConnectionAsync(ConnectionContext context)
2022-10-05 05:56:40.4412|2|DEBUG|Microsoft.AspNetCore.Server.Kestrel.Connections|Connection id "0HML6O145GP5E" stopped. 
2022-10-05 05:56:40.4412|7|DEBUG|Microsoft.AspNetCore.Server.Kestrel.Transport.Sockets|Connection id "0HML6O145GP5E" sending FIN because: "The Socket transport's send loop completed gracefully." 
2022-10-05 05:56:40.4753|1|INFO|Microsoft.AspNetCore.Hosting.Diagnostics|Request starting HTTP/2 GET https://localhost:7127/ - - 
2022-10-05 05:56:40.4829|0|DEBUG|Microsoft.AspNetCore.HostFiltering.HostFilteringMiddleware|Wildcard detected, all requests with hosts will be allowed. 
2022-10-05 05:56:40.5017|3|DEBUG|Microsoft.AspNetCore.StaticFiles.StaticFileMiddleware|The request path  does not match the path filter 
2022-10-05 05:56:40.5017|4|DEBUG|Microsoft.AspNetCore.StaticFiles.StaticFileMiddleware|The request path / does not match a supported file type 
2022-10-05 05:56:40.5275|1001|DEBUG|Microsoft.AspNetCore.Routing.Matching.DfaMatcher|1 candidate(s) found for the request path '/' 
2022-10-05 05:56:40.5275|1005|DEBUG|Microsoft.AspNetCore.Routing.Matching.DfaMatcher|Endpoint 'Fallback {*path:nonfile}' with route pattern '{*path:nonfile}' is valid for the request path '/' 
2022-10-05 05:56:40.5275|1|DEBUG|Microsoft.AspNetCore.Routing.EndpointRoutingMiddleware|Request matched endpoint 'Fallback {*path:nonfile}' 
2022-10-05 05:56:40.5275|0|INFO|Microsoft.AspNetCore.Routing.EndpointMiddleware|Executing endpoint 'Fallback {*path:nonfile}' 
2022-10-05 05:56:40.5326|1|DEBUG|Microsoft.AspNetCore.Watch.BrowserRefresh.BrowserRefreshMiddleware|Response markup is scheduled to include browser refresh script injection. 
2022-10-05 05:56:40.5437|2|INFO|Microsoft.AspNetCore.StaticFiles.StaticFileMiddleware|Sending file. Request path: '/index.html'. Physical path: '/home/bthomas/Projects/NetCore/ReaAccountingSystem/src/ReaAccountingSys/Client/wwwroot/index.html' 
2022-10-05 05:56:40.5437|1|INFO|Microsoft.AspNetCore.Routing.EndpointMiddleware|Executed endpoint 'Fallback {*path:nonfile}' 
2022-10-05 05:56:40.5437|2|DEBUG|Microsoft.AspNetCore.Watch.BrowserRefresh.BrowserRefreshMiddleware|Response markup was updated to include browser refresh script injection. 
2022-10-05 05:56:40.5437|2|INFO|Microsoft.AspNetCore.Hosting.Diagnostics|Request finished HTTP/2 GET https://localhost:7127/ - - - 200 - text/html 73.1048ms 
2022-10-05 05:56:40.5569|1|INFO|Microsoft.AspNetCore.Hosting.Diagnostics|Request starting HTTP/2 GET https://localhost:7127/_framework/aspnetcore-browser-refresh.js - - 
2022-10-05 05:56:40.5569|1|INFO|Microsoft.AspNetCore.Hosting.Diagnostics|Request starting HTTP/2 GET https://localhost:7127/css/bootstrap/bootstrap.min.css - - 
2022-10-05 05:56:40.5569|1|INFO|Microsoft.AspNetCore.Hosting.Diagnostics|Request starting HTTP/2 GET https://localhost:7127/_framework/blazor.webassembly.js - - 
2022-10-05 05:56:40.5569|1|INFO|Microsoft.AspNetCore.Hosting.Diagnostics|Request starting HTTP/2 GET https://localhost:7127/css/app.css - - 
2022-10-05 05:56:40.5569|1|INFO|Microsoft.AspNetCore.Hosting.Diagnostics|Request starting HTTP/2 GET https://localhost:7127/ReaAccountingSys.Client.styles.css - - 
2022-10-05 05:56:40.5569|3|DEBUG|Microsoft.AspNetCore.StaticFiles.StaticFileMiddleware|The request path  does not match the path filter 
2022-10-05 05:56:40.5569|3|DEBUG|Microsoft.AspNetCore.StaticFiles.StaticFileMiddleware|The request path  does not match the path filter 
2022-10-05 05:56:40.5569|3|DEBUG|Microsoft.AspNetCore.StaticFiles.StaticFileMiddleware|The request path  does not match the path filter 
2022-10-05 05:56:40.5569|3|DEBUG|Microsoft.AspNetCore.StaticFiles.StaticFileMiddleware|The request path  does not match the path filter 
2022-10-05 05:56:40.5591|2|INFO|Microsoft.AspNetCore.Hosting.Diagnostics|Request finished HTTP/2 GET https://localhost:7127/_framework/aspnetcore-browser-refresh.js - - - 200 11966 application/javascript;+charset=utf-8 2.2123ms 
2022-10-05 05:56:40.6049|2|INFO|Microsoft.AspNetCore.StaticFiles.StaticFileMiddleware|Sending file. Request path: '/ReaAccountingSys.Client.styles.css'. Physical path: '/home/bthomas/Projects/NetCore/ReaAccountingSystem/src/ReaAccountingSys/Client/obj/Debug/net6.0/scopedcss/bundle/ReaAccountingSys.Client.styles.css' 
2022-10-05 05:56:40.6049|2|INFO|Microsoft.AspNetCore.StaticFiles.StaticFileMiddleware|Sending file. Request path: '/css/app.css'. Physical path: '/home/bthomas/Projects/NetCore/ReaAccountingSystem/src/ReaAccountingSys/Client/wwwroot/css/app.css' 
2022-10-05 05:56:40.6049|2|INFO|Microsoft.AspNetCore.StaticFiles.StaticFileMiddleware|Sending file. Request path: '/_framework/blazor.webassembly.js.gz'. Physical path: '/home/bthomas/Projects/NetCore/ReaAccountingSystem/src/ReaAccountingSys/Client/bin/Debug/net6.0/wwwroot/_framework/blazor.webassembly.js.gz' 
2022-10-05 05:56:40.6049|2|INFO|Microsoft.AspNetCore.Hosting.Diagnostics|Request finished HTTP/2 GET https://localhost:7127/css/app.css - - - 200 2813 text/css 48.2081ms 
2022-10-05 05:56:40.6049|2|INFO|Microsoft.AspNetCore.Hosting.Diagnostics|Request finished HTTP/2 GET https://localhost:7127/ReaAccountingSys.Client.styles.css - - - 200 2944 text/css 48.2102ms 
2022-10-05 05:56:40.6049|2|INFO|Microsoft.AspNetCore.Hosting.Diagnostics|Request finished HTTP/2 GET https://localhost:7127/_framework/blazor.webassembly.js - - - 200 19181 application/javascript 48.6300ms 
2022-10-05 05:56:40.6049|2|INFO|Microsoft.AspNetCore.StaticFiles.StaticFileMiddleware|Sending file. Request path: '/css/bootstrap/bootstrap.min.css'. Physical path: '/home/bthomas/Projects/NetCore/ReaAccountingSystem/src/ReaAccountingSys/Client/wwwroot/css/bootstrap/bootstrap.min.css' 
2022-10-05 05:56:40.6049|2|INFO|Microsoft.AspNetCore.Hosting.Diagnostics|Request finished HTTP/2 GET https://localhost:7127/css/bootstrap/bootstrap.min.css - - - 200 162720 text/css 49.1583ms 
2022-10-05 05:56:40.6109|1|INFO|Microsoft.AspNetCore.Hosting.Diagnostics|Request starting HTTP/2 GET https://localhost:7127/css/open-iconic/font/css/open-iconic-bootstrap.min.css - - 
2022-10-05 05:56:40.6114|3|DEBUG|Microsoft.AspNetCore.StaticFiles.StaticFileMiddleware|The request path  does not match the path filter 
2022-10-05 05:56:40.6114|2|INFO|Microsoft.AspNetCore.StaticFiles.StaticFileMiddleware|Sending file. Request path: '/css/open-iconic/font/css/open-iconic-bootstrap.min.css'. Physical path: '/home/bthomas/Projects/NetCore/ReaAccountingSystem/src/ReaAccountingSys/Client/wwwroot/css/open-iconic/font/css/open-iconic-bootstrap.min.css' 
2022-10-05 05:56:40.6114|2|INFO|Microsoft.AspNetCore.Hosting.Diagnostics|Request finished HTTP/2 GET https://localhost:7127/css/open-iconic/font/css/open-iconic-bootstrap.min.css - - - 200 9395 text/css 0.9080ms 
2022-10-05 05:56:40.6187|1|INFO|Microsoft.AspNetCore.Hosting.Diagnostics|Request starting HTTP/2 GET https://localhost:7127/_framework/blazor.boot.json - - 
2022-10-05 05:56:40.6187|3|DEBUG|Microsoft.AspNetCore.StaticFiles.StaticFileMiddleware|The request path  does not match the path filter 
2022-10-05 05:56:40.6193|2|INFO|Microsoft.AspNetCore.StaticFiles.StaticFileMiddleware|Sending file. Request path: '/_framework/blazor.boot.json'. Physical path: '/home/bthomas/Projects/NetCore/ReaAccountingSystem/src/ReaAccountingSys/Client/bin/Debug/net6.0/wwwroot/_framework/blazor.boot.json' 
2022-10-05 05:56:40.6193|2|INFO|Microsoft.AspNetCore.Hosting.Diagnostics|Request finished HTTP/2 GET https://localhost:7127/_framework/blazor.boot.json - - - 200 20140 application/json 0.7261ms 
2022-10-05 05:56:40.6465|1|INFO|Microsoft.AspNetCore.Hosting.Diagnostics|Request starting HTTP/2 GET https://localhost:7127/_framework/dotnet.6.0.9.c7b72bsklh.js - - 
2022-10-05 05:56:40.6465|3|DEBUG|Microsoft.AspNetCore.StaticFiles.StaticFileMiddleware|The request path  does not match the path filter 
2022-10-05 05:56:40.6475|2|INFO|Microsoft.AspNetCore.StaticFiles.StaticFileMiddleware|Sending file. Request path: '/_framework/dotnet.6.0.9.c7b72bsklh.js.gz'. Physical path: '/home/bthomas/Projects/NetCore/ReaAccountingSystem/src/ReaAccountingSys/Client/bin/Debug/net6.0/wwwroot/_framework/dotnet.6.0.9.c7b72bsklh.js.gz' 
2022-10-05 05:56:40.6475|2|INFO|Microsoft.AspNetCore.Hosting.Diagnostics|Request finished HTTP/2 GET https://localhost:7127/_framework/dotnet.6.0.9.c7b72bsklh.js - - - 200 64595 application/javascript 1.0912ms 
2022-10-05 05:56:40.6680|1|INFO|Microsoft.AspNetCore.Hosting.Diagnostics|Request starting HTTP/2 GET https://localhost:7127/_framework/ReaAccountingSys.Shared.dll - - 
2022-10-05 05:56:40.6680|1|INFO|Microsoft.AspNetCore.Hosting.Diagnostics|Request starting HTTP/2 GET https://localhost:7127/_framework/ReaAccountingSys.Shared.pdb - - 
2022-10-05 05:56:40.6680|1|INFO|Microsoft.AspNetCore.Hosting.Diagnostics|Request starting HTTP/2 GET https://localhost:7127/_framework/ReaAccountingSys.Client.dll - - 
2022-10-05 05:56:40.6680|1|INFO|Microsoft.AspNetCore.Hosting.Diagnostics|Request starting HTTP/2 GET https://localhost:7127/_framework/ReaAccountingSys.Client.pdb - - 
2022-10-05 05:56:40.6680|3|DEBUG|Microsoft.AspNetCore.StaticFiles.StaticFileMiddleware|The request path  does not match the path filter 
2022-10-05 05:56:40.6680|3|DEBUG|Microsoft.AspNetCore.StaticFiles.StaticFileMiddleware|The request path  does not match the path filter 
2022-10-05 05:56:40.6680|3|DEBUG|Microsoft.AspNetCore.StaticFiles.StaticFileMiddleware|The request path  does not match the path filter 
2022-10-05 05:56:40.6680|3|DEBUG|Microsoft.AspNetCore.StaticFiles.StaticFileMiddleware|The request path  does not match the path filter 
2022-10-05 05:56:40.6680|2|INFO|Microsoft.AspNetCore.StaticFiles.StaticFileMiddleware|Sending file. Request path: '/_framework/ReaAccountingSys.Client.pdb.gz'. Physical path: '/home/bthomas/Projects/NetCore/ReaAccountingSystem/src/ReaAccountingSys/Client/bin/Debug/net6.0/wwwroot/_framework/ReaAccountingSys.Client.pdb.gz' 
2022-10-05 05:56:40.6680|2|INFO|Microsoft.AspNetCore.StaticFiles.StaticFileMiddleware|Sending file. Request path: '/_framework/ReaAccountingSys.Shared.pdb.gz'. Physical path: '/home/bthomas/Projects/NetCore/ReaAccountingSystem/src/ReaAccountingSys/Client/bin/Debug/net6.0/wwwroot/_framework/ReaAccountingSys.Shared.pdb.gz' 
2022-10-05 05:56:40.6680|2|INFO|Microsoft.AspNetCore.Hosting.Diagnostics|Request finished HTTP/2 GET https://localhost:7127/_framework/ReaAccountingSys.Client.pdb - - - 200 17367 application/octet-stream 0.7630ms 
2022-10-05 05:56:40.6680|2|INFO|Microsoft.AspNetCore.StaticFiles.StaticFileMiddleware|Sending file. Request path: '/_framework/ReaAccountingSys.Client.dll.gz'. Physical path: '/home/bthomas/Projects/NetCore/ReaAccountingSystem/src/ReaAccountingSys/Client/bin/Debug/net6.0/wwwroot/_framework/ReaAccountingSys.Client.dll.gz' 
2022-10-05 05:56:40.6680|2|INFO|Microsoft.AspNetCore.StaticFiles.StaticFileMiddleware|Sending file. Request path: '/_framework/ReaAccountingSys.Shared.dll.gz'. Physical path: '/home/bthomas/Projects/NetCore/ReaAccountingSystem/src/ReaAccountingSys/Client/bin/Debug/net6.0/wwwroot/_framework/ReaAccountingSys.Shared.dll.gz' 
2022-10-05 05:56:40.6680|2|INFO|Microsoft.AspNetCore.Hosting.Diagnostics|Request finished HTTP/2 GET https://localhost:7127/_framework/ReaAccountingSys.Client.dll - - - 200 7878 application/octet-stream 1.7822ms 
2022-10-05 05:56:40.6680|2|INFO|Microsoft.AspNetCore.Hosting.Diagnostics|Request finished HTTP/2 GET https://localhost:7127/_framework/ReaAccountingSys.Shared.dll - - - 200 38975 application/octet-stream 1.9613ms 
2022-10-05 05:56:40.6680|2|INFO|Microsoft.AspNetCore.Hosting.Diagnostics|Request finished HTTP/2 GET https://localhost:7127/_framework/ReaAccountingSys.Shared.pdb - - - 200 20711 application/octet-stream 1.9177ms 
2022-10-05 05:56:41.1924|1|INFO|Microsoft.AspNetCore.Hosting.Diagnostics|Request starting HTTP/2 GET https://localhost:7127/_framework/blazor-hotreload.js - - 
2022-10-05 05:56:41.1924|2|INFO|Microsoft.AspNetCore.Hosting.Diagnostics|Request finished HTTP/2 GET https://localhost:7127/_framework/blazor-hotreload.js - - - 200 743 application/javascript;+charset=utf-8 0.2252ms 
2022-10-05 05:56:41.2172|1|INFO|Microsoft.AspNetCore.Hosting.Diagnostics|Request starting HTTP/2 GET https://localhost:7127/_framework/blazor-hotreload - - 
2022-10-05 05:56:41.2172|2|INFO|Microsoft.AspNetCore.Hosting.Diagnostics|Request finished HTTP/2 GET https://localhost:7127/_framework/blazor-hotreload - - - 204 - - 0.9877ms 
2022-10-05 05:56:41.3365|1|INFO|Microsoft.AspNetCore.Hosting.Diagnostics|Request starting HTTP/2 GET https://localhost:7127/css/open-iconic/font/fonts/open-iconic.woff - - 
2022-10-05 05:56:41.3365|3|DEBUG|Microsoft.AspNetCore.StaticFiles.StaticFileMiddleware|The request path  does not match the path filter 
2022-10-05 05:56:41.3365|2|INFO|Microsoft.AspNetCore.StaticFiles.StaticFileMiddleware|Sending file. Request path: '/css/open-iconic/font/fonts/open-iconic.woff'. Physical path: '/home/bthomas/Projects/NetCore/ReaAccountingSystem/src/ReaAccountingSys/Client/wwwroot/css/open-iconic/font/fonts/open-iconic.woff' 
2022-10-05 05:56:41.3365|2|INFO|Microsoft.AspNetCore.Hosting.Diagnostics|Request finished HTTP/2 GET https://localhost:7127/css/open-iconic/font/fonts/open-iconic.woff - - - 200 14984 application/font-woff 0.6532ms 
2022-10-05 05:57:17.3493|39|DEBUG|Microsoft.AspNetCore.Server.Kestrel.Connections|Connection id "0HML6O145GP5G" accepted. 
2022-10-05 05:57:17.3493|1|DEBUG|Microsoft.AspNetCore.Server.Kestrel.Connections|Connection id "0HML6O145GP5G" started. 
2022-10-05 05:57:17.3518|3|DEBUG|Microsoft.AspNetCore.Server.Kestrel.Https.Internal.HttpsConnectionMiddleware|Connection 0HML6O145GP5G established using the following protocol: Tls13 
2022-10-05 05:57:17.3518|1|INFO|Microsoft.AspNetCore.Hosting.Diagnostics|Request starting HTTP/2 POST https://localhost:7127/EmployeeService.v1.EmployeeService/GetAll application/grpc - 
2022-10-05 05:57:17.3518|1|DEBUG|Microsoft.AspNetCore.StaticFiles.StaticFileMiddleware|POST requests are not supported 
2022-10-05 05:57:17.3518|1|DEBUG|Microsoft.AspNetCore.StaticFiles.StaticFileMiddleware|POST requests are not supported 
2022-10-05 05:57:17.3518|1001|DEBUG|Microsoft.AspNetCore.Routing.Matching.DfaMatcher|4 candidate(s) found for the request path '/EmployeeService.v1.EmployeeService/GetAll' 
2022-10-05 05:57:17.3518|1005|DEBUG|Microsoft.AspNetCore.Routing.Matching.DfaMatcher|Endpoint 'gRPC - /EmployeeService.v1.EmployeeService/GetAll' with route pattern '/EmployeeService.v1.EmployeeService/GetAll' is valid for the request path '/EmployeeService.v1.EmployeeService/GetAll' 
2022-10-05 05:57:17.3518|1005|DEBUG|Microsoft.AspNetCore.Routing.Matching.DfaMatcher|Endpoint 'gRPC - Unimplemented method for EmployeeService.v1.EmployeeService' with route pattern 'EmployeeService.v1.EmployeeService/{unimplementedMethod}' is valid for the request path '/EmployeeService.v1.EmployeeService/GetAll' 
2022-10-05 05:57:17.3518|1005|DEBUG|Microsoft.AspNetCore.Routing.Matching.DfaMatcher|Endpoint 'gRPC - Unimplemented service' with route pattern '{unimplementedService}/{unimplementedMethod}' is valid for the request path '/EmployeeService.v1.EmployeeService/GetAll' 
2022-10-05 05:57:17.3518|1005|DEBUG|Microsoft.AspNetCore.Routing.Matching.DfaMatcher|Endpoint 'Fallback {*path:nonfile}' with route pattern '{*path:nonfile}' is valid for the request path '/EmployeeService.v1.EmployeeService/GetAll' 
2022-10-05 05:57:17.3518|1|DEBUG|Microsoft.AspNetCore.Routing.EndpointRoutingMiddleware|Request matched endpoint 'gRPC - /EmployeeService.v1.EmployeeService/GetAll' 
2022-10-05 05:57:17.3518|0|INFO|Microsoft.AspNetCore.Routing.EndpointMiddleware|Executing endpoint 'gRPC - /EmployeeService.v1.EmployeeService/GetAll' 
2022-10-05 05:57:17.3661|10|DEBUG|Grpc.AspNetCore.Server.ServerCallHandler|Reading message. 
2022-10-05 05:57:17.3661|25|DEBUG|Microsoft.AspNetCore.Server.Kestrel|Connection id "0HML6O145GP5G", Request id "0HML6O145GP5G:00000001": started reading request body. 
2022-10-05 05:57:17.3661|26|DEBUG|Microsoft.AspNetCore.Server.Kestrel|Connection id "0HML6O145GP5G", Request id "0HML6O145GP5G:00000001": done reading request body. 
2022-10-05 05:57:17.4433|10401|DEBUG|Microsoft.EntityFrameworkCore.Infrastructure|An 'IServiceProvider' was created for internal use by Entity Framework. 
2022-10-05 05:57:17.7511|15|DEBUG|Grpc.AspNetCore.Server.ServerCallHandler|Sending message. 
2022-10-05 05:57:17.7606|1|INFO|Microsoft.AspNetCore.Routing.EndpointMiddleware|Executed endpoint 'gRPC - /EmployeeService.v1.EmployeeService/GetAll' 
2022-10-05 05:57:17.7606|2|INFO|Microsoft.AspNetCore.Hosting.Diagnostics|Request finished HTTP/2 POST https://localhost:7127/EmployeeService.v1.EmployeeService/GetAll application/grpc - - 200 - application/grpc 409.1655ms 
2022-10-05 05:58:53.0329|36|DEBUG|Microsoft.AspNetCore.Server.Kestrel.Http2|Connection id "0HML6O145GP5F" is closing. 
2022-10-05 05:58:53.0329|48|DEBUG|Microsoft.AspNetCore.Server.Kestrel.Http2|Connection id "0HML6O145GP5F" is closed. The last processed stream ID was 31. 
2022-10-05 05:58:53.0329|6|DEBUG|Microsoft.AspNetCore.Server.Kestrel.Transport.Sockets|Connection id "0HML6O145GP5F" received FIN. 
2022-10-05 05:58:53.0329|7|DEBUG|Microsoft.AspNetCore.Server.Kestrel.Transport.Sockets|Connection id "0HML6O145GP5F" sending FIN because: "The client closed the connection." 
2022-10-05 05:58:53.0329|2|DEBUG|Microsoft.AspNetCore.Server.Kestrel.Connections|Connection id "0HML6O145GP5F" stopped. 
2022-10-05 05:59:28.0411|36|DEBUG|Microsoft.AspNetCore.Server.Kestrel.Http2|Connection id "0HML6O145GP5G" is closing. 
2022-10-05 05:59:28.0411|48|DEBUG|Microsoft.AspNetCore.Server.Kestrel.Http2|Connection id "0HML6O145GP5G" is closed. The last processed stream ID was 1. 
2022-10-05 05:59:28.0411|6|DEBUG|Microsoft.AspNetCore.Server.Kestrel.Transport.Sockets|Connection id "0HML6O145GP5G" received FIN. 
2022-10-05 05:59:28.0411|2|DEBUG|Microsoft.AspNetCore.Server.Kestrel.Connections|Connection id "0HML6O145GP5G" stopped. 
2022-10-05 05:59:28.0411|7|DEBUG|Microsoft.AspNetCore.Server.Kestrel.Transport.Sockets|Connection id "0HML6O145GP5G" sending FIN because: "The Socket transport's send loop completed gracefully." 
2022-10-05 07:58:05.7421|0|INFO|Microsoft.Hosting.Lifetime|Application is shutting down... 
2022-10-05 07:58:05.7429|3|DEBUG|Microsoft.Extensions.Hosting.Internal.Host|Hosting stopping 
2022-10-05 07:58:05.7485|4|DEBUG|Microsoft.Extensions.Hosting.Internal.Host|Hosting stopped 
