2022-11-02 09:55:04.1312|0|INFO|Microsoft.Hosting.Lifetime|Application is shutting down... 
2022-11-02 09:55:04.1312|3|DEBUG|Microsoft.Extensions.Hosting.Internal.Host|Hosting stopping 
2022-11-02 09:55:04.1378|4|DEBUG|Microsoft.Extensions.Hosting.Internal.Host|Hosting stopped 
2022-11-02 21:29:46.6334|0|DEBUG|Program|init main 
2022-11-02 21:29:46.7584|3|DEBUG|Microsoft.AspNetCore.Mvc.Razor.Compilation.DefaultViewCompiler|Initializing Razor view compiler with compiled view: '/Pages/Error.cshtml'. 
2022-11-02 21:29:46.7741|12|DEBUG|Microsoft.AspNetCore.Mvc.ModelBinding.ModelBinderFactory|Registered model binder providers, in the following order: Microsoft.AspNetCore.Mvc.Versioning.ApiVersionModelBinderProvider, Microsoft.AspNetCore.Mvc.ModelBinding.Binders.BinderTypeModelBinderProvider, Microsoft.AspNetCore.Mvc.ModelBinding.Binders.ServicesModelBinderProvider, Microsoft.AspNetCore.Mvc.ModelBinding.Binders.BodyModelBinderProvider, Microsoft.AspNetCore.Mvc.ModelBinding.Binders.HeaderModelBinderProvider, Microsoft.AspNetCore.Mvc.ModelBinding.Binders.FloatingPointTypeModelBinderProvider, Microsoft.AspNetCore.Mvc.ModelBinding.Binders.EnumTypeModelBinderProvider, Microsoft.AspNetCore.Mvc.ModelBinding.Binders.DateTimeModelBinderProvider, Microsoft.AspNetCore.Mvc.ModelBinding.Binders.SimpleTypeModelBinderProvider, Microsoft.AspNetCore.Mvc.ModelBinding.Binders.CancellationTokenModelBinderProvider, Microsoft.AspNetCore.Mvc.ModelBinding.Binders.ByteArrayModelBinderProvider, Microsoft.AspNetCore.Mvc.ModelBinding.Binders.FormFileModelBinderProvider, Microsoft.AspNetCore.Mvc.ModelBinding.Binders.FormCollectionModelBinderProvider, Microsoft.AspNetCore.Mvc.ModelBinding.Binders.KeyValuePairModelBinderProvider, Microsoft.AspNetCore.Mvc.ModelBinding.Binders.DictionaryModelBinderProvider, Microsoft.AspNetCore.Mvc.ModelBinding.Binders.ArrayModelBinderProvider, Microsoft.AspNetCore.Mvc.ModelBinding.Binders.CollectionModelBinderProvider, Microsoft.AspNetCore.Mvc.ModelBinding.Binders.ComplexObjectModelBinderProvider 
2022-11-02 21:29:46.7832|62|INFO|Microsoft.AspNetCore.DataProtection.KeyManagement.XmlKeyManager|User profile is available. Using '/home/bthomas/.aspnet/DataProtection-Keys' as key repository; keys will not be encrypted at rest. 
2022-11-02 21:29:46.8234|1|DEBUG|Microsoft.Extensions.Hosting.Internal.Host|Hosting starting 
2022-11-02 21:29:46.8234|37|DEBUG|Microsoft.AspNetCore.DataProtection.Repositories.FileSystemXmlRepository|Reading data from file '/home/bthomas/.aspnet/DataProtection-Keys/key-cf0c6397-c129-4f0d-baed-7cbbba02e4b2.xml'. 
2022-11-02 21:29:46.8234|37|DEBUG|Microsoft.AspNetCore.DataProtection.Repositories.FileSystemXmlRepository|Reading data from file '/home/bthomas/.aspnet/DataProtection-Keys/key-ba3159b0-7ca5-4d50-ba23-19f7d90d9aaa.xml'. 
2022-11-02 21:29:46.8234|37|DEBUG|Microsoft.AspNetCore.DataProtection.Repositories.FileSystemXmlRepository|Reading data from file '/home/bthomas/.aspnet/DataProtection-Keys/key-62c1834c-86f7-419a-abf4-c7af249ae278.xml'. 
2022-11-02 21:29:46.8234|37|DEBUG|Microsoft.AspNetCore.DataProtection.Repositories.FileSystemXmlRepository|Reading data from file '/home/bthomas/.aspnet/DataProtection-Keys/key-04b24c34-adeb-46fb-8794-a461c7c2c36d.xml'. 
2022-11-02 21:29:46.8257|37|DEBUG|Microsoft.AspNetCore.DataProtection.Repositories.FileSystemXmlRepository|Reading data from file '/home/bthomas/.aspnet/DataProtection-Keys/key-e9d0ea64-fe22-4a99-80bf-f8d745526a7d.xml'. 
2022-11-02 21:29:46.8257|37|DEBUG|Microsoft.AspNetCore.DataProtection.Repositories.FileSystemXmlRepository|Reading data from file '/home/bthomas/.aspnet/DataProtection-Keys/key-952f204c-ebf6-4528-a097-d33ece63c52e.xml'. 
2022-11-02 21:29:46.8257|37|DEBUG|Microsoft.AspNetCore.DataProtection.Repositories.FileSystemXmlRepository|Reading data from file '/home/bthomas/.aspnet/DataProtection-Keys/key-4695af4c-6350-4172-b2a3-5928763ff7cb.xml'. 
2022-11-02 21:29:46.8257|37|DEBUG|Microsoft.AspNetCore.DataProtection.Repositories.FileSystemXmlRepository|Reading data from file '/home/bthomas/.aspnet/DataProtection-Keys/key-af4fca88-cc4d-41ac-8af9-7fb8b9d679ab.xml'. 
2022-11-02 21:29:46.8257|37|DEBUG|Microsoft.AspNetCore.DataProtection.Repositories.FileSystemXmlRepository|Reading data from file '/home/bthomas/.aspnet/DataProtection-Keys/key-bfe6dcf0-0f89-471c-9ad2-bc56b2504eb6.xml'. 
2022-11-02 21:29:46.8257|18|DEBUG|Microsoft.AspNetCore.DataProtection.KeyManagement.XmlKeyManager|Found key {cf0c6397-c129-4f0d-baed-7cbbba02e4b2}. 
2022-11-02 21:29:46.8257|18|DEBUG|Microsoft.AspNetCore.DataProtection.KeyManagement.XmlKeyManager|Found key {ba3159b0-7ca5-4d50-ba23-19f7d90d9aaa}. 
2022-11-02 21:29:46.8257|18|DEBUG|Microsoft.AspNetCore.DataProtection.KeyManagement.XmlKeyManager|Found key {62c1834c-86f7-419a-abf4-c7af249ae278}. 
2022-11-02 21:29:46.8257|18|DEBUG|Microsoft.AspNetCore.DataProtection.KeyManagement.XmlKeyManager|Found key {04b24c34-adeb-46fb-8794-a461c7c2c36d}. 
2022-11-02 21:29:46.8257|18|DEBUG|Microsoft.AspNetCore.DataProtection.KeyManagement.XmlKeyManager|Found key {e9d0ea64-fe22-4a99-80bf-f8d745526a7d}. 
2022-11-02 21:29:46.8257|18|DEBUG|Microsoft.AspNetCore.DataProtection.KeyManagement.XmlKeyManager|Found key {952f204c-ebf6-4528-a097-d33ece63c52e}. 
2022-11-02 21:29:46.8257|18|DEBUG|Microsoft.AspNetCore.DataProtection.KeyManagement.XmlKeyManager|Found key {4695af4c-6350-4172-b2a3-5928763ff7cb}. 
2022-11-02 21:29:46.8257|18|DEBUG|Microsoft.AspNetCore.DataProtection.KeyManagement.XmlKeyManager|Found key {af4fca88-cc4d-41ac-8af9-7fb8b9d679ab}. 
2022-11-02 21:29:46.8257|18|DEBUG|Microsoft.AspNetCore.DataProtection.KeyManagement.XmlKeyManager|Found key {bfe6dcf0-0f89-471c-9ad2-bc56b2504eb6}. 
2022-11-02 21:29:46.8344|13|DEBUG|Microsoft.AspNetCore.DataProtection.KeyManagement.DefaultKeyResolver|Considering key {ba3159b0-7ca5-4d50-ba23-19f7d90d9aaa} with expiration date 2023-01-03 22:58:09Z as default key. 
2022-11-02 21:29:46.8344|0|DEBUG|Microsoft.AspNetCore.DataProtection.TypeForwardingActivator|Forwarded activator type request from Microsoft.AspNetCore.DataProtection.AuthenticatedEncryption.ConfigurationModel.AuthenticatedEncryptorDescriptorDeserializer, Microsoft.AspNetCore.DataProtection, Version=6.0.0.0, Culture=neutral, PublicKeyToken=adb9793829ddae60 to Microsoft.AspNetCore.DataProtection.AuthenticatedEncryption.ConfigurationModel.AuthenticatedEncryptorDescriptorDeserializer, Microsoft.AspNetCore.DataProtection, Culture=neutral, PublicKeyToken=adb9793829ddae60 
2022-11-02 21:29:46.8344|11|DEBUG|Microsoft.AspNetCore.DataProtection.AuthenticatedEncryption.ManagedAuthenticatedEncryptorFactory|Using managed symmetric algorithm 'System.Security.Cryptography.Aes'. 
2022-11-02 21:29:46.8344|10|DEBUG|Microsoft.AspNetCore.DataProtection.AuthenticatedEncryption.ManagedAuthenticatedEncryptorFactory|Using managed keyed hash algorithm 'System.Security.Cryptography.HMACSHA256'. 
2022-11-02 21:29:46.8403|2|DEBUG|Microsoft.AspNetCore.DataProtection.KeyManagement.KeyRingProvider|Using key {ba3159b0-7ca5-4d50-ba23-19f7d90d9aaa} as the default key. 
2022-11-02 21:29:46.8403|65|DEBUG|Microsoft.AspNetCore.DataProtection.Internal.DataProtectionHostedService|Key ring with default key {ba3159b0-7ca5-4d50-ba23-19f7d90d9aaa} was loaded during application startup. 
2022-11-02 21:29:46.8473|13|DEBUG|Microsoft.AspNetCore.Hosting.Diagnostics|Loaded hosting startup assembly ReaAccountingSys.Server 
2022-11-02 21:29:46.8473|2|DEBUG|Microsoft.Extensions.Hosting.Internal.Host|Hosting started 
2022-11-02 21:29:51.3885|1|INFO|Microsoft.AspNetCore.Hosting.Diagnostics|Request starting HTTP/1.1 POST http://localhost/api/1.0/employees/create application/json 516 
2022-11-02 21:29:51.3906|0|DEBUG|Microsoft.AspNetCore.HostFiltering.HostFilteringMiddleware|Wildcard detected, all requests with hosts will be allowed. 
2022-11-02 21:29:51.4055|1|DEBUG|Microsoft.AspNetCore.StaticFiles.StaticFileMiddleware|POST requests are not supported 
2022-11-02 21:29:51.4066|3|WARN|Microsoft.AspNetCore.HttpsPolicy.HttpsRedirectionMiddleware|Failed to determine the https port for redirect. 
2022-11-02 21:29:51.4066|1|DEBUG|Microsoft.AspNetCore.StaticFiles.StaticFileMiddleware|POST requests are not supported 
2022-11-02 21:29:51.4284|1001|DEBUG|Microsoft.AspNetCore.Routing.Matching.DfaMatcher|2 candidate(s) found for the request path '/api/1.0/employees/create' 
2022-11-02 21:29:51.4318|1005|DEBUG|Microsoft.AspNetCore.Routing.Matching.DfaMatcher|Endpoint 'ReaAccountingSys.Server.Controllers.EmployeesController.CreateEmployeeInfo (ReaAccountingSys.Server)' with route pattern 'api/{v:apiVersion}/Employees/create' is valid for the request path '/api/1.0/employees/create' 
2022-11-02 21:29:51.4318|1005|DEBUG|Microsoft.AspNetCore.Routing.Matching.DfaMatcher|Endpoint 'Fallback {*path:nonfile}' with route pattern '{*path:nonfile}' is valid for the request path '/api/1.0/employees/create' 
2022-11-02 21:29:51.4357|1|DEBUG|Microsoft.AspNetCore.Routing.EndpointRoutingMiddleware|Request matched endpoint 'ReaAccountingSys.Server.Controllers.EmployeesController.CreateEmployeeInfo (ReaAccountingSys.Server)' 
2022-11-02 21:29:51.4357|0|INFO|Microsoft.AspNetCore.Routing.EndpointMiddleware|Executing endpoint 'ReaAccountingSys.Server.Controllers.EmployeesController.CreateEmployeeInfo (ReaAccountingSys.Server)' 
2022-11-02 21:29:51.4809|3|INFO|Microsoft.AspNetCore.Mvc.Infrastructure.ControllerActionInvoker|Route matched with {action = "CreateEmployeeInfo", controller = "Employees", page = ""}. Executing controller action with signature System.Threading.Tasks.Task`1[Microsoft.AspNetCore.Mvc.IActionResult] CreateEmployeeInfo(ReaAccountingSys.Shared.WriteModels.HumanResources.EmployeeWriteModel) on controller ReaAccountingSys.Server.Controllers.EmployeesController (ReaAccountingSys.Server). 
2022-11-02 21:29:51.4828|1|DEBUG|Microsoft.AspNetCore.Mvc.Infrastructure.ControllerActionInvoker|Execution plan of authorization filters (in the following order): None 
2022-11-02 21:29:51.4828|1|DEBUG|Microsoft.AspNetCore.Mvc.Infrastructure.ControllerActionInvoker|Execution plan of resource filters (in the following order): Microsoft.AspNetCore.Mvc.ViewFeatures.Filters.SaveTempDataFilter 
2022-11-02 21:29:51.4828|1|DEBUG|Microsoft.AspNetCore.Mvc.Infrastructure.ControllerActionInvoker|Execution plan of action filters (in the following order): Microsoft.AspNetCore.Mvc.ModelBinding.UnsupportedContentTypeFilter (Order: -3000), Microsoft.AspNetCore.Mvc.Infrastructure.ModelStateInvalidFilter (Order: -2000), Microsoft.AspNetCore.Mvc.ReportApiVersionsAttribute (Order: 0) 
2022-11-02 21:29:51.4828|1|DEBUG|Microsoft.AspNetCore.Mvc.Infrastructure.ControllerActionInvoker|Execution plan of exception filters (in the following order): None 
2022-11-02 21:29:51.4828|1|DEBUG|Microsoft.AspNetCore.Mvc.Infrastructure.ControllerActionInvoker|Execution plan of result filters (in the following order): Microsoft.AspNetCore.Mvc.ViewFeatures.Filters.SaveTempDataFilter, Microsoft.AspNetCore.Mvc.Infrastructure.ClientErrorResultFilter (Order: -2000), Microsoft.AspNetCore.Mvc.ReportApiVersionsAttribute (Order: 0) 
2022-11-02 21:29:51.4828|1|DEBUG|Microsoft.AspNetCore.Mvc.Infrastructure.ControllerActionInvoker|Executing controller factory for controller ReaAccountingSys.Server.Controllers.EmployeesController (ReaAccountingSys.Server) 
2022-11-02 21:29:51.5603|10401|DEBUG|Microsoft.EntityFrameworkCore.Infrastructure|An 'IServiceProvider' was created for internal use by Entity Framework. 
2022-11-02 21:29:51.5801|2|DEBUG|Microsoft.AspNetCore.Mvc.Infrastructure.ControllerActionInvoker|Executed controller factory for controller ReaAccountingSys.Server.Controllers.EmployeesController (ReaAccountingSys.Server) 
2022-11-02 21:29:51.5826|22|DEBUG|Microsoft.AspNetCore.Mvc.ModelBinding.ParameterBinder|Attempting to bind parameter 'writeModel' of type 'ReaAccountingSys.Shared.WriteModels.HumanResources.EmployeeWriteModel' ... 
2022-11-02 21:29:51.5826|44|DEBUG|Microsoft.AspNetCore.Mvc.ModelBinding.Binders.BodyModelBinder|Attempting to bind parameter 'writeModel' of type 'ReaAccountingSys.Shared.WriteModels.HumanResources.EmployeeWriteModel' using the name '' in request data ... 
2022-11-02 21:29:51.5826|1|DEBUG|Microsoft.AspNetCore.Mvc.ModelBinding.Binders.BodyModelBinder|Selected input formatter 'Microsoft.AspNetCore.Mvc.Formatters.SystemTextJsonInputFormatter' for content type 'application/json'. 
2022-11-02 21:29:51.5924|2|DEBUG|Microsoft.AspNetCore.Mvc.Formatters.SystemTextJsonInputFormatter|JSON input formatter succeeded, deserializing to type 'ReaAccountingSys.Shared.WriteModels.HumanResources.EmployeeWriteModel' 
2022-11-02 21:29:51.5924|45|DEBUG|Microsoft.AspNetCore.Mvc.ModelBinding.Binders.BodyModelBinder|Done attempting to bind parameter 'writeModel' of type 'ReaAccountingSys.Shared.WriteModels.HumanResources.EmployeeWriteModel'. 
2022-11-02 21:29:51.5924|23|DEBUG|Microsoft.AspNetCore.Mvc.ModelBinding.ParameterBinder|Done attempting to bind parameter 'writeModel' of type 'ReaAccountingSys.Shared.WriteModels.HumanResources.EmployeeWriteModel'. 
2022-11-02 21:29:51.5924|26|DEBUG|Microsoft.AspNetCore.Mvc.ModelBinding.ParameterBinder|Attempting to validate the bound parameter 'writeModel' of type 'ReaAccountingSys.Shared.WriteModels.HumanResources.EmployeeWriteModel' ... 
2022-11-02 21:29:51.5986|27|DEBUG|Microsoft.AspNetCore.Mvc.ModelBinding.ParameterBinder|Done attempting to validate the bound parameter 'writeModel' of type 'ReaAccountingSys.Shared.WriteModels.HumanResources.EmployeeWriteModel'. 
2022-11-02 21:33:39.8254|10400|WARN|Microsoft.EntityFrameworkCore.Model.Validation|Sensitive data logging is enabled. Log entries and exception messages may include sensitive application data; this mode should only be enabled during development. 
2022-11-02 21:33:39.8324|10600|DEBUG|Microsoft.EntityFrameworkCore.Model.Validation|The property 'Address.EmployeeId' was created in shadow state because there are no eligible CLR members with a matching name. 
2022-11-02 21:33:39.8324|10600|DEBUG|Microsoft.EntityFrameworkCore.Model.Validation|The property 'PersonName.EmployeeId' was created in shadow state because there are no eligible CLR members with a matching name. 
2022-11-02 21:33:40.0174|10403|INFO|Microsoft.EntityFrameworkCore.Infrastructure|Entity Framework Core 6.0.9 initialized 'AppDbContext' using provider 'Microsoft.EntityFrameworkCore.SqlServer:6.0.9' with options: SensitiveDataLoggingEnabled DetailedErrorsEnabled MigrationsAssembly=Infrastructure, Version=1.0.0.0, Culture=neutral, PublicKeyToken=null using lazy loading proxies  
2022-11-02 21:33:40.0926|10111|DEBUG|Microsoft.EntityFrameworkCore.Query|Compiling query expression: 
'DbSet<Employee>()
    .FirstOrDefault(e => object.Equals(
        objA: EF.Property<object>(e, "Id"), 
        objB: (object)__get_Item_0))' 
2022-11-02 21:33:40.1737|10112|DEBUG|Microsoft.EntityFrameworkCore.Query|Including navigation: 'Employee.EmployeeAddress'. 
2022-11-02 21:33:40.1737|10112|DEBUG|Microsoft.EntityFrameworkCore.Query|Including navigation: 'Employee.EmployeeName'. 
2022-11-02 21:33:40.3604|10107|DEBUG|Microsoft.EntityFrameworkCore.Query|Generated query execution expression: 
'queryContext => ShapedQueryCompilingExpressionVisitor.SingleOrDefaultAsync<Employee>(
    asyncEnumerable: new SingleQueryingEnumerable<Employee>(
        (RelationalQueryContext)queryContext, 
        RelationalCommandCache.SelectExpression(
            Client Projections:
                0 -> Dictionary<IProperty, int> { [Property: Employee.Id (Guid) Required PK FK AfterSave:Throw, 0], [Property: Employee.CreatedDate (DateTime) Required, 1], [Property: Employee.EmailAddress (EmailAddress) Required, 2], [Property: Employee.EmployeePayRate (PayRate) Required, 3], [Property: Employee.EmployeeTelephone (PhoneNumber) Required, 4], [Property: Employee.EmployeeType (EmployeeTypeEnum) Required, 5], [Property: Employee.EmploymentDate (StartDate) Required, 6], [Property: Employee.IsActive (bool) Required, 7], [Property: Employee.IsSupervisor (bool) Required, 8], [Property: Employee.LastModifiedDate (DateTime?), 9], [Property: Employee.MaritalStatus (MaritalStatus) Required, 10], [Property: Employee.SSN (SocialSecurityNumber) Required, 11], [Property: Employee.SupervisorId (Guid) Required, 12], [Property: Employee.TaxExemptions (TaxExemption) Required, 13] }
                1 -> Dictionary<IProperty, int> { [Property: Address.EmployeeId (no field, Guid) Shadow Required PK FK AfterSave:Throw, 0], [Property: Address.AddressLine1 (string) Required, 14], [Property: Address.AddressLine2 (string), 15], [Property: Address.City (string) Required, 16], [Property: Address.StateCode (string) Required, 17], [Property: Address.Zipcode (string) Required, 18] }
                2 -> Dictionary<IProperty, int> { [Property: PersonName.EmployeeId (no field, Guid) Shadow Required PK FK AfterSave:Throw, 0], [Property: PersonName.FirstName (string) Required, 19], [Property: PersonName.LastName (string) Required, 20], [Property: PersonName.MiddleInitial (string), 21] }
            SELECT TOP(1) e.EmployeeId, e.CreatedDate, e.EmailAddress, e.PayRate, e.Telephone, e.EmployeeTypeId, e.StartDate, e.IsActive, e.IsSupervisor, e.LastModifiedDate, e.MaritalStatus, e.SSN, e.SupervisorId, e.Exemptions, e.AddressLine1, e.AddressLine2, e.City, e.StateCode, e.Zipcode, e.FirstName, e.LastName, e.MiddleInitial
            FROM HumanResources.Employees AS e
            WHERE e.EmployeeId == @__get_Item_0), 
        Func<QueryContext, DbDataReader, ResultContext, SingleQueryResultCoordinator, Employee>, 
        ReaAccountingSys.Infrastructure.Persistence.DatabaseContext.AppDbContext, 
        False, 
        True, 
        True
    ), 
    cancellationToken: queryContext.CancellationToken)' 
2022-11-02 21:33:40.4081|20103|DEBUG|Microsoft.EntityFrameworkCore.Database.Command|Creating DbCommand for 'ExecuteReader'. 
2022-11-02 21:33:40.4142|20104|DEBUG|Microsoft.EntityFrameworkCore.Database.Command|Created DbCommand for 'ExecuteReader' (4ms). 
2022-11-02 21:33:40.4222|20000|DEBUG|Microsoft.EntityFrameworkCore.Database.Connection|Opening connection to database 'Pipefitters_Test' on server 'tcp:mssql-server,1433'. 
2022-11-02 21:33:40.4222|20001|DEBUG|Microsoft.EntityFrameworkCore.Database.Connection|Opened connection to database 'Pipefitters_Test' on server 'tcp:mssql-server,1433'. 
2022-11-02 21:33:40.4339|20100|DEBUG|Microsoft.EntityFrameworkCore.Database.Command|Executing DbCommand [Parameters=[@__get_Item_0='c3f43fa9-6761-4a60-8194-3317569bf20d' (Nullable = true)], CommandType='Text', CommandTimeout='30']
SELECT TOP(1) [e].[EmployeeId], [e].[CreatedDate], [e].[EmailAddress], [e].[PayRate], [e].[Telephone], [e].[EmployeeTypeId], [e].[StartDate], [e].[IsActive], [e].[IsSupervisor], [e].[LastModifiedDate], [e].[MaritalStatus], [e].[SSN], [e].[SupervisorId], [e].[Exemptions], [e].[AddressLine1], [e].[AddressLine2], [e].[City], [e].[StateCode], [e].[Zipcode], [e].[FirstName], [e].[LastName], [e].[MiddleInitial]
FROM [HumanResources].[Employees] AS [e]
WHERE [e].[EmployeeId] = @__get_Item_0 
2022-11-02 21:33:40.4661|20101|INFO|Microsoft.EntityFrameworkCore.Database.Command|Executed DbCommand (33ms) [Parameters=[@__get_Item_0='c3f43fa9-6761-4a60-8194-3317569bf20d' (Nullable = true)], CommandType='Text', CommandTimeout='30']
SELECT TOP(1) [e].[EmployeeId], [e].[CreatedDate], [e].[EmailAddress], [e].[PayRate], [e].[Telephone], [e].[EmployeeTypeId], [e].[StartDate], [e].[IsActive], [e].[IsSupervisor], [e].[LastModifiedDate], [e].[MaritalStatus], [e].[SSN], [e].[SupervisorId], [e].[Exemptions], [e].[AddressLine1], [e].[AddressLine2], [e].[City], [e].[StateCode], [e].[Zipcode], [e].[FirstName], [e].[LastName], [e].[MiddleInitial]
FROM [HumanResources].[Employees] AS [e]
WHERE [e].[EmployeeId] = @__get_Item_0 
2022-11-02 21:33:40.4809|20300|DEBUG|Microsoft.EntityFrameworkCore.Database.Command|A data reader was disposed. 
2022-11-02 21:33:40.4862|20002|DEBUG|Microsoft.EntityFrameworkCore.Database.Connection|Closing connection to database 'Pipefitters_Test' on server 'tcp:mssql-server,1433'. 
2022-11-02 21:33:40.4862|20003|DEBUG|Microsoft.EntityFrameworkCore.Database.Connection|Closed connection to database 'Pipefitters_Test' on server 'tcp:mssql-server,1433'. 
2022-11-02 21:33:40.5608|10806|DEBUG|Microsoft.EntityFrameworkCore.ChangeTracking|Context 'AppDbContext' started tracking 'ExternalAgent' entity with key '{Id: c3f43fa9-6761-4a60-8194-3317569bf20d}'. 
2022-11-02 21:33:40.5921|10806|DEBUG|Microsoft.EntityFrameworkCore.ChangeTracking|Context 'AppDbContext' started tracking 'Employee' entity with key '{Id: c3f43fa9-6761-4a60-8194-3317569bf20d}'. 
2022-11-02 21:33:40.6056|10806|DEBUG|Microsoft.EntityFrameworkCore.ChangeTracking|Context 'AppDbContext' started tracking 'Address' entity with key '{EmployeeId: c3f43fa9-6761-4a60-8194-3317569bf20d}'. 
2022-11-02 21:33:40.6100|10806|DEBUG|Microsoft.EntityFrameworkCore.ChangeTracking|Context 'AppDbContext' started tracking 'PersonName' entity with key '{EmployeeId: c3f43fa9-6761-4a60-8194-3317569bf20d}'. 
